ARM GAS  /var/folders/kr/g9ry2bg56g773797gdtkvvkw0000gn/T//cc8XLnWo.s 			page 1


   1              		.cpu cortex-m0
   2              		.arch armv6s-m
   3              		.fpu softvfp
   4              		.eabi_attribute 20, 1
   5              		.eabi_attribute 21, 1
   6              		.eabi_attribute 23, 3
   7              		.eabi_attribute 24, 1
   8              		.eabi_attribute 25, 1
   9              		.eabi_attribute 26, 1
  10              		.eabi_attribute 30, 1
  11              		.eabi_attribute 34, 0
  12              		.eabi_attribute 18, 4
  13              		.file	"stm32f0xx_hal_exti.c"
  14              		.text
  15              	.Ltext0:
  16              		.cfi_sections	.debug_frame
  17              		.file 1 "Drivers/STM32F0xx_HAL_Driver/Src/stm32f0xx_hal_exti.c"
  18              		.section	.text.HAL_EXTI_SetConfigLine,"ax",%progbits
  19              		.align	1
  20              		.global	HAL_EXTI_SetConfigLine
  21              		.syntax unified
  22              		.code	16
  23              		.thumb_func
  25              	HAL_EXTI_SetConfigLine:
  26              	.LVL0:
  27              	.LFB40:
   1:Drivers/STM32F0xx_HAL_Driver/Src/stm32f0xx_hal_exti.c **** /**
   2:Drivers/STM32F0xx_HAL_Driver/Src/stm32f0xx_hal_exti.c ****   ******************************************************************************
   3:Drivers/STM32F0xx_HAL_Driver/Src/stm32f0xx_hal_exti.c ****   * @file    stm32f0xx_hal_exti.c
   4:Drivers/STM32F0xx_HAL_Driver/Src/stm32f0xx_hal_exti.c ****   * @author  MCD Application Team
   5:Drivers/STM32F0xx_HAL_Driver/Src/stm32f0xx_hal_exti.c ****   * @brief   EXTI HAL module driver.
   6:Drivers/STM32F0xx_HAL_Driver/Src/stm32f0xx_hal_exti.c ****   *          This file provides firmware functions to manage the following
   7:Drivers/STM32F0xx_HAL_Driver/Src/stm32f0xx_hal_exti.c ****   *          functionalities of the Extended Interrupts and events controller (EXTI) peripheral:
   8:Drivers/STM32F0xx_HAL_Driver/Src/stm32f0xx_hal_exti.c ****   *           + Initialization and de-initialization functions
   9:Drivers/STM32F0xx_HAL_Driver/Src/stm32f0xx_hal_exti.c ****   *           + IO operation functions
  10:Drivers/STM32F0xx_HAL_Driver/Src/stm32f0xx_hal_exti.c ****   *
  11:Drivers/STM32F0xx_HAL_Driver/Src/stm32f0xx_hal_exti.c ****   @verbatim
  12:Drivers/STM32F0xx_HAL_Driver/Src/stm32f0xx_hal_exti.c ****   ==============================================================================
  13:Drivers/STM32F0xx_HAL_Driver/Src/stm32f0xx_hal_exti.c ****                     ##### EXTI Peripheral features #####
  14:Drivers/STM32F0xx_HAL_Driver/Src/stm32f0xx_hal_exti.c ****   ==============================================================================
  15:Drivers/STM32F0xx_HAL_Driver/Src/stm32f0xx_hal_exti.c ****   [..]
  16:Drivers/STM32F0xx_HAL_Driver/Src/stm32f0xx_hal_exti.c ****     (+) Each Exti line can be configured within this driver.
  17:Drivers/STM32F0xx_HAL_Driver/Src/stm32f0xx_hal_exti.c **** 
  18:Drivers/STM32F0xx_HAL_Driver/Src/stm32f0xx_hal_exti.c ****     (+) Exti line can be configured in 3 different modes
  19:Drivers/STM32F0xx_HAL_Driver/Src/stm32f0xx_hal_exti.c ****         (++) Interrupt
  20:Drivers/STM32F0xx_HAL_Driver/Src/stm32f0xx_hal_exti.c ****         (++) Event
  21:Drivers/STM32F0xx_HAL_Driver/Src/stm32f0xx_hal_exti.c ****         (++) Both of them
  22:Drivers/STM32F0xx_HAL_Driver/Src/stm32f0xx_hal_exti.c **** 
  23:Drivers/STM32F0xx_HAL_Driver/Src/stm32f0xx_hal_exti.c ****     (+) Configurable Exti lines can be configured with 3 different triggers
  24:Drivers/STM32F0xx_HAL_Driver/Src/stm32f0xx_hal_exti.c ****         (++) Rising
  25:Drivers/STM32F0xx_HAL_Driver/Src/stm32f0xx_hal_exti.c ****         (++) Falling
  26:Drivers/STM32F0xx_HAL_Driver/Src/stm32f0xx_hal_exti.c ****         (++) Both of them
  27:Drivers/STM32F0xx_HAL_Driver/Src/stm32f0xx_hal_exti.c **** 
  28:Drivers/STM32F0xx_HAL_Driver/Src/stm32f0xx_hal_exti.c ****     (+) When set in interrupt mode, configurable Exti lines have two different
  29:Drivers/STM32F0xx_HAL_Driver/Src/stm32f0xx_hal_exti.c ****         interrupts pending registers which allow to distinguish which transition
  30:Drivers/STM32F0xx_HAL_Driver/Src/stm32f0xx_hal_exti.c ****         occurs:
  31:Drivers/STM32F0xx_HAL_Driver/Src/stm32f0xx_hal_exti.c ****         (++) Rising edge pending interrupt
ARM GAS  /var/folders/kr/g9ry2bg56g773797gdtkvvkw0000gn/T//cc8XLnWo.s 			page 2


  32:Drivers/STM32F0xx_HAL_Driver/Src/stm32f0xx_hal_exti.c ****         (++) Falling
  33:Drivers/STM32F0xx_HAL_Driver/Src/stm32f0xx_hal_exti.c **** 
  34:Drivers/STM32F0xx_HAL_Driver/Src/stm32f0xx_hal_exti.c ****     (+) Exti lines 0 to 15 are linked to gpio pin number 0 to 15. Gpio port can
  35:Drivers/STM32F0xx_HAL_Driver/Src/stm32f0xx_hal_exti.c ****         be selected through multiplexer.
  36:Drivers/STM32F0xx_HAL_Driver/Src/stm32f0xx_hal_exti.c **** 
  37:Drivers/STM32F0xx_HAL_Driver/Src/stm32f0xx_hal_exti.c ****                      ##### How to use this driver #####
  38:Drivers/STM32F0xx_HAL_Driver/Src/stm32f0xx_hal_exti.c ****   ==============================================================================
  39:Drivers/STM32F0xx_HAL_Driver/Src/stm32f0xx_hal_exti.c ****   [..]
  40:Drivers/STM32F0xx_HAL_Driver/Src/stm32f0xx_hal_exti.c **** 
  41:Drivers/STM32F0xx_HAL_Driver/Src/stm32f0xx_hal_exti.c ****     (#) Configure the EXTI line using HAL_EXTI_SetConfigLine().
  42:Drivers/STM32F0xx_HAL_Driver/Src/stm32f0xx_hal_exti.c ****         (++) Choose the interrupt line number by setting "Line" member from
  43:Drivers/STM32F0xx_HAL_Driver/Src/stm32f0xx_hal_exti.c ****              EXTI_ConfigTypeDef structure.
  44:Drivers/STM32F0xx_HAL_Driver/Src/stm32f0xx_hal_exti.c ****         (++) Configure the interrupt and/or event mode using "Mode" member from
  45:Drivers/STM32F0xx_HAL_Driver/Src/stm32f0xx_hal_exti.c ****              EXTI_ConfigTypeDef structure.
  46:Drivers/STM32F0xx_HAL_Driver/Src/stm32f0xx_hal_exti.c ****         (++) For configurable lines, configure rising and/or falling trigger
  47:Drivers/STM32F0xx_HAL_Driver/Src/stm32f0xx_hal_exti.c ****              "Trigger" member from EXTI_ConfigTypeDef structure.
  48:Drivers/STM32F0xx_HAL_Driver/Src/stm32f0xx_hal_exti.c ****         (++) For Exti lines linked to gpio, choose gpio port using "GPIOSel"
  49:Drivers/STM32F0xx_HAL_Driver/Src/stm32f0xx_hal_exti.c ****              member from GPIO_InitTypeDef structure.
  50:Drivers/STM32F0xx_HAL_Driver/Src/stm32f0xx_hal_exti.c **** 
  51:Drivers/STM32F0xx_HAL_Driver/Src/stm32f0xx_hal_exti.c ****     (#) Get current Exti configuration of a dedicated line using
  52:Drivers/STM32F0xx_HAL_Driver/Src/stm32f0xx_hal_exti.c ****         HAL_EXTI_GetConfigLine().
  53:Drivers/STM32F0xx_HAL_Driver/Src/stm32f0xx_hal_exti.c ****         (++) Provide exiting handle as parameter.
  54:Drivers/STM32F0xx_HAL_Driver/Src/stm32f0xx_hal_exti.c ****         (++) Provide pointer on EXTI_ConfigTypeDef structure as second parameter.
  55:Drivers/STM32F0xx_HAL_Driver/Src/stm32f0xx_hal_exti.c **** 
  56:Drivers/STM32F0xx_HAL_Driver/Src/stm32f0xx_hal_exti.c ****     (#) Clear Exti configuration of a dedicated line using HAL_EXTI_GetConfigLine().
  57:Drivers/STM32F0xx_HAL_Driver/Src/stm32f0xx_hal_exti.c ****         (++) Provide exiting handle as parameter.
  58:Drivers/STM32F0xx_HAL_Driver/Src/stm32f0xx_hal_exti.c **** 
  59:Drivers/STM32F0xx_HAL_Driver/Src/stm32f0xx_hal_exti.c ****     (#) Register callback to treat Exti interrupts using HAL_EXTI_RegisterCallback().
  60:Drivers/STM32F0xx_HAL_Driver/Src/stm32f0xx_hal_exti.c ****         (++) Provide exiting handle as first parameter.
  61:Drivers/STM32F0xx_HAL_Driver/Src/stm32f0xx_hal_exti.c ****         (++) Provide which callback will be registered using one value from
  62:Drivers/STM32F0xx_HAL_Driver/Src/stm32f0xx_hal_exti.c ****              EXTI_CallbackIDTypeDef.
  63:Drivers/STM32F0xx_HAL_Driver/Src/stm32f0xx_hal_exti.c ****         (++) Provide callback function pointer.
  64:Drivers/STM32F0xx_HAL_Driver/Src/stm32f0xx_hal_exti.c **** 
  65:Drivers/STM32F0xx_HAL_Driver/Src/stm32f0xx_hal_exti.c ****     (#) Get interrupt pending bit using HAL_EXTI_GetPending().
  66:Drivers/STM32F0xx_HAL_Driver/Src/stm32f0xx_hal_exti.c **** 
  67:Drivers/STM32F0xx_HAL_Driver/Src/stm32f0xx_hal_exti.c ****     (#) Clear interrupt pending bit using HAL_EXTI_GetPending().
  68:Drivers/STM32F0xx_HAL_Driver/Src/stm32f0xx_hal_exti.c **** 
  69:Drivers/STM32F0xx_HAL_Driver/Src/stm32f0xx_hal_exti.c ****     (#) Generate software interrupt using HAL_EXTI_GenerateSWI().
  70:Drivers/STM32F0xx_HAL_Driver/Src/stm32f0xx_hal_exti.c **** 
  71:Drivers/STM32F0xx_HAL_Driver/Src/stm32f0xx_hal_exti.c ****   @endverbatim
  72:Drivers/STM32F0xx_HAL_Driver/Src/stm32f0xx_hal_exti.c ****   ******************************************************************************
  73:Drivers/STM32F0xx_HAL_Driver/Src/stm32f0xx_hal_exti.c ****   * @attention
  74:Drivers/STM32F0xx_HAL_Driver/Src/stm32f0xx_hal_exti.c ****   *
  75:Drivers/STM32F0xx_HAL_Driver/Src/stm32f0xx_hal_exti.c ****   * <h2><center>&copy; Copyright (c) 2019 STMicroelectronics.
  76:Drivers/STM32F0xx_HAL_Driver/Src/stm32f0xx_hal_exti.c ****   * All rights reserved.</center></h2>
  77:Drivers/STM32F0xx_HAL_Driver/Src/stm32f0xx_hal_exti.c ****   *
  78:Drivers/STM32F0xx_HAL_Driver/Src/stm32f0xx_hal_exti.c ****   * This software component is licensed by ST under BSD 3-Clause license,
  79:Drivers/STM32F0xx_HAL_Driver/Src/stm32f0xx_hal_exti.c ****   * the "License"; You may not use this file except in compliance with the
  80:Drivers/STM32F0xx_HAL_Driver/Src/stm32f0xx_hal_exti.c ****   * License. You may obtain a copy of the License at:
  81:Drivers/STM32F0xx_HAL_Driver/Src/stm32f0xx_hal_exti.c ****   *                        opensource.org/licenses/BSD-3-Clause
  82:Drivers/STM32F0xx_HAL_Driver/Src/stm32f0xx_hal_exti.c ****   *
  83:Drivers/STM32F0xx_HAL_Driver/Src/stm32f0xx_hal_exti.c ****   ******************************************************************************
  84:Drivers/STM32F0xx_HAL_Driver/Src/stm32f0xx_hal_exti.c ****   */
  85:Drivers/STM32F0xx_HAL_Driver/Src/stm32f0xx_hal_exti.c **** 
  86:Drivers/STM32F0xx_HAL_Driver/Src/stm32f0xx_hal_exti.c **** /* Includes ------------------------------------------------------------------*/
  87:Drivers/STM32F0xx_HAL_Driver/Src/stm32f0xx_hal_exti.c **** #include "stm32f0xx_hal.h"
  88:Drivers/STM32F0xx_HAL_Driver/Src/stm32f0xx_hal_exti.c **** 
ARM GAS  /var/folders/kr/g9ry2bg56g773797gdtkvvkw0000gn/T//cc8XLnWo.s 			page 3


  89:Drivers/STM32F0xx_HAL_Driver/Src/stm32f0xx_hal_exti.c **** /** @addtogroup STM32F0xx_HAL_Driver
  90:Drivers/STM32F0xx_HAL_Driver/Src/stm32f0xx_hal_exti.c ****   * @{
  91:Drivers/STM32F0xx_HAL_Driver/Src/stm32f0xx_hal_exti.c ****   */
  92:Drivers/STM32F0xx_HAL_Driver/Src/stm32f0xx_hal_exti.c **** 
  93:Drivers/STM32F0xx_HAL_Driver/Src/stm32f0xx_hal_exti.c **** /** @addtogroup EXTI
  94:Drivers/STM32F0xx_HAL_Driver/Src/stm32f0xx_hal_exti.c ****   * @{
  95:Drivers/STM32F0xx_HAL_Driver/Src/stm32f0xx_hal_exti.c ****   */
  96:Drivers/STM32F0xx_HAL_Driver/Src/stm32f0xx_hal_exti.c **** /** MISRA C:2012 deviation rule has been granted for following rule:
  97:Drivers/STM32F0xx_HAL_Driver/Src/stm32f0xx_hal_exti.c ****   * Rule-18.1_b - Medium: Array `EXTICR' 1st subscript interval [0,7] may be out
  98:Drivers/STM32F0xx_HAL_Driver/Src/stm32f0xx_hal_exti.c ****   * of bounds [0,3] in following API :
  99:Drivers/STM32F0xx_HAL_Driver/Src/stm32f0xx_hal_exti.c ****   * HAL_EXTI_SetConfigLine
 100:Drivers/STM32F0xx_HAL_Driver/Src/stm32f0xx_hal_exti.c ****   * HAL_EXTI_GetConfigLine
 101:Drivers/STM32F0xx_HAL_Driver/Src/stm32f0xx_hal_exti.c ****   * HAL_EXTI_ClearConfigLine
 102:Drivers/STM32F0xx_HAL_Driver/Src/stm32f0xx_hal_exti.c ****   */
 103:Drivers/STM32F0xx_HAL_Driver/Src/stm32f0xx_hal_exti.c **** 
 104:Drivers/STM32F0xx_HAL_Driver/Src/stm32f0xx_hal_exti.c **** #ifdef HAL_EXTI_MODULE_ENABLED
 105:Drivers/STM32F0xx_HAL_Driver/Src/stm32f0xx_hal_exti.c **** 
 106:Drivers/STM32F0xx_HAL_Driver/Src/stm32f0xx_hal_exti.c **** /* Private typedef -----------------------------------------------------------*/
 107:Drivers/STM32F0xx_HAL_Driver/Src/stm32f0xx_hal_exti.c **** /* Private defines -----------------------------------------------------------*/
 108:Drivers/STM32F0xx_HAL_Driver/Src/stm32f0xx_hal_exti.c **** /** @defgroup EXTI_Private_Constants EXTI Private Constants
 109:Drivers/STM32F0xx_HAL_Driver/Src/stm32f0xx_hal_exti.c ****   * @{
 110:Drivers/STM32F0xx_HAL_Driver/Src/stm32f0xx_hal_exti.c ****   */
 111:Drivers/STM32F0xx_HAL_Driver/Src/stm32f0xx_hal_exti.c **** 
 112:Drivers/STM32F0xx_HAL_Driver/Src/stm32f0xx_hal_exti.c **** /**
 113:Drivers/STM32F0xx_HAL_Driver/Src/stm32f0xx_hal_exti.c ****   * @}
 114:Drivers/STM32F0xx_HAL_Driver/Src/stm32f0xx_hal_exti.c ****   */
 115:Drivers/STM32F0xx_HAL_Driver/Src/stm32f0xx_hal_exti.c **** 
 116:Drivers/STM32F0xx_HAL_Driver/Src/stm32f0xx_hal_exti.c **** /* Private macros ------------------------------------------------------------*/
 117:Drivers/STM32F0xx_HAL_Driver/Src/stm32f0xx_hal_exti.c **** /* Private variables ---------------------------------------------------------*/
 118:Drivers/STM32F0xx_HAL_Driver/Src/stm32f0xx_hal_exti.c **** /* Private function prototypes -----------------------------------------------*/
 119:Drivers/STM32F0xx_HAL_Driver/Src/stm32f0xx_hal_exti.c **** /* Exported functions --------------------------------------------------------*/
 120:Drivers/STM32F0xx_HAL_Driver/Src/stm32f0xx_hal_exti.c **** 
 121:Drivers/STM32F0xx_HAL_Driver/Src/stm32f0xx_hal_exti.c **** /** @addtogroup EXTI_Exported_Functions
 122:Drivers/STM32F0xx_HAL_Driver/Src/stm32f0xx_hal_exti.c ****   * @{
 123:Drivers/STM32F0xx_HAL_Driver/Src/stm32f0xx_hal_exti.c ****   */
 124:Drivers/STM32F0xx_HAL_Driver/Src/stm32f0xx_hal_exti.c **** 
 125:Drivers/STM32F0xx_HAL_Driver/Src/stm32f0xx_hal_exti.c **** /** @addtogroup EXTI_Exported_Functions_Group1
 126:Drivers/STM32F0xx_HAL_Driver/Src/stm32f0xx_hal_exti.c ****   *  @brief    Configuration functions
 127:Drivers/STM32F0xx_HAL_Driver/Src/stm32f0xx_hal_exti.c ****   *
 128:Drivers/STM32F0xx_HAL_Driver/Src/stm32f0xx_hal_exti.c **** @verbatim
 129:Drivers/STM32F0xx_HAL_Driver/Src/stm32f0xx_hal_exti.c ****  ===============================================================================
 130:Drivers/STM32F0xx_HAL_Driver/Src/stm32f0xx_hal_exti.c ****               ##### Configuration functions #####
 131:Drivers/STM32F0xx_HAL_Driver/Src/stm32f0xx_hal_exti.c ****  ===============================================================================
 132:Drivers/STM32F0xx_HAL_Driver/Src/stm32f0xx_hal_exti.c **** 
 133:Drivers/STM32F0xx_HAL_Driver/Src/stm32f0xx_hal_exti.c **** @endverbatim
 134:Drivers/STM32F0xx_HAL_Driver/Src/stm32f0xx_hal_exti.c ****   * @{
 135:Drivers/STM32F0xx_HAL_Driver/Src/stm32f0xx_hal_exti.c ****   */
 136:Drivers/STM32F0xx_HAL_Driver/Src/stm32f0xx_hal_exti.c **** 
 137:Drivers/STM32F0xx_HAL_Driver/Src/stm32f0xx_hal_exti.c **** /**
 138:Drivers/STM32F0xx_HAL_Driver/Src/stm32f0xx_hal_exti.c ****   * @brief  Set configuration of a dedicated Exti line.
 139:Drivers/STM32F0xx_HAL_Driver/Src/stm32f0xx_hal_exti.c ****   * @param  hexti Exti handle.
 140:Drivers/STM32F0xx_HAL_Driver/Src/stm32f0xx_hal_exti.c ****   * @param  pExtiConfig Pointer on EXTI configuration to be set.
 141:Drivers/STM32F0xx_HAL_Driver/Src/stm32f0xx_hal_exti.c ****   * @retval HAL Status.
 142:Drivers/STM32F0xx_HAL_Driver/Src/stm32f0xx_hal_exti.c ****   */
 143:Drivers/STM32F0xx_HAL_Driver/Src/stm32f0xx_hal_exti.c **** HAL_StatusTypeDef HAL_EXTI_SetConfigLine(EXTI_HandleTypeDef *hexti, EXTI_ConfigTypeDef *pExtiConfig
 144:Drivers/STM32F0xx_HAL_Driver/Src/stm32f0xx_hal_exti.c **** {
  28              		.loc 1 144 1 view -0
ARM GAS  /var/folders/kr/g9ry2bg56g773797gdtkvvkw0000gn/T//cc8XLnWo.s 			page 4


  29              		.cfi_startproc
  30              		@ args = 0, pretend = 0, frame = 0
  31              		@ frame_needed = 0, uses_anonymous_args = 0
  32              		.loc 1 144 1 is_stmt 0 view .LVU1
  33 0000 70B5     		push	{r4, r5, r6, lr}
  34              	.LCFI0:
  35              		.cfi_def_cfa_offset 16
  36              		.cfi_offset 4, -16
  37              		.cfi_offset 5, -12
  38              		.cfi_offset 6, -8
  39              		.cfi_offset 14, -4
 145:Drivers/STM32F0xx_HAL_Driver/Src/stm32f0xx_hal_exti.c ****   uint32_t regval;
  40              		.loc 1 145 3 is_stmt 1 view .LVU2
 146:Drivers/STM32F0xx_HAL_Driver/Src/stm32f0xx_hal_exti.c ****   uint32_t linepos;
  41              		.loc 1 146 3 view .LVU3
 147:Drivers/STM32F0xx_HAL_Driver/Src/stm32f0xx_hal_exti.c ****   uint32_t maskline;
  42              		.loc 1 147 3 view .LVU4
 148:Drivers/STM32F0xx_HAL_Driver/Src/stm32f0xx_hal_exti.c **** 
 149:Drivers/STM32F0xx_HAL_Driver/Src/stm32f0xx_hal_exti.c ****   /* Check null pointer */
 150:Drivers/STM32F0xx_HAL_Driver/Src/stm32f0xx_hal_exti.c ****   if ((hexti == NULL) || (pExtiConfig == NULL))
  43              		.loc 1 150 3 view .LVU5
  44              		.loc 1 150 6 is_stmt 0 view .LVU6
  45 0002 0028     		cmp	r0, #0
  46 0004 53D0     		beq	.L11
  47              		.loc 1 150 23 discriminator 1 view .LVU7
  48 0006 0029     		cmp	r1, #0
  49 0008 53D0     		beq	.L12
 151:Drivers/STM32F0xx_HAL_Driver/Src/stm32f0xx_hal_exti.c ****   {
 152:Drivers/STM32F0xx_HAL_Driver/Src/stm32f0xx_hal_exti.c ****     return HAL_ERROR;
 153:Drivers/STM32F0xx_HAL_Driver/Src/stm32f0xx_hal_exti.c ****   }
 154:Drivers/STM32F0xx_HAL_Driver/Src/stm32f0xx_hal_exti.c **** 
 155:Drivers/STM32F0xx_HAL_Driver/Src/stm32f0xx_hal_exti.c ****   /* Check parameters */
 156:Drivers/STM32F0xx_HAL_Driver/Src/stm32f0xx_hal_exti.c ****   assert_param(IS_EXTI_LINE(pExtiConfig->Line));
  50              		.loc 1 156 3 is_stmt 1 view .LVU8
 157:Drivers/STM32F0xx_HAL_Driver/Src/stm32f0xx_hal_exti.c ****   assert_param(IS_EXTI_MODE(pExtiConfig->Mode));
  51              		.loc 1 157 3 view .LVU9
 158:Drivers/STM32F0xx_HAL_Driver/Src/stm32f0xx_hal_exti.c **** 
 159:Drivers/STM32F0xx_HAL_Driver/Src/stm32f0xx_hal_exti.c ****   /* Assign line number to handle */
 160:Drivers/STM32F0xx_HAL_Driver/Src/stm32f0xx_hal_exti.c ****   hexti->Line = pExtiConfig->Line;
  52              		.loc 1 160 3 view .LVU10
  53              		.loc 1 160 28 is_stmt 0 view .LVU11
  54 000a 0C68     		ldr	r4, [r1]
  55              		.loc 1 160 15 view .LVU12
  56 000c 0460     		str	r4, [r0]
 161:Drivers/STM32F0xx_HAL_Driver/Src/stm32f0xx_hal_exti.c **** 
 162:Drivers/STM32F0xx_HAL_Driver/Src/stm32f0xx_hal_exti.c ****   /* Compute line mask */
 163:Drivers/STM32F0xx_HAL_Driver/Src/stm32f0xx_hal_exti.c ****   linepos = (pExtiConfig->Line & EXTI_PIN_MASK);
  57              		.loc 1 163 3 is_stmt 1 view .LVU13
  58              		.loc 1 163 11 is_stmt 0 view .LVU14
  59 000e 1F23     		movs	r3, #31
  60 0010 2340     		ands	r3, r4
  61              	.LVL1:
 164:Drivers/STM32F0xx_HAL_Driver/Src/stm32f0xx_hal_exti.c ****   maskline = (1uL << linepos);
  62              		.loc 1 164 3 is_stmt 1 view .LVU15
  63              		.loc 1 164 12 is_stmt 0 view .LVU16
  64 0012 0122     		movs	r2, #1
  65 0014 9A40     		lsls	r2, r2, r3
ARM GAS  /var/folders/kr/g9ry2bg56g773797gdtkvvkw0000gn/T//cc8XLnWo.s 			page 5


  66              	.LVL2:
 165:Drivers/STM32F0xx_HAL_Driver/Src/stm32f0xx_hal_exti.c **** 
 166:Drivers/STM32F0xx_HAL_Driver/Src/stm32f0xx_hal_exti.c ****   /* Configure triggers for configurable lines */
 167:Drivers/STM32F0xx_HAL_Driver/Src/stm32f0xx_hal_exti.c ****   if ((pExtiConfig->Line & EXTI_CONFIG) != 0x00u)
  67              		.loc 1 167 3 is_stmt 1 view .LVU17
  68              		.loc 1 167 6 is_stmt 0 view .LVU18
  69 0016 A001     		lsls	r0, r4, #6
  70 0018 13D5     		bpl	.L3
  71              	.LVL3:
 168:Drivers/STM32F0xx_HAL_Driver/Src/stm32f0xx_hal_exti.c ****   {
 169:Drivers/STM32F0xx_HAL_Driver/Src/stm32f0xx_hal_exti.c ****     assert_param(IS_EXTI_TRIGGER(pExtiConfig->Trigger));
  72              		.loc 1 169 5 is_stmt 1 view .LVU19
 170:Drivers/STM32F0xx_HAL_Driver/Src/stm32f0xx_hal_exti.c **** 
 171:Drivers/STM32F0xx_HAL_Driver/Src/stm32f0xx_hal_exti.c ****     /* Configure rising trigger */
 172:Drivers/STM32F0xx_HAL_Driver/Src/stm32f0xx_hal_exti.c ****     /* Mask or set line */
 173:Drivers/STM32F0xx_HAL_Driver/Src/stm32f0xx_hal_exti.c ****     if ((pExtiConfig->Trigger & EXTI_TRIGGER_RISING) != 0x00u)
  73              		.loc 1 173 5 view .LVU20
  74              		.loc 1 173 21 is_stmt 0 view .LVU21
  75 001a 8868     		ldr	r0, [r1, #8]
  76              		.loc 1 173 8 view .LVU22
  77 001c C007     		lsls	r0, r0, #31
  78 001e 20D5     		bpl	.L4
 174:Drivers/STM32F0xx_HAL_Driver/Src/stm32f0xx_hal_exti.c ****     {
 175:Drivers/STM32F0xx_HAL_Driver/Src/stm32f0xx_hal_exti.c ****       EXTI->RTSR |= maskline;
  79              		.loc 1 175 7 is_stmt 1 view .LVU23
  80              		.loc 1 175 11 is_stmt 0 view .LVU24
  81 0020 254D     		ldr	r5, .L15
  82 0022 A868     		ldr	r0, [r5, #8]
  83              		.loc 1 175 18 view .LVU25
  84 0024 1043     		orrs	r0, r2
  85 0026 A860     		str	r0, [r5, #8]
  86              	.L5:
 176:Drivers/STM32F0xx_HAL_Driver/Src/stm32f0xx_hal_exti.c ****     }
 177:Drivers/STM32F0xx_HAL_Driver/Src/stm32f0xx_hal_exti.c ****     else
 178:Drivers/STM32F0xx_HAL_Driver/Src/stm32f0xx_hal_exti.c ****     {
 179:Drivers/STM32F0xx_HAL_Driver/Src/stm32f0xx_hal_exti.c ****       EXTI->RTSR &= ~maskline;
 180:Drivers/STM32F0xx_HAL_Driver/Src/stm32f0xx_hal_exti.c ****     }
 181:Drivers/STM32F0xx_HAL_Driver/Src/stm32f0xx_hal_exti.c **** 
 182:Drivers/STM32F0xx_HAL_Driver/Src/stm32f0xx_hal_exti.c ****     /* Configure falling trigger */
 183:Drivers/STM32F0xx_HAL_Driver/Src/stm32f0xx_hal_exti.c ****     /* Mask or set line */
 184:Drivers/STM32F0xx_HAL_Driver/Src/stm32f0xx_hal_exti.c ****     if ((pExtiConfig->Trigger & EXTI_TRIGGER_FALLING) != 0x00u)
  87              		.loc 1 184 5 is_stmt 1 view .LVU26
  88              		.loc 1 184 21 is_stmt 0 view .LVU27
  89 0028 8868     		ldr	r0, [r1, #8]
  90              		.loc 1 184 8 view .LVU28
  91 002a 8007     		lsls	r0, r0, #30
  92 002c 1ED5     		bpl	.L6
 185:Drivers/STM32F0xx_HAL_Driver/Src/stm32f0xx_hal_exti.c ****     {
 186:Drivers/STM32F0xx_HAL_Driver/Src/stm32f0xx_hal_exti.c ****       EXTI->FTSR |= maskline;
  93              		.loc 1 186 7 is_stmt 1 view .LVU29
  94              		.loc 1 186 11 is_stmt 0 view .LVU30
  95 002e 224D     		ldr	r5, .L15
  96 0030 E868     		ldr	r0, [r5, #12]
  97              		.loc 1 186 18 view .LVU31
  98 0032 1043     		orrs	r0, r2
  99 0034 E860     		str	r0, [r5, #12]
 100              	.L7:
ARM GAS  /var/folders/kr/g9ry2bg56g773797gdtkvvkw0000gn/T//cc8XLnWo.s 			page 6


 187:Drivers/STM32F0xx_HAL_Driver/Src/stm32f0xx_hal_exti.c ****     }
 188:Drivers/STM32F0xx_HAL_Driver/Src/stm32f0xx_hal_exti.c ****     else
 189:Drivers/STM32F0xx_HAL_Driver/Src/stm32f0xx_hal_exti.c ****     {
 190:Drivers/STM32F0xx_HAL_Driver/Src/stm32f0xx_hal_exti.c ****       EXTI->FTSR &= ~maskline;
 191:Drivers/STM32F0xx_HAL_Driver/Src/stm32f0xx_hal_exti.c ****     }
 192:Drivers/STM32F0xx_HAL_Driver/Src/stm32f0xx_hal_exti.c **** 
 193:Drivers/STM32F0xx_HAL_Driver/Src/stm32f0xx_hal_exti.c **** 
 194:Drivers/STM32F0xx_HAL_Driver/Src/stm32f0xx_hal_exti.c ****     /* Configure gpio port selection in case of gpio exti line */
 195:Drivers/STM32F0xx_HAL_Driver/Src/stm32f0xx_hal_exti.c ****     if ((pExtiConfig->Line & EXTI_GPIO) == EXTI_GPIO)
 101              		.loc 1 195 5 is_stmt 1 view .LVU32
 102              		.loc 1 195 21 is_stmt 0 view .LVU33
 103 0036 0868     		ldr	r0, [r1]
 104              		.loc 1 195 28 view .LVU34
 105 0038 C025     		movs	r5, #192
 106 003a ED04     		lsls	r5, r5, #19
 107 003c 2840     		ands	r0, r5
 108              		.loc 1 195 8 view .LVU35
 109 003e A842     		cmp	r0, r5
 110 0040 19D0     		beq	.L14
 111              	.LVL4:
 112              	.L3:
 196:Drivers/STM32F0xx_HAL_Driver/Src/stm32f0xx_hal_exti.c ****     {
 197:Drivers/STM32F0xx_HAL_Driver/Src/stm32f0xx_hal_exti.c ****       assert_param(IS_EXTI_GPIO_PORT(pExtiConfig->GPIOSel));
 198:Drivers/STM32F0xx_HAL_Driver/Src/stm32f0xx_hal_exti.c ****       assert_param(IS_EXTI_GPIO_PIN(linepos));
 199:Drivers/STM32F0xx_HAL_Driver/Src/stm32f0xx_hal_exti.c **** 
 200:Drivers/STM32F0xx_HAL_Driver/Src/stm32f0xx_hal_exti.c ****       regval = SYSCFG->EXTICR[linepos >> 2u];
 201:Drivers/STM32F0xx_HAL_Driver/Src/stm32f0xx_hal_exti.c ****       regval &= ~(SYSCFG_EXTICR1_EXTI0 << (SYSCFG_EXTICR1_EXTI1_Pos * (linepos & 0x03u)));
 202:Drivers/STM32F0xx_HAL_Driver/Src/stm32f0xx_hal_exti.c ****       regval |= (pExtiConfig->GPIOSel << (SYSCFG_EXTICR1_EXTI1_Pos * (linepos & 0x03u)));
 203:Drivers/STM32F0xx_HAL_Driver/Src/stm32f0xx_hal_exti.c ****       SYSCFG->EXTICR[linepos >> 2u] = regval;
 204:Drivers/STM32F0xx_HAL_Driver/Src/stm32f0xx_hal_exti.c ****     }
 205:Drivers/STM32F0xx_HAL_Driver/Src/stm32f0xx_hal_exti.c ****   }
 206:Drivers/STM32F0xx_HAL_Driver/Src/stm32f0xx_hal_exti.c **** 
 207:Drivers/STM32F0xx_HAL_Driver/Src/stm32f0xx_hal_exti.c ****   /* Configure interrupt mode : read current mode */
 208:Drivers/STM32F0xx_HAL_Driver/Src/stm32f0xx_hal_exti.c ****   /* Mask or set line */
 209:Drivers/STM32F0xx_HAL_Driver/Src/stm32f0xx_hal_exti.c ****   if ((pExtiConfig->Mode & EXTI_MODE_INTERRUPT) != 0x00u)
 113              		.loc 1 209 3 is_stmt 1 view .LVU36
 114              		.loc 1 209 19 is_stmt 0 view .LVU37
 115 0042 4B68     		ldr	r3, [r1, #4]
 116              		.loc 1 209 6 view .LVU38
 117 0044 DB07     		lsls	r3, r3, #31
 118 0046 27D5     		bpl	.L8
 210:Drivers/STM32F0xx_HAL_Driver/Src/stm32f0xx_hal_exti.c ****   {
 211:Drivers/STM32F0xx_HAL_Driver/Src/stm32f0xx_hal_exti.c ****     EXTI->IMR |= maskline;
 119              		.loc 1 211 5 is_stmt 1 view .LVU39
 120              		.loc 1 211 9 is_stmt 0 view .LVU40
 121 0048 1B48     		ldr	r0, .L15
 122 004a 0368     		ldr	r3, [r0]
 123              		.loc 1 211 15 view .LVU41
 124 004c 1343     		orrs	r3, r2
 125 004e 0360     		str	r3, [r0]
 126              	.L9:
 212:Drivers/STM32F0xx_HAL_Driver/Src/stm32f0xx_hal_exti.c ****   }
 213:Drivers/STM32F0xx_HAL_Driver/Src/stm32f0xx_hal_exti.c ****   else
 214:Drivers/STM32F0xx_HAL_Driver/Src/stm32f0xx_hal_exti.c ****   {
 215:Drivers/STM32F0xx_HAL_Driver/Src/stm32f0xx_hal_exti.c ****     EXTI->IMR &= ~maskline;
 216:Drivers/STM32F0xx_HAL_Driver/Src/stm32f0xx_hal_exti.c ****   }
 217:Drivers/STM32F0xx_HAL_Driver/Src/stm32f0xx_hal_exti.c **** 
ARM GAS  /var/folders/kr/g9ry2bg56g773797gdtkvvkw0000gn/T//cc8XLnWo.s 			page 7


 218:Drivers/STM32F0xx_HAL_Driver/Src/stm32f0xx_hal_exti.c ****   /* Configure event mode : read current mode */
 219:Drivers/STM32F0xx_HAL_Driver/Src/stm32f0xx_hal_exti.c ****   /* Mask or set line */
 220:Drivers/STM32F0xx_HAL_Driver/Src/stm32f0xx_hal_exti.c ****   if ((pExtiConfig->Mode & EXTI_MODE_EVENT) != 0x00u)
 127              		.loc 1 220 3 is_stmt 1 view .LVU42
 128              		.loc 1 220 19 is_stmt 0 view .LVU43
 129 0050 4B68     		ldr	r3, [r1, #4]
 130              		.loc 1 220 6 view .LVU44
 131 0052 9B07     		lsls	r3, r3, #30
 132 0054 25D5     		bpl	.L10
 221:Drivers/STM32F0xx_HAL_Driver/Src/stm32f0xx_hal_exti.c ****   {
 222:Drivers/STM32F0xx_HAL_Driver/Src/stm32f0xx_hal_exti.c ****     EXTI->EMR |= maskline;
 133              		.loc 1 222 5 is_stmt 1 view .LVU45
 134              		.loc 1 222 9 is_stmt 0 view .LVU46
 135 0056 1849     		ldr	r1, .L15
 136              	.LVL5:
 137              		.loc 1 222 9 view .LVU47
 138 0058 4B68     		ldr	r3, [r1, #4]
 139              		.loc 1 222 15 view .LVU48
 140 005a 1343     		orrs	r3, r2
 141 005c 4B60     		str	r3, [r1, #4]
 223:Drivers/STM32F0xx_HAL_Driver/Src/stm32f0xx_hal_exti.c ****   }
 224:Drivers/STM32F0xx_HAL_Driver/Src/stm32f0xx_hal_exti.c ****   else
 225:Drivers/STM32F0xx_HAL_Driver/Src/stm32f0xx_hal_exti.c ****   {
 226:Drivers/STM32F0xx_HAL_Driver/Src/stm32f0xx_hal_exti.c ****     EXTI->EMR &= ~maskline;
 227:Drivers/STM32F0xx_HAL_Driver/Src/stm32f0xx_hal_exti.c ****   }
 228:Drivers/STM32F0xx_HAL_Driver/Src/stm32f0xx_hal_exti.c **** 
 229:Drivers/STM32F0xx_HAL_Driver/Src/stm32f0xx_hal_exti.c ****   return HAL_OK;
 142              		.loc 1 229 10 view .LVU49
 143 005e 0020     		movs	r0, #0
 144              	.LVL6:
 145              	.L2:
 230:Drivers/STM32F0xx_HAL_Driver/Src/stm32f0xx_hal_exti.c **** }
 146              		.loc 1 230 1 view .LVU50
 147              		@ sp needed
 148 0060 70BD     		pop	{r4, r5, r6, pc}
 149              	.LVL7:
 150              	.L4:
 179:Drivers/STM32F0xx_HAL_Driver/Src/stm32f0xx_hal_exti.c ****     }
 151              		.loc 1 179 7 is_stmt 1 view .LVU51
 179:Drivers/STM32F0xx_HAL_Driver/Src/stm32f0xx_hal_exti.c ****     }
 152              		.loc 1 179 11 is_stmt 0 view .LVU52
 153 0062 154D     		ldr	r5, .L15
 154 0064 A868     		ldr	r0, [r5, #8]
 179:Drivers/STM32F0xx_HAL_Driver/Src/stm32f0xx_hal_exti.c ****     }
 155              		.loc 1 179 18 view .LVU53
 156 0066 9043     		bics	r0, r2
 157 0068 A860     		str	r0, [r5, #8]
 158 006a DDE7     		b	.L5
 159              	.L6:
 190:Drivers/STM32F0xx_HAL_Driver/Src/stm32f0xx_hal_exti.c ****     }
 160              		.loc 1 190 7 is_stmt 1 view .LVU54
 190:Drivers/STM32F0xx_HAL_Driver/Src/stm32f0xx_hal_exti.c ****     }
 161              		.loc 1 190 11 is_stmt 0 view .LVU55
 162 006c 124D     		ldr	r5, .L15
 163 006e E868     		ldr	r0, [r5, #12]
 190:Drivers/STM32F0xx_HAL_Driver/Src/stm32f0xx_hal_exti.c ****     }
 164              		.loc 1 190 18 view .LVU56
ARM GAS  /var/folders/kr/g9ry2bg56g773797gdtkvvkw0000gn/T//cc8XLnWo.s 			page 8


 165 0070 9043     		bics	r0, r2
 166 0072 E860     		str	r0, [r5, #12]
 167 0074 DFE7     		b	.L7
 168              	.L14:
 197:Drivers/STM32F0xx_HAL_Driver/Src/stm32f0xx_hal_exti.c ****       assert_param(IS_EXTI_GPIO_PIN(linepos));
 169              		.loc 1 197 7 is_stmt 1 view .LVU57
 198:Drivers/STM32F0xx_HAL_Driver/Src/stm32f0xx_hal_exti.c **** 
 170              		.loc 1 198 7 view .LVU58
 200:Drivers/STM32F0xx_HAL_Driver/Src/stm32f0xx_hal_exti.c ****       regval &= ~(SYSCFG_EXTICR1_EXTI0 << (SYSCFG_EXTICR1_EXTI1_Pos * (linepos & 0x03u)));
 171              		.loc 1 200 7 view .LVU59
 200:Drivers/STM32F0xx_HAL_Driver/Src/stm32f0xx_hal_exti.c ****       regval &= ~(SYSCFG_EXTICR1_EXTI0 << (SYSCFG_EXTICR1_EXTI1_Pos * (linepos & 0x03u)));
 172              		.loc 1 200 39 is_stmt 0 view .LVU60
 173 0076 9B08     		lsrs	r3, r3, #2
 174              	.LVL8:
 200:Drivers/STM32F0xx_HAL_Driver/Src/stm32f0xx_hal_exti.c ****       regval &= ~(SYSCFG_EXTICR1_EXTI0 << (SYSCFG_EXTICR1_EXTI1_Pos * (linepos & 0x03u)));
 175              		.loc 1 200 14 view .LVU61
 176 0078 104D     		ldr	r5, .L15+4
 177 007a 0233     		adds	r3, r3, #2
 178 007c 9B00     		lsls	r3, r3, #2
 179 007e 5E59     		ldr	r6, [r3, r5]
 180              	.LVL9:
 201:Drivers/STM32F0xx_HAL_Driver/Src/stm32f0xx_hal_exti.c ****       regval |= (pExtiConfig->GPIOSel << (SYSCFG_EXTICR1_EXTI1_Pos * (linepos & 0x03u)));
 181              		.loc 1 201 7 is_stmt 1 view .LVU62
 201:Drivers/STM32F0xx_HAL_Driver/Src/stm32f0xx_hal_exti.c ****       regval |= (pExtiConfig->GPIOSel << (SYSCFG_EXTICR1_EXTI1_Pos * (linepos & 0x03u)));
 182              		.loc 1 201 80 is_stmt 0 view .LVU63
 183 0080 0320     		movs	r0, #3
 184 0082 2040     		ands	r0, r4
 201:Drivers/STM32F0xx_HAL_Driver/Src/stm32f0xx_hal_exti.c ****       regval |= (pExtiConfig->GPIOSel << (SYSCFG_EXTICR1_EXTI1_Pos * (linepos & 0x03u)));
 185              		.loc 1 201 69 view .LVU64
 186 0084 8000     		lsls	r0, r0, #2
 201:Drivers/STM32F0xx_HAL_Driver/Src/stm32f0xx_hal_exti.c ****       regval |= (pExtiConfig->GPIOSel << (SYSCFG_EXTICR1_EXTI1_Pos * (linepos & 0x03u)));
 187              		.loc 1 201 40 view .LVU65
 188 0086 0F24     		movs	r4, #15
 189              	.LVL10:
 201:Drivers/STM32F0xx_HAL_Driver/Src/stm32f0xx_hal_exti.c ****       regval |= (pExtiConfig->GPIOSel << (SYSCFG_EXTICR1_EXTI1_Pos * (linepos & 0x03u)));
 190              		.loc 1 201 40 view .LVU66
 191 0088 8440     		lsls	r4, r4, r0
 201:Drivers/STM32F0xx_HAL_Driver/Src/stm32f0xx_hal_exti.c ****       regval |= (pExtiConfig->GPIOSel << (SYSCFG_EXTICR1_EXTI1_Pos * (linepos & 0x03u)));
 192              		.loc 1 201 14 view .LVU67
 193 008a A643     		bics	r6, r4
 194              	.LVL11:
 202:Drivers/STM32F0xx_HAL_Driver/Src/stm32f0xx_hal_exti.c ****       SYSCFG->EXTICR[linepos >> 2u] = regval;
 195              		.loc 1 202 7 is_stmt 1 view .LVU68
 202:Drivers/STM32F0xx_HAL_Driver/Src/stm32f0xx_hal_exti.c ****       SYSCFG->EXTICR[linepos >> 2u] = regval;
 196              		.loc 1 202 29 is_stmt 0 view .LVU69
 197 008c CC68     		ldr	r4, [r1, #12]
 202:Drivers/STM32F0xx_HAL_Driver/Src/stm32f0xx_hal_exti.c ****       SYSCFG->EXTICR[linepos >> 2u] = regval;
 198              		.loc 1 202 39 view .LVU70
 199 008e 8440     		lsls	r4, r4, r0
 200 0090 2000     		movs	r0, r4
 202:Drivers/STM32F0xx_HAL_Driver/Src/stm32f0xx_hal_exti.c ****       SYSCFG->EXTICR[linepos >> 2u] = regval;
 201              		.loc 1 202 14 view .LVU71
 202 0092 3043     		orrs	r0, r6
 203              	.LVL12:
 203:Drivers/STM32F0xx_HAL_Driver/Src/stm32f0xx_hal_exti.c ****     }
 204              		.loc 1 203 7 is_stmt 1 view .LVU72
 203:Drivers/STM32F0xx_HAL_Driver/Src/stm32f0xx_hal_exti.c ****     }
ARM GAS  /var/folders/kr/g9ry2bg56g773797gdtkvvkw0000gn/T//cc8XLnWo.s 			page 9


 205              		.loc 1 203 37 is_stmt 0 view .LVU73
 206 0094 5851     		str	r0, [r3, r5]
 207 0096 D4E7     		b	.L3
 208              	.LVL13:
 209              	.L8:
 215:Drivers/STM32F0xx_HAL_Driver/Src/stm32f0xx_hal_exti.c ****   }
 210              		.loc 1 215 5 is_stmt 1 view .LVU74
 215:Drivers/STM32F0xx_HAL_Driver/Src/stm32f0xx_hal_exti.c ****   }
 211              		.loc 1 215 9 is_stmt 0 view .LVU75
 212 0098 0748     		ldr	r0, .L15
 213 009a 0368     		ldr	r3, [r0]
 215:Drivers/STM32F0xx_HAL_Driver/Src/stm32f0xx_hal_exti.c ****   }
 214              		.loc 1 215 15 view .LVU76
 215 009c 9343     		bics	r3, r2
 216 009e 0360     		str	r3, [r0]
 217 00a0 D6E7     		b	.L9
 218              	.L10:
 226:Drivers/STM32F0xx_HAL_Driver/Src/stm32f0xx_hal_exti.c ****   }
 219              		.loc 1 226 5 is_stmt 1 view .LVU77
 226:Drivers/STM32F0xx_HAL_Driver/Src/stm32f0xx_hal_exti.c ****   }
 220              		.loc 1 226 9 is_stmt 0 view .LVU78
 221 00a2 0549     		ldr	r1, .L15
 222              	.LVL14:
 226:Drivers/STM32F0xx_HAL_Driver/Src/stm32f0xx_hal_exti.c ****   }
 223              		.loc 1 226 9 view .LVU79
 224 00a4 4B68     		ldr	r3, [r1, #4]
 226:Drivers/STM32F0xx_HAL_Driver/Src/stm32f0xx_hal_exti.c ****   }
 225              		.loc 1 226 15 view .LVU80
 226 00a6 9343     		bics	r3, r2
 227 00a8 4B60     		str	r3, [r1, #4]
 229:Drivers/STM32F0xx_HAL_Driver/Src/stm32f0xx_hal_exti.c **** }
 228              		.loc 1 229 10 view .LVU81
 229 00aa 0020     		movs	r0, #0
 230 00ac D8E7     		b	.L2
 231              	.LVL15:
 232              	.L11:
 152:Drivers/STM32F0xx_HAL_Driver/Src/stm32f0xx_hal_exti.c ****   }
 233              		.loc 1 152 12 view .LVU82
 234 00ae 0120     		movs	r0, #1
 235              	.LVL16:
 152:Drivers/STM32F0xx_HAL_Driver/Src/stm32f0xx_hal_exti.c ****   }
 236              		.loc 1 152 12 view .LVU83
 237 00b0 D6E7     		b	.L2
 238              	.LVL17:
 239              	.L12:
 152:Drivers/STM32F0xx_HAL_Driver/Src/stm32f0xx_hal_exti.c ****   }
 240              		.loc 1 152 12 view .LVU84
 241 00b2 0120     		movs	r0, #1
 242              	.LVL18:
 152:Drivers/STM32F0xx_HAL_Driver/Src/stm32f0xx_hal_exti.c ****   }
 243              		.loc 1 152 12 view .LVU85
 244 00b4 D4E7     		b	.L2
 245              	.L16:
 246 00b6 C046     		.align	2
 247              	.L15:
 248 00b8 00040140 		.word	1073808384
 249 00bc 00000140 		.word	1073807360
ARM GAS  /var/folders/kr/g9ry2bg56g773797gdtkvvkw0000gn/T//cc8XLnWo.s 			page 10


 250              		.cfi_endproc
 251              	.LFE40:
 253              		.section	.text.HAL_EXTI_GetConfigLine,"ax",%progbits
 254              		.align	1
 255              		.global	HAL_EXTI_GetConfigLine
 256              		.syntax unified
 257              		.code	16
 258              		.thumb_func
 260              	HAL_EXTI_GetConfigLine:
 261              	.LVL19:
 262              	.LFB41:
 231:Drivers/STM32F0xx_HAL_Driver/Src/stm32f0xx_hal_exti.c **** 
 232:Drivers/STM32F0xx_HAL_Driver/Src/stm32f0xx_hal_exti.c **** /**
 233:Drivers/STM32F0xx_HAL_Driver/Src/stm32f0xx_hal_exti.c ****   * @brief  Get configuration of a dedicated Exti line.
 234:Drivers/STM32F0xx_HAL_Driver/Src/stm32f0xx_hal_exti.c ****   * @param  hexti Exti handle.
 235:Drivers/STM32F0xx_HAL_Driver/Src/stm32f0xx_hal_exti.c ****   * @param  pExtiConfig Pointer on structure to store Exti configuration.
 236:Drivers/STM32F0xx_HAL_Driver/Src/stm32f0xx_hal_exti.c ****   * @retval HAL Status.
 237:Drivers/STM32F0xx_HAL_Driver/Src/stm32f0xx_hal_exti.c ****   */
 238:Drivers/STM32F0xx_HAL_Driver/Src/stm32f0xx_hal_exti.c **** HAL_StatusTypeDef HAL_EXTI_GetConfigLine(EXTI_HandleTypeDef *hexti, EXTI_ConfigTypeDef *pExtiConfig
 239:Drivers/STM32F0xx_HAL_Driver/Src/stm32f0xx_hal_exti.c **** {
 263              		.loc 1 239 1 is_stmt 1 view -0
 264              		.cfi_startproc
 265              		@ args = 0, pretend = 0, frame = 0
 266              		@ frame_needed = 0, uses_anonymous_args = 0
 267              		.loc 1 239 1 is_stmt 0 view .LVU87
 268 0000 30B5     		push	{r4, r5, lr}
 269              	.LCFI1:
 270              		.cfi_def_cfa_offset 12
 271              		.cfi_offset 4, -12
 272              		.cfi_offset 5, -8
 273              		.cfi_offset 14, -4
 240:Drivers/STM32F0xx_HAL_Driver/Src/stm32f0xx_hal_exti.c ****   uint32_t regval;
 274              		.loc 1 240 3 is_stmt 1 view .LVU88
 241:Drivers/STM32F0xx_HAL_Driver/Src/stm32f0xx_hal_exti.c ****   uint32_t linepos;
 275              		.loc 1 241 3 view .LVU89
 242:Drivers/STM32F0xx_HAL_Driver/Src/stm32f0xx_hal_exti.c ****   uint32_t maskline;
 276              		.loc 1 242 3 view .LVU90
 243:Drivers/STM32F0xx_HAL_Driver/Src/stm32f0xx_hal_exti.c **** 
 244:Drivers/STM32F0xx_HAL_Driver/Src/stm32f0xx_hal_exti.c ****   /* Check null pointer */
 245:Drivers/STM32F0xx_HAL_Driver/Src/stm32f0xx_hal_exti.c ****   if ((hexti == NULL) || (pExtiConfig == NULL))
 277              		.loc 1 245 3 view .LVU91
 278              		.loc 1 245 6 is_stmt 0 view .LVU92
 279 0002 0028     		cmp	r0, #0
 280 0004 46D0     		beq	.L27
 281              		.loc 1 245 23 discriminator 1 view .LVU93
 282 0006 0029     		cmp	r1, #0
 283 0008 46D0     		beq	.L28
 246:Drivers/STM32F0xx_HAL_Driver/Src/stm32f0xx_hal_exti.c ****   {
 247:Drivers/STM32F0xx_HAL_Driver/Src/stm32f0xx_hal_exti.c ****     return HAL_ERROR;
 248:Drivers/STM32F0xx_HAL_Driver/Src/stm32f0xx_hal_exti.c ****   }
 249:Drivers/STM32F0xx_HAL_Driver/Src/stm32f0xx_hal_exti.c **** 
 250:Drivers/STM32F0xx_HAL_Driver/Src/stm32f0xx_hal_exti.c ****   /* Check the parameter */
 251:Drivers/STM32F0xx_HAL_Driver/Src/stm32f0xx_hal_exti.c ****   assert_param(IS_EXTI_LINE(hexti->Line));
 284              		.loc 1 251 3 is_stmt 1 view .LVU94
 252:Drivers/STM32F0xx_HAL_Driver/Src/stm32f0xx_hal_exti.c **** 
 253:Drivers/STM32F0xx_HAL_Driver/Src/stm32f0xx_hal_exti.c ****   /* Store handle line number to configuration structure */
 254:Drivers/STM32F0xx_HAL_Driver/Src/stm32f0xx_hal_exti.c ****   pExtiConfig->Line = hexti->Line;
ARM GAS  /var/folders/kr/g9ry2bg56g773797gdtkvvkw0000gn/T//cc8XLnWo.s 			page 11


 285              		.loc 1 254 3 view .LVU95
 286              		.loc 1 254 28 is_stmt 0 view .LVU96
 287 000a 0068     		ldr	r0, [r0]
 288              	.LVL20:
 289              		.loc 1 254 21 view .LVU97
 290 000c 0860     		str	r0, [r1]
 255:Drivers/STM32F0xx_HAL_Driver/Src/stm32f0xx_hal_exti.c **** 
 256:Drivers/STM32F0xx_HAL_Driver/Src/stm32f0xx_hal_exti.c ****   /* Compute line mask */
 257:Drivers/STM32F0xx_HAL_Driver/Src/stm32f0xx_hal_exti.c ****   linepos = (pExtiConfig->Line & EXTI_PIN_MASK);
 291              		.loc 1 257 3 is_stmt 1 view .LVU98
 292              		.loc 1 257 11 is_stmt 0 view .LVU99
 293 000e 1F24     		movs	r4, #31
 294 0010 0440     		ands	r4, r0
 295              	.LVL21:
 258:Drivers/STM32F0xx_HAL_Driver/Src/stm32f0xx_hal_exti.c ****   maskline = (1uL << linepos);
 296              		.loc 1 258 3 is_stmt 1 view .LVU100
 297              		.loc 1 258 12 is_stmt 0 view .LVU101
 298 0012 0123     		movs	r3, #1
 299 0014 A340     		lsls	r3, r3, r4
 300              	.LVL22:
 259:Drivers/STM32F0xx_HAL_Driver/Src/stm32f0xx_hal_exti.c **** 
 260:Drivers/STM32F0xx_HAL_Driver/Src/stm32f0xx_hal_exti.c ****   /* 1] Get core mode : interrupt */
 261:Drivers/STM32F0xx_HAL_Driver/Src/stm32f0xx_hal_exti.c **** 
 262:Drivers/STM32F0xx_HAL_Driver/Src/stm32f0xx_hal_exti.c ****   /* Check if selected line is enable */
 263:Drivers/STM32F0xx_HAL_Driver/Src/stm32f0xx_hal_exti.c ****   if ((EXTI->IMR & maskline) != 0x00u)
 301              		.loc 1 263 3 is_stmt 1 view .LVU102
 302              		.loc 1 263 12 is_stmt 0 view .LVU103
 303 0016 214A     		ldr	r2, .L30
 304 0018 1268     		ldr	r2, [r2]
 305              		.loc 1 263 6 view .LVU104
 306 001a 1342     		tst	r3, r2
 307 001c 22D0     		beq	.L19
 264:Drivers/STM32F0xx_HAL_Driver/Src/stm32f0xx_hal_exti.c ****   {
 265:Drivers/STM32F0xx_HAL_Driver/Src/stm32f0xx_hal_exti.c ****     pExtiConfig->Mode = EXTI_MODE_INTERRUPT;
 308              		.loc 1 265 5 is_stmt 1 view .LVU105
 309              		.loc 1 265 23 is_stmt 0 view .LVU106
 310 001e 0122     		movs	r2, #1
 311 0020 4A60     		str	r2, [r1, #4]
 312              	.L20:
 266:Drivers/STM32F0xx_HAL_Driver/Src/stm32f0xx_hal_exti.c ****   }
 267:Drivers/STM32F0xx_HAL_Driver/Src/stm32f0xx_hal_exti.c ****   else
 268:Drivers/STM32F0xx_HAL_Driver/Src/stm32f0xx_hal_exti.c ****   {
 269:Drivers/STM32F0xx_HAL_Driver/Src/stm32f0xx_hal_exti.c ****     pExtiConfig->Mode = EXTI_MODE_NONE;
 270:Drivers/STM32F0xx_HAL_Driver/Src/stm32f0xx_hal_exti.c ****   }
 271:Drivers/STM32F0xx_HAL_Driver/Src/stm32f0xx_hal_exti.c **** 
 272:Drivers/STM32F0xx_HAL_Driver/Src/stm32f0xx_hal_exti.c ****   /* Get event mode */
 273:Drivers/STM32F0xx_HAL_Driver/Src/stm32f0xx_hal_exti.c ****   /* Check if selected line is enable */
 274:Drivers/STM32F0xx_HAL_Driver/Src/stm32f0xx_hal_exti.c ****   if ((EXTI->EMR & maskline) != 0x00u)
 313              		.loc 1 274 3 is_stmt 1 view .LVU107
 314              		.loc 1 274 12 is_stmt 0 view .LVU108
 315 0022 1E4A     		ldr	r2, .L30
 316 0024 5268     		ldr	r2, [r2, #4]
 317              		.loc 1 274 6 view .LVU109
 318 0026 1342     		tst	r3, r2
 319 0028 03D0     		beq	.L21
 275:Drivers/STM32F0xx_HAL_Driver/Src/stm32f0xx_hal_exti.c ****   {
 276:Drivers/STM32F0xx_HAL_Driver/Src/stm32f0xx_hal_exti.c ****     pExtiConfig->Mode |= EXTI_MODE_EVENT;
ARM GAS  /var/folders/kr/g9ry2bg56g773797gdtkvvkw0000gn/T//cc8XLnWo.s 			page 12


 320              		.loc 1 276 5 is_stmt 1 view .LVU110
 321              		.loc 1 276 16 is_stmt 0 view .LVU111
 322 002a 4A68     		ldr	r2, [r1, #4]
 323              		.loc 1 276 23 view .LVU112
 324 002c 0225     		movs	r5, #2
 325 002e 2A43     		orrs	r2, r5
 326 0030 4A60     		str	r2, [r1, #4]
 327              	.L21:
 277:Drivers/STM32F0xx_HAL_Driver/Src/stm32f0xx_hal_exti.c ****   }
 278:Drivers/STM32F0xx_HAL_Driver/Src/stm32f0xx_hal_exti.c **** 
 279:Drivers/STM32F0xx_HAL_Driver/Src/stm32f0xx_hal_exti.c ****   /* 2] Get trigger for configurable lines : rising */
 280:Drivers/STM32F0xx_HAL_Driver/Src/stm32f0xx_hal_exti.c ****   if ((pExtiConfig->Line & EXTI_CONFIG) != 0x00u)
 328              		.loc 1 280 3 is_stmt 1 view .LVU113
 329              		.loc 1 280 6 is_stmt 0 view .LVU114
 330 0032 8201     		lsls	r2, r0, #6
 331 0034 29D5     		bpl	.L22
 281:Drivers/STM32F0xx_HAL_Driver/Src/stm32f0xx_hal_exti.c ****   {
 282:Drivers/STM32F0xx_HAL_Driver/Src/stm32f0xx_hal_exti.c ****     /* Check if configuration of selected line is enable */
 283:Drivers/STM32F0xx_HAL_Driver/Src/stm32f0xx_hal_exti.c ****     if ((EXTI->RTSR & maskline) != 0x00u)
 332              		.loc 1 283 5 is_stmt 1 view .LVU115
 333              		.loc 1 283 14 is_stmt 0 view .LVU116
 334 0036 194A     		ldr	r2, .L30
 335 0038 9268     		ldr	r2, [r2, #8]
 336              		.loc 1 283 8 view .LVU117
 337 003a 1342     		tst	r3, r2
 338 003c 15D0     		beq	.L23
 284:Drivers/STM32F0xx_HAL_Driver/Src/stm32f0xx_hal_exti.c ****     {
 285:Drivers/STM32F0xx_HAL_Driver/Src/stm32f0xx_hal_exti.c ****       pExtiConfig->Trigger = EXTI_TRIGGER_RISING;
 339              		.loc 1 285 7 is_stmt 1 view .LVU118
 340              		.loc 1 285 28 is_stmt 0 view .LVU119
 341 003e 0122     		movs	r2, #1
 342 0040 8A60     		str	r2, [r1, #8]
 343              	.L24:
 286:Drivers/STM32F0xx_HAL_Driver/Src/stm32f0xx_hal_exti.c ****     }
 287:Drivers/STM32F0xx_HAL_Driver/Src/stm32f0xx_hal_exti.c ****     else
 288:Drivers/STM32F0xx_HAL_Driver/Src/stm32f0xx_hal_exti.c ****     {
 289:Drivers/STM32F0xx_HAL_Driver/Src/stm32f0xx_hal_exti.c ****       pExtiConfig->Trigger = EXTI_TRIGGER_NONE;
 290:Drivers/STM32F0xx_HAL_Driver/Src/stm32f0xx_hal_exti.c ****     }
 291:Drivers/STM32F0xx_HAL_Driver/Src/stm32f0xx_hal_exti.c **** 
 292:Drivers/STM32F0xx_HAL_Driver/Src/stm32f0xx_hal_exti.c ****     /* Get falling configuration */
 293:Drivers/STM32F0xx_HAL_Driver/Src/stm32f0xx_hal_exti.c ****     /* Check if configuration of selected line is enable */
 294:Drivers/STM32F0xx_HAL_Driver/Src/stm32f0xx_hal_exti.c ****     if ((EXTI->FTSR & maskline) != 0x00u)
 344              		.loc 1 294 5 is_stmt 1 view .LVU120
 345              		.loc 1 294 14 is_stmt 0 view .LVU121
 346 0042 164A     		ldr	r2, .L30
 347 0044 D268     		ldr	r2, [r2, #12]
 348              		.loc 1 294 8 view .LVU122
 349 0046 1342     		tst	r3, r2
 350 0048 03D0     		beq	.L25
 295:Drivers/STM32F0xx_HAL_Driver/Src/stm32f0xx_hal_exti.c ****     {
 296:Drivers/STM32F0xx_HAL_Driver/Src/stm32f0xx_hal_exti.c ****       pExtiConfig->Trigger |= EXTI_TRIGGER_FALLING;
 351              		.loc 1 296 7 is_stmt 1 view .LVU123
 352              		.loc 1 296 18 is_stmt 0 view .LVU124
 353 004a 8B68     		ldr	r3, [r1, #8]
 354              	.LVL23:
 355              		.loc 1 296 28 view .LVU125
 356 004c 0222     		movs	r2, #2
ARM GAS  /var/folders/kr/g9ry2bg56g773797gdtkvvkw0000gn/T//cc8XLnWo.s 			page 13


 357 004e 1343     		orrs	r3, r2
 358 0050 8B60     		str	r3, [r1, #8]
 359              	.L25:
 297:Drivers/STM32F0xx_HAL_Driver/Src/stm32f0xx_hal_exti.c ****     }
 298:Drivers/STM32F0xx_HAL_Driver/Src/stm32f0xx_hal_exti.c **** 
 299:Drivers/STM32F0xx_HAL_Driver/Src/stm32f0xx_hal_exti.c ****     /* Get Gpio port selection for gpio lines */
 300:Drivers/STM32F0xx_HAL_Driver/Src/stm32f0xx_hal_exti.c ****     if ((pExtiConfig->Line & EXTI_GPIO) == EXTI_GPIO)
 360              		.loc 1 300 5 is_stmt 1 view .LVU126
 361              		.loc 1 300 28 is_stmt 0 view .LVU127
 362 0052 C022     		movs	r2, #192
 363 0054 D204     		lsls	r2, r2, #19
 364 0056 1040     		ands	r0, r2
 365              		.loc 1 300 8 view .LVU128
 366 0058 9042     		cmp	r0, r2
 367 005a 09D0     		beq	.L29
 301:Drivers/STM32F0xx_HAL_Driver/Src/stm32f0xx_hal_exti.c ****     {
 302:Drivers/STM32F0xx_HAL_Driver/Src/stm32f0xx_hal_exti.c ****       assert_param(IS_EXTI_GPIO_PIN(linepos));
 303:Drivers/STM32F0xx_HAL_Driver/Src/stm32f0xx_hal_exti.c **** 
 304:Drivers/STM32F0xx_HAL_Driver/Src/stm32f0xx_hal_exti.c ****       regval = SYSCFG->EXTICR[linepos >> 2u];
 305:Drivers/STM32F0xx_HAL_Driver/Src/stm32f0xx_hal_exti.c ****       pExtiConfig->GPIOSel = ((regval << (SYSCFG_EXTICR1_EXTI1_Pos * (3uL - (linepos & 0x03u)))) >>
 306:Drivers/STM32F0xx_HAL_Driver/Src/stm32f0xx_hal_exti.c ****     }
 307:Drivers/STM32F0xx_HAL_Driver/Src/stm32f0xx_hal_exti.c ****     else
 308:Drivers/STM32F0xx_HAL_Driver/Src/stm32f0xx_hal_exti.c ****     {
 309:Drivers/STM32F0xx_HAL_Driver/Src/stm32f0xx_hal_exti.c ****       pExtiConfig->GPIOSel = 0x00u;
 368              		.loc 1 309 7 is_stmt 1 view .LVU129
 369              		.loc 1 309 28 is_stmt 0 view .LVU130
 370 005c 0023     		movs	r3, #0
 371 005e CB60     		str	r3, [r1, #12]
 310:Drivers/STM32F0xx_HAL_Driver/Src/stm32f0xx_hal_exti.c ****     }
 311:Drivers/STM32F0xx_HAL_Driver/Src/stm32f0xx_hal_exti.c ****   }
 312:Drivers/STM32F0xx_HAL_Driver/Src/stm32f0xx_hal_exti.c ****   else
 313:Drivers/STM32F0xx_HAL_Driver/Src/stm32f0xx_hal_exti.c ****   {
 314:Drivers/STM32F0xx_HAL_Driver/Src/stm32f0xx_hal_exti.c ****     /* No Trigger selected */
 315:Drivers/STM32F0xx_HAL_Driver/Src/stm32f0xx_hal_exti.c ****     pExtiConfig->Trigger = EXTI_TRIGGER_NONE;
 316:Drivers/STM32F0xx_HAL_Driver/Src/stm32f0xx_hal_exti.c ****     pExtiConfig->GPIOSel = 0x00u;
 317:Drivers/STM32F0xx_HAL_Driver/Src/stm32f0xx_hal_exti.c ****   }
 318:Drivers/STM32F0xx_HAL_Driver/Src/stm32f0xx_hal_exti.c **** 
 319:Drivers/STM32F0xx_HAL_Driver/Src/stm32f0xx_hal_exti.c ****   return HAL_OK;
 372              		.loc 1 319 10 view .LVU131
 373 0060 0020     		movs	r0, #0
 374 0062 16E0     		b	.L18
 375              	.LVL24:
 376              	.L19:
 269:Drivers/STM32F0xx_HAL_Driver/Src/stm32f0xx_hal_exti.c ****   }
 377              		.loc 1 269 5 is_stmt 1 view .LVU132
 269:Drivers/STM32F0xx_HAL_Driver/Src/stm32f0xx_hal_exti.c ****   }
 378              		.loc 1 269 23 is_stmt 0 view .LVU133
 379 0064 0022     		movs	r2, #0
 380 0066 4A60     		str	r2, [r1, #4]
 381 0068 DBE7     		b	.L20
 382              	.L23:
 289:Drivers/STM32F0xx_HAL_Driver/Src/stm32f0xx_hal_exti.c ****     }
 383              		.loc 1 289 7 is_stmt 1 view .LVU134
 289:Drivers/STM32F0xx_HAL_Driver/Src/stm32f0xx_hal_exti.c ****     }
 384              		.loc 1 289 28 is_stmt 0 view .LVU135
 385 006a 0022     		movs	r2, #0
 386 006c 8A60     		str	r2, [r1, #8]
ARM GAS  /var/folders/kr/g9ry2bg56g773797gdtkvvkw0000gn/T//cc8XLnWo.s 			page 14


 387 006e E8E7     		b	.L24
 388              	.LVL25:
 389              	.L29:
 302:Drivers/STM32F0xx_HAL_Driver/Src/stm32f0xx_hal_exti.c **** 
 390              		.loc 1 302 7 is_stmt 1 view .LVU136
 304:Drivers/STM32F0xx_HAL_Driver/Src/stm32f0xx_hal_exti.c ****       pExtiConfig->GPIOSel = ((regval << (SYSCFG_EXTICR1_EXTI1_Pos * (3uL - (linepos & 0x03u)))) >>
 391              		.loc 1 304 7 view .LVU137
 304:Drivers/STM32F0xx_HAL_Driver/Src/stm32f0xx_hal_exti.c ****       pExtiConfig->GPIOSel = ((regval << (SYSCFG_EXTICR1_EXTI1_Pos * (3uL - (linepos & 0x03u)))) >>
 392              		.loc 1 304 39 is_stmt 0 view .LVU138
 393 0070 A308     		lsrs	r3, r4, #2
 304:Drivers/STM32F0xx_HAL_Driver/Src/stm32f0xx_hal_exti.c ****       pExtiConfig->GPIOSel = ((regval << (SYSCFG_EXTICR1_EXTI1_Pos * (3uL - (linepos & 0x03u)))) >>
 394              		.loc 1 304 14 view .LVU139
 395 0072 0233     		adds	r3, r3, #2
 396 0074 9B00     		lsls	r3, r3, #2
 397 0076 0A4A     		ldr	r2, .L30+4
 398 0078 9B58     		ldr	r3, [r3, r2]
 399              	.LVL26:
 305:Drivers/STM32F0xx_HAL_Driver/Src/stm32f0xx_hal_exti.c ****     }
 400              		.loc 1 305 7 is_stmt 1 view .LVU140
 305:Drivers/STM32F0xx_HAL_Driver/Src/stm32f0xx_hal_exti.c ****     }
 401              		.loc 1 305 75 is_stmt 0 view .LVU141
 402 007a 0322     		movs	r2, #3
 403 007c A243     		bics	r2, r4
 305:Drivers/STM32F0xx_HAL_Driver/Src/stm32f0xx_hal_exti.c ****     }
 404              		.loc 1 305 68 view .LVU142
 405 007e 9200     		lsls	r2, r2, #2
 305:Drivers/STM32F0xx_HAL_Driver/Src/stm32f0xx_hal_exti.c ****     }
 406              		.loc 1 305 39 view .LVU143
 407 0080 9340     		lsls	r3, r3, r2
 408              	.LVL27:
 305:Drivers/STM32F0xx_HAL_Driver/Src/stm32f0xx_hal_exti.c ****     }
 409              		.loc 1 305 98 view .LVU144
 410 0082 1B0E     		lsrs	r3, r3, #24
 305:Drivers/STM32F0xx_HAL_Driver/Src/stm32f0xx_hal_exti.c ****     }
 411              		.loc 1 305 28 view .LVU145
 412 0084 CB60     		str	r3, [r1, #12]
 413              		.loc 1 319 10 view .LVU146
 414 0086 0020     		movs	r0, #0
 415 0088 03E0     		b	.L18
 416              	.LVL28:
 417              	.L22:
 315:Drivers/STM32F0xx_HAL_Driver/Src/stm32f0xx_hal_exti.c ****     pExtiConfig->GPIOSel = 0x00u;
 418              		.loc 1 315 5 is_stmt 1 view .LVU147
 315:Drivers/STM32F0xx_HAL_Driver/Src/stm32f0xx_hal_exti.c ****     pExtiConfig->GPIOSel = 0x00u;
 419              		.loc 1 315 26 is_stmt 0 view .LVU148
 420 008a 0023     		movs	r3, #0
 421              	.LVL29:
 315:Drivers/STM32F0xx_HAL_Driver/Src/stm32f0xx_hal_exti.c ****     pExtiConfig->GPIOSel = 0x00u;
 422              		.loc 1 315 26 view .LVU149
 423 008c 8B60     		str	r3, [r1, #8]
 316:Drivers/STM32F0xx_HAL_Driver/Src/stm32f0xx_hal_exti.c ****   }
 424              		.loc 1 316 5 is_stmt 1 view .LVU150
 316:Drivers/STM32F0xx_HAL_Driver/Src/stm32f0xx_hal_exti.c ****   }
 425              		.loc 1 316 26 is_stmt 0 view .LVU151
 426 008e CB60     		str	r3, [r1, #12]
 427              		.loc 1 319 10 view .LVU152
 428 0090 0020     		movs	r0, #0
ARM GAS  /var/folders/kr/g9ry2bg56g773797gdtkvvkw0000gn/T//cc8XLnWo.s 			page 15


 429              	.LVL30:
 430              	.L18:
 320:Drivers/STM32F0xx_HAL_Driver/Src/stm32f0xx_hal_exti.c **** }
 431              		.loc 1 320 1 view .LVU153
 432              		@ sp needed
 433 0092 30BD     		pop	{r4, r5, pc}
 434              	.LVL31:
 435              	.L27:
 247:Drivers/STM32F0xx_HAL_Driver/Src/stm32f0xx_hal_exti.c ****   }
 436              		.loc 1 247 12 view .LVU154
 437 0094 0120     		movs	r0, #1
 438              	.LVL32:
 247:Drivers/STM32F0xx_HAL_Driver/Src/stm32f0xx_hal_exti.c ****   }
 439              		.loc 1 247 12 view .LVU155
 440 0096 FCE7     		b	.L18
 441              	.LVL33:
 442              	.L28:
 247:Drivers/STM32F0xx_HAL_Driver/Src/stm32f0xx_hal_exti.c ****   }
 443              		.loc 1 247 12 view .LVU156
 444 0098 0120     		movs	r0, #1
 445              	.LVL34:
 247:Drivers/STM32F0xx_HAL_Driver/Src/stm32f0xx_hal_exti.c ****   }
 446              		.loc 1 247 12 view .LVU157
 447 009a FAE7     		b	.L18
 448              	.L31:
 449              		.align	2
 450              	.L30:
 451 009c 00040140 		.word	1073808384
 452 00a0 00000140 		.word	1073807360
 453              		.cfi_endproc
 454              	.LFE41:
 456              		.section	.text.HAL_EXTI_ClearConfigLine,"ax",%progbits
 457              		.align	1
 458              		.global	HAL_EXTI_ClearConfigLine
 459              		.syntax unified
 460              		.code	16
 461              		.thumb_func
 463              	HAL_EXTI_ClearConfigLine:
 464              	.LVL35:
 465              	.LFB42:
 321:Drivers/STM32F0xx_HAL_Driver/Src/stm32f0xx_hal_exti.c **** 
 322:Drivers/STM32F0xx_HAL_Driver/Src/stm32f0xx_hal_exti.c **** /**
 323:Drivers/STM32F0xx_HAL_Driver/Src/stm32f0xx_hal_exti.c ****   * @brief  Clear whole configuration of a dedicated Exti line.
 324:Drivers/STM32F0xx_HAL_Driver/Src/stm32f0xx_hal_exti.c ****   * @param  hexti Exti handle.
 325:Drivers/STM32F0xx_HAL_Driver/Src/stm32f0xx_hal_exti.c ****   * @retval HAL Status.
 326:Drivers/STM32F0xx_HAL_Driver/Src/stm32f0xx_hal_exti.c ****   */
 327:Drivers/STM32F0xx_HAL_Driver/Src/stm32f0xx_hal_exti.c **** HAL_StatusTypeDef HAL_EXTI_ClearConfigLine(EXTI_HandleTypeDef *hexti)
 328:Drivers/STM32F0xx_HAL_Driver/Src/stm32f0xx_hal_exti.c **** {
 466              		.loc 1 328 1 is_stmt 1 view -0
 467              		.cfi_startproc
 468              		@ args = 0, pretend = 0, frame = 0
 469              		@ frame_needed = 0, uses_anonymous_args = 0
 470              		.loc 1 328 1 is_stmt 0 view .LVU159
 471 0000 70B5     		push	{r4, r5, r6, lr}
 472              	.LCFI2:
 473              		.cfi_def_cfa_offset 16
 474              		.cfi_offset 4, -16
ARM GAS  /var/folders/kr/g9ry2bg56g773797gdtkvvkw0000gn/T//cc8XLnWo.s 			page 16


 475              		.cfi_offset 5, -12
 476              		.cfi_offset 6, -8
 477              		.cfi_offset 14, -4
 329:Drivers/STM32F0xx_HAL_Driver/Src/stm32f0xx_hal_exti.c ****   uint32_t regval;
 478              		.loc 1 329 3 is_stmt 1 view .LVU160
 330:Drivers/STM32F0xx_HAL_Driver/Src/stm32f0xx_hal_exti.c ****   uint32_t linepos;
 479              		.loc 1 330 3 view .LVU161
 331:Drivers/STM32F0xx_HAL_Driver/Src/stm32f0xx_hal_exti.c ****   uint32_t maskline;
 480              		.loc 1 331 3 view .LVU162
 332:Drivers/STM32F0xx_HAL_Driver/Src/stm32f0xx_hal_exti.c **** 
 333:Drivers/STM32F0xx_HAL_Driver/Src/stm32f0xx_hal_exti.c ****   /* Check null pointer */
 334:Drivers/STM32F0xx_HAL_Driver/Src/stm32f0xx_hal_exti.c ****   if (hexti == NULL)
 481              		.loc 1 334 3 view .LVU163
 482              		.loc 1 334 6 is_stmt 0 view .LVU164
 483 0002 0028     		cmp	r0, #0
 484 0004 2CD0     		beq	.L34
 335:Drivers/STM32F0xx_HAL_Driver/Src/stm32f0xx_hal_exti.c ****   {
 336:Drivers/STM32F0xx_HAL_Driver/Src/stm32f0xx_hal_exti.c ****     return HAL_ERROR;
 337:Drivers/STM32F0xx_HAL_Driver/Src/stm32f0xx_hal_exti.c ****   }
 338:Drivers/STM32F0xx_HAL_Driver/Src/stm32f0xx_hal_exti.c **** 
 339:Drivers/STM32F0xx_HAL_Driver/Src/stm32f0xx_hal_exti.c ****   /* Check the parameter */
 340:Drivers/STM32F0xx_HAL_Driver/Src/stm32f0xx_hal_exti.c ****   assert_param(IS_EXTI_LINE(hexti->Line));
 485              		.loc 1 340 3 is_stmt 1 view .LVU165
 341:Drivers/STM32F0xx_HAL_Driver/Src/stm32f0xx_hal_exti.c **** 
 342:Drivers/STM32F0xx_HAL_Driver/Src/stm32f0xx_hal_exti.c ****   /* compute line mask */
 343:Drivers/STM32F0xx_HAL_Driver/Src/stm32f0xx_hal_exti.c ****   linepos = (hexti->Line & EXTI_PIN_MASK);
 486              		.loc 1 343 3 view .LVU166
 487              		.loc 1 343 19 is_stmt 0 view .LVU167
 488 0006 0568     		ldr	r5, [r0]
 489              		.loc 1 343 11 view .LVU168
 490 0008 1F22     		movs	r2, #31
 491 000a 2A40     		ands	r2, r5
 492              	.LVL36:
 344:Drivers/STM32F0xx_HAL_Driver/Src/stm32f0xx_hal_exti.c ****   maskline = (1uL << linepos);
 493              		.loc 1 344 3 is_stmt 1 view .LVU169
 494              		.loc 1 344 12 is_stmt 0 view .LVU170
 495 000c 0123     		movs	r3, #1
 496 000e 9340     		lsls	r3, r3, r2
 497              	.LVL37:
 345:Drivers/STM32F0xx_HAL_Driver/Src/stm32f0xx_hal_exti.c **** 
 346:Drivers/STM32F0xx_HAL_Driver/Src/stm32f0xx_hal_exti.c ****   /* 1] Clear interrupt mode */
 347:Drivers/STM32F0xx_HAL_Driver/Src/stm32f0xx_hal_exti.c ****   EXTI->IMR = (EXTI->IMR & ~maskline);
 498              		.loc 1 347 3 is_stmt 1 view .LVU171
 499              		.loc 1 347 20 is_stmt 0 view .LVU172
 500 0010 1549     		ldr	r1, .L38
 501 0012 0C68     		ldr	r4, [r1]
 502              		.loc 1 347 28 view .LVU173
 503 0014 DE43     		mvns	r6, r3
 504              		.loc 1 347 26 view .LVU174
 505 0016 9C43     		bics	r4, r3
 506              		.loc 1 347 13 view .LVU175
 507 0018 0C60     		str	r4, [r1]
 348:Drivers/STM32F0xx_HAL_Driver/Src/stm32f0xx_hal_exti.c **** 
 349:Drivers/STM32F0xx_HAL_Driver/Src/stm32f0xx_hal_exti.c ****   /* 2] Clear event mode */
 350:Drivers/STM32F0xx_HAL_Driver/Src/stm32f0xx_hal_exti.c ****   EXTI->EMR = (EXTI->EMR & ~maskline);
 508              		.loc 1 350 3 is_stmt 1 view .LVU176
 509              		.loc 1 350 20 is_stmt 0 view .LVU177
ARM GAS  /var/folders/kr/g9ry2bg56g773797gdtkvvkw0000gn/T//cc8XLnWo.s 			page 17


 510 001a 4C68     		ldr	r4, [r1, #4]
 511              		.loc 1 350 26 view .LVU178
 512 001c 9C43     		bics	r4, r3
 513              		.loc 1 350 13 view .LVU179
 514 001e 4C60     		str	r4, [r1, #4]
 351:Drivers/STM32F0xx_HAL_Driver/Src/stm32f0xx_hal_exti.c **** 
 352:Drivers/STM32F0xx_HAL_Driver/Src/stm32f0xx_hal_exti.c ****   /* 3] Clear triggers in case of configurable lines */
 353:Drivers/STM32F0xx_HAL_Driver/Src/stm32f0xx_hal_exti.c ****   if ((hexti->Line & EXTI_CONFIG) != 0x00u)
 515              		.loc 1 353 3 is_stmt 1 view .LVU180
 516              		.loc 1 353 13 is_stmt 0 view .LVU181
 517 0020 0368     		ldr	r3, [r0]
 518              	.LVL38:
 519              		.loc 1 353 6 view .LVU182
 520 0022 9B01     		lsls	r3, r3, #6
 521 0024 1ED5     		bpl	.L35
 354:Drivers/STM32F0xx_HAL_Driver/Src/stm32f0xx_hal_exti.c ****   {
 355:Drivers/STM32F0xx_HAL_Driver/Src/stm32f0xx_hal_exti.c ****     EXTI->RTSR = (EXTI->RTSR & ~maskline);
 522              		.loc 1 355 5 is_stmt 1 view .LVU183
 523              		.loc 1 355 23 is_stmt 0 view .LVU184
 524 0026 0B00     		movs	r3, r1
 525 0028 8968     		ldr	r1, [r1, #8]
 526              		.loc 1 355 30 view .LVU185
 527 002a 3140     		ands	r1, r6
 528              		.loc 1 355 16 view .LVU186
 529 002c 9960     		str	r1, [r3, #8]
 356:Drivers/STM32F0xx_HAL_Driver/Src/stm32f0xx_hal_exti.c ****     EXTI->FTSR = (EXTI->FTSR & ~maskline);
 530              		.loc 1 356 5 is_stmt 1 view .LVU187
 531              		.loc 1 356 23 is_stmt 0 view .LVU188
 532 002e D968     		ldr	r1, [r3, #12]
 533              		.loc 1 356 30 view .LVU189
 534 0030 3140     		ands	r1, r6
 535              		.loc 1 356 16 view .LVU190
 536 0032 D960     		str	r1, [r3, #12]
 357:Drivers/STM32F0xx_HAL_Driver/Src/stm32f0xx_hal_exti.c **** 
 358:Drivers/STM32F0xx_HAL_Driver/Src/stm32f0xx_hal_exti.c ****     /* Get Gpio port selection for gpio lines */
 359:Drivers/STM32F0xx_HAL_Driver/Src/stm32f0xx_hal_exti.c ****     if ((hexti->Line & EXTI_GPIO) == EXTI_GPIO)
 537              		.loc 1 359 5 is_stmt 1 view .LVU191
 538              		.loc 1 359 15 is_stmt 0 view .LVU192
 539 0034 0368     		ldr	r3, [r0]
 540              		.loc 1 359 22 view .LVU193
 541 0036 C021     		movs	r1, #192
 542 0038 C904     		lsls	r1, r1, #19
 543 003a 0B40     		ands	r3, r1
 544              		.loc 1 359 8 view .LVU194
 545 003c 8B42     		cmp	r3, r1
 546 003e 01D0     		beq	.L37
 360:Drivers/STM32F0xx_HAL_Driver/Src/stm32f0xx_hal_exti.c ****     {
 361:Drivers/STM32F0xx_HAL_Driver/Src/stm32f0xx_hal_exti.c ****       assert_param(IS_EXTI_GPIO_PIN(linepos));
 362:Drivers/STM32F0xx_HAL_Driver/Src/stm32f0xx_hal_exti.c **** 
 363:Drivers/STM32F0xx_HAL_Driver/Src/stm32f0xx_hal_exti.c ****       regval = SYSCFG->EXTICR[linepos >> 2u];
 364:Drivers/STM32F0xx_HAL_Driver/Src/stm32f0xx_hal_exti.c ****       regval &= ~(SYSCFG_EXTICR1_EXTI0 << (SYSCFG_EXTICR1_EXTI1_Pos * (linepos & 0x03u)));
 365:Drivers/STM32F0xx_HAL_Driver/Src/stm32f0xx_hal_exti.c ****       SYSCFG->EXTICR[linepos >> 2u] = regval;
 366:Drivers/STM32F0xx_HAL_Driver/Src/stm32f0xx_hal_exti.c ****     }
 367:Drivers/STM32F0xx_HAL_Driver/Src/stm32f0xx_hal_exti.c ****   }
 368:Drivers/STM32F0xx_HAL_Driver/Src/stm32f0xx_hal_exti.c **** 
 369:Drivers/STM32F0xx_HAL_Driver/Src/stm32f0xx_hal_exti.c ****   return HAL_OK;
 547              		.loc 1 369 10 view .LVU195
ARM GAS  /var/folders/kr/g9ry2bg56g773797gdtkvvkw0000gn/T//cc8XLnWo.s 			page 18


 548 0040 0020     		movs	r0, #0
 549              	.LVL39:
 550              		.loc 1 369 10 view .LVU196
 551 0042 10E0     		b	.L33
 552              	.LVL40:
 553              	.L37:
 361:Drivers/STM32F0xx_HAL_Driver/Src/stm32f0xx_hal_exti.c **** 
 554              		.loc 1 361 7 is_stmt 1 view .LVU197
 363:Drivers/STM32F0xx_HAL_Driver/Src/stm32f0xx_hal_exti.c ****       regval &= ~(SYSCFG_EXTICR1_EXTI0 << (SYSCFG_EXTICR1_EXTI1_Pos * (linepos & 0x03u)));
 555              		.loc 1 363 7 view .LVU198
 363:Drivers/STM32F0xx_HAL_Driver/Src/stm32f0xx_hal_exti.c ****       regval &= ~(SYSCFG_EXTICR1_EXTI0 << (SYSCFG_EXTICR1_EXTI1_Pos * (linepos & 0x03u)));
 556              		.loc 1 363 39 is_stmt 0 view .LVU199
 557 0044 9208     		lsrs	r2, r2, #2
 558              	.LVL41:
 363:Drivers/STM32F0xx_HAL_Driver/Src/stm32f0xx_hal_exti.c ****       regval &= ~(SYSCFG_EXTICR1_EXTI0 << (SYSCFG_EXTICR1_EXTI1_Pos * (linepos & 0x03u)));
 559              		.loc 1 363 14 view .LVU200
 560 0046 094C     		ldr	r4, .L38+4
 561 0048 0232     		adds	r2, r2, #2
 562 004a 9200     		lsls	r2, r2, #2
 563 004c 1159     		ldr	r1, [r2, r4]
 564              	.LVL42:
 364:Drivers/STM32F0xx_HAL_Driver/Src/stm32f0xx_hal_exti.c ****       SYSCFG->EXTICR[linepos >> 2u] = regval;
 565              		.loc 1 364 7 is_stmt 1 view .LVU201
 364:Drivers/STM32F0xx_HAL_Driver/Src/stm32f0xx_hal_exti.c ****       SYSCFG->EXTICR[linepos >> 2u] = regval;
 566              		.loc 1 364 80 is_stmt 0 view .LVU202
 567 004e 0323     		movs	r3, #3
 568 0050 2B40     		ands	r3, r5
 364:Drivers/STM32F0xx_HAL_Driver/Src/stm32f0xx_hal_exti.c ****       SYSCFG->EXTICR[linepos >> 2u] = regval;
 569              		.loc 1 364 69 view .LVU203
 570 0052 9B00     		lsls	r3, r3, #2
 364:Drivers/STM32F0xx_HAL_Driver/Src/stm32f0xx_hal_exti.c ****       SYSCFG->EXTICR[linepos >> 2u] = regval;
 571              		.loc 1 364 40 view .LVU204
 572 0054 0F20     		movs	r0, #15
 573              	.LVL43:
 364:Drivers/STM32F0xx_HAL_Driver/Src/stm32f0xx_hal_exti.c ****       SYSCFG->EXTICR[linepos >> 2u] = regval;
 574              		.loc 1 364 40 view .LVU205
 575 0056 9840     		lsls	r0, r0, r3
 364:Drivers/STM32F0xx_HAL_Driver/Src/stm32f0xx_hal_exti.c ****       SYSCFG->EXTICR[linepos >> 2u] = regval;
 576              		.loc 1 364 14 view .LVU206
 577 0058 8143     		bics	r1, r0
 578              	.LVL44:
 365:Drivers/STM32F0xx_HAL_Driver/Src/stm32f0xx_hal_exti.c ****     }
 579              		.loc 1 365 7 is_stmt 1 view .LVU207
 365:Drivers/STM32F0xx_HAL_Driver/Src/stm32f0xx_hal_exti.c ****     }
 580              		.loc 1 365 37 is_stmt 0 view .LVU208
 581 005a 1151     		str	r1, [r2, r4]
 582              		.loc 1 369 10 view .LVU209
 583 005c 0020     		movs	r0, #0
 584 005e 02E0     		b	.L33
 585              	.LVL45:
 586              	.L34:
 336:Drivers/STM32F0xx_HAL_Driver/Src/stm32f0xx_hal_exti.c ****   }
 587              		.loc 1 336 12 view .LVU210
 588 0060 0120     		movs	r0, #1
 589              	.LVL46:
 336:Drivers/STM32F0xx_HAL_Driver/Src/stm32f0xx_hal_exti.c ****   }
 590              		.loc 1 336 12 view .LVU211
ARM GAS  /var/folders/kr/g9ry2bg56g773797gdtkvvkw0000gn/T//cc8XLnWo.s 			page 19


 591 0062 00E0     		b	.L33
 592              	.LVL47:
 593              	.L35:
 594              		.loc 1 369 10 view .LVU212
 595 0064 0020     		movs	r0, #0
 596              	.LVL48:
 597              	.L33:
 370:Drivers/STM32F0xx_HAL_Driver/Src/stm32f0xx_hal_exti.c **** }
 598              		.loc 1 370 1 view .LVU213
 599              		@ sp needed
 600 0066 70BD     		pop	{r4, r5, r6, pc}
 601              	.L39:
 602              		.align	2
 603              	.L38:
 604 0068 00040140 		.word	1073808384
 605 006c 00000140 		.word	1073807360
 606              		.cfi_endproc
 607              	.LFE42:
 609              		.section	.text.HAL_EXTI_RegisterCallback,"ax",%progbits
 610              		.align	1
 611              		.global	HAL_EXTI_RegisterCallback
 612              		.syntax unified
 613              		.code	16
 614              		.thumb_func
 616              	HAL_EXTI_RegisterCallback:
 617              	.LVL49:
 618              	.LFB43:
 371:Drivers/STM32F0xx_HAL_Driver/Src/stm32f0xx_hal_exti.c **** 
 372:Drivers/STM32F0xx_HAL_Driver/Src/stm32f0xx_hal_exti.c **** /**
 373:Drivers/STM32F0xx_HAL_Driver/Src/stm32f0xx_hal_exti.c ****   * @brief  Register callback for a dedicated Exti line.
 374:Drivers/STM32F0xx_HAL_Driver/Src/stm32f0xx_hal_exti.c ****   * @param  hexti Exti handle.
 375:Drivers/STM32F0xx_HAL_Driver/Src/stm32f0xx_hal_exti.c ****   * @param  CallbackID User callback identifier.
 376:Drivers/STM32F0xx_HAL_Driver/Src/stm32f0xx_hal_exti.c ****   *         This parameter can be one of @arg @ref EXTI_CallbackIDTypeDef values.
 377:Drivers/STM32F0xx_HAL_Driver/Src/stm32f0xx_hal_exti.c ****   * @param  pPendingCbfn function pointer to be stored as callback.
 378:Drivers/STM32F0xx_HAL_Driver/Src/stm32f0xx_hal_exti.c ****   * @retval HAL Status.
 379:Drivers/STM32F0xx_HAL_Driver/Src/stm32f0xx_hal_exti.c ****   */
 380:Drivers/STM32F0xx_HAL_Driver/Src/stm32f0xx_hal_exti.c **** HAL_StatusTypeDef HAL_EXTI_RegisterCallback(EXTI_HandleTypeDef *hexti, EXTI_CallbackIDTypeDef Callb
 381:Drivers/STM32F0xx_HAL_Driver/Src/stm32f0xx_hal_exti.c **** {
 619              		.loc 1 381 1 is_stmt 1 view -0
 620              		.cfi_startproc
 621              		@ args = 0, pretend = 0, frame = 0
 622              		@ frame_needed = 0, uses_anonymous_args = 0
 623              		@ link register save eliminated.
 382:Drivers/STM32F0xx_HAL_Driver/Src/stm32f0xx_hal_exti.c ****   HAL_StatusTypeDef status = HAL_OK;
 624              		.loc 1 382 3 view .LVU215
 383:Drivers/STM32F0xx_HAL_Driver/Src/stm32f0xx_hal_exti.c **** 
 384:Drivers/STM32F0xx_HAL_Driver/Src/stm32f0xx_hal_exti.c ****   switch (CallbackID)
 625              		.loc 1 384 3 view .LVU216
 626 0000 0029     		cmp	r1, #0
 627 0002 02D1     		bne	.L42
 385:Drivers/STM32F0xx_HAL_Driver/Src/stm32f0xx_hal_exti.c ****   {
 386:Drivers/STM32F0xx_HAL_Driver/Src/stm32f0xx_hal_exti.c ****     case  HAL_EXTI_COMMON_CB_ID:
 387:Drivers/STM32F0xx_HAL_Driver/Src/stm32f0xx_hal_exti.c ****       hexti->PendingCallback = pPendingCbfn;
 628              		.loc 1 387 7 view .LVU217
 629              		.loc 1 387 30 is_stmt 0 view .LVU218
 630 0004 4260     		str	r2, [r0, #4]
 388:Drivers/STM32F0xx_HAL_Driver/Src/stm32f0xx_hal_exti.c ****       break;
ARM GAS  /var/folders/kr/g9ry2bg56g773797gdtkvvkw0000gn/T//cc8XLnWo.s 			page 20


 631              		.loc 1 388 7 is_stmt 1 view .LVU219
 382:Drivers/STM32F0xx_HAL_Driver/Src/stm32f0xx_hal_exti.c **** 
 632              		.loc 1 382 21 is_stmt 0 view .LVU220
 633 0006 0800     		movs	r0, r1
 634              	.LVL50:
 635              	.L41:
 389:Drivers/STM32F0xx_HAL_Driver/Src/stm32f0xx_hal_exti.c **** 
 390:Drivers/STM32F0xx_HAL_Driver/Src/stm32f0xx_hal_exti.c ****     default:
 391:Drivers/STM32F0xx_HAL_Driver/Src/stm32f0xx_hal_exti.c ****       status = HAL_ERROR;
 392:Drivers/STM32F0xx_HAL_Driver/Src/stm32f0xx_hal_exti.c ****       break;
 393:Drivers/STM32F0xx_HAL_Driver/Src/stm32f0xx_hal_exti.c ****   }
 394:Drivers/STM32F0xx_HAL_Driver/Src/stm32f0xx_hal_exti.c **** 
 395:Drivers/STM32F0xx_HAL_Driver/Src/stm32f0xx_hal_exti.c ****   return status;
 636              		.loc 1 395 3 is_stmt 1 view .LVU221
 396:Drivers/STM32F0xx_HAL_Driver/Src/stm32f0xx_hal_exti.c **** }
 637              		.loc 1 396 1 is_stmt 0 view .LVU222
 638              		@ sp needed
 639 0008 7047     		bx	lr
 640              	.LVL51:
 641              	.L42:
 391:Drivers/STM32F0xx_HAL_Driver/Src/stm32f0xx_hal_exti.c ****       break;
 642              		.loc 1 391 14 view .LVU223
 643 000a 0120     		movs	r0, #1
 644              	.LVL52:
 391:Drivers/STM32F0xx_HAL_Driver/Src/stm32f0xx_hal_exti.c ****       break;
 645              		.loc 1 391 14 view .LVU224
 646 000c FCE7     		b	.L41
 647              		.cfi_endproc
 648              	.LFE43:
 650              		.section	.text.HAL_EXTI_GetHandle,"ax",%progbits
 651              		.align	1
 652              		.global	HAL_EXTI_GetHandle
 653              		.syntax unified
 654              		.code	16
 655              		.thumb_func
 657              	HAL_EXTI_GetHandle:
 658              	.LVL53:
 659              	.LFB44:
 397:Drivers/STM32F0xx_HAL_Driver/Src/stm32f0xx_hal_exti.c **** 
 398:Drivers/STM32F0xx_HAL_Driver/Src/stm32f0xx_hal_exti.c **** /**
 399:Drivers/STM32F0xx_HAL_Driver/Src/stm32f0xx_hal_exti.c ****   * @brief  Store line number as handle private field.
 400:Drivers/STM32F0xx_HAL_Driver/Src/stm32f0xx_hal_exti.c ****   * @param  hexti Exti handle.
 401:Drivers/STM32F0xx_HAL_Driver/Src/stm32f0xx_hal_exti.c ****   * @param  ExtiLine Exti line number.
 402:Drivers/STM32F0xx_HAL_Driver/Src/stm32f0xx_hal_exti.c ****   *         This parameter can be from 0 to @ref EXTI_LINE_NB.
 403:Drivers/STM32F0xx_HAL_Driver/Src/stm32f0xx_hal_exti.c ****   * @retval HAL Status.
 404:Drivers/STM32F0xx_HAL_Driver/Src/stm32f0xx_hal_exti.c ****   */
 405:Drivers/STM32F0xx_HAL_Driver/Src/stm32f0xx_hal_exti.c **** HAL_StatusTypeDef HAL_EXTI_GetHandle(EXTI_HandleTypeDef *hexti, uint32_t ExtiLine)
 406:Drivers/STM32F0xx_HAL_Driver/Src/stm32f0xx_hal_exti.c **** {
 660              		.loc 1 406 1 is_stmt 1 view -0
 661              		.cfi_startproc
 662              		@ args = 0, pretend = 0, frame = 0
 663              		@ frame_needed = 0, uses_anonymous_args = 0
 664              		@ link register save eliminated.
 407:Drivers/STM32F0xx_HAL_Driver/Src/stm32f0xx_hal_exti.c ****   /* Check the parameters */
 408:Drivers/STM32F0xx_HAL_Driver/Src/stm32f0xx_hal_exti.c ****   assert_param(IS_EXTI_LINE(ExtiLine));
 665              		.loc 1 408 3 view .LVU226
 409:Drivers/STM32F0xx_HAL_Driver/Src/stm32f0xx_hal_exti.c **** 
ARM GAS  /var/folders/kr/g9ry2bg56g773797gdtkvvkw0000gn/T//cc8XLnWo.s 			page 21


 410:Drivers/STM32F0xx_HAL_Driver/Src/stm32f0xx_hal_exti.c ****   /* Check null pointer */
 411:Drivers/STM32F0xx_HAL_Driver/Src/stm32f0xx_hal_exti.c ****   if (hexti == NULL)
 666              		.loc 1 411 3 view .LVU227
 667              		.loc 1 411 6 is_stmt 0 view .LVU228
 668 0000 0028     		cmp	r0, #0
 669 0002 02D0     		beq	.L45
 412:Drivers/STM32F0xx_HAL_Driver/Src/stm32f0xx_hal_exti.c ****   {
 413:Drivers/STM32F0xx_HAL_Driver/Src/stm32f0xx_hal_exti.c ****     return HAL_ERROR;
 414:Drivers/STM32F0xx_HAL_Driver/Src/stm32f0xx_hal_exti.c ****   }
 415:Drivers/STM32F0xx_HAL_Driver/Src/stm32f0xx_hal_exti.c ****   else
 416:Drivers/STM32F0xx_HAL_Driver/Src/stm32f0xx_hal_exti.c ****   {
 417:Drivers/STM32F0xx_HAL_Driver/Src/stm32f0xx_hal_exti.c ****     /* Store line number as handle private field */
 418:Drivers/STM32F0xx_HAL_Driver/Src/stm32f0xx_hal_exti.c ****     hexti->Line = ExtiLine;
 670              		.loc 1 418 5 is_stmt 1 view .LVU229
 671              		.loc 1 418 17 is_stmt 0 view .LVU230
 672 0004 0160     		str	r1, [r0]
 419:Drivers/STM32F0xx_HAL_Driver/Src/stm32f0xx_hal_exti.c **** 
 420:Drivers/STM32F0xx_HAL_Driver/Src/stm32f0xx_hal_exti.c ****     return HAL_OK;
 673              		.loc 1 420 5 is_stmt 1 view .LVU231
 674              		.loc 1 420 12 is_stmt 0 view .LVU232
 675 0006 0020     		movs	r0, #0
 676              	.LVL54:
 677              	.L44:
 421:Drivers/STM32F0xx_HAL_Driver/Src/stm32f0xx_hal_exti.c ****   }
 422:Drivers/STM32F0xx_HAL_Driver/Src/stm32f0xx_hal_exti.c **** }
 678              		.loc 1 422 1 view .LVU233
 679              		@ sp needed
 680 0008 7047     		bx	lr
 681              	.LVL55:
 682              	.L45:
 413:Drivers/STM32F0xx_HAL_Driver/Src/stm32f0xx_hal_exti.c ****   }
 683              		.loc 1 413 12 view .LVU234
 684 000a 0120     		movs	r0, #1
 685              	.LVL56:
 413:Drivers/STM32F0xx_HAL_Driver/Src/stm32f0xx_hal_exti.c ****   }
 686              		.loc 1 413 12 view .LVU235
 687 000c FCE7     		b	.L44
 688              		.cfi_endproc
 689              	.LFE44:
 691              		.section	.text.HAL_EXTI_IRQHandler,"ax",%progbits
 692              		.align	1
 693              		.global	HAL_EXTI_IRQHandler
 694              		.syntax unified
 695              		.code	16
 696              		.thumb_func
 698              	HAL_EXTI_IRQHandler:
 699              	.LVL57:
 700              	.LFB45:
 423:Drivers/STM32F0xx_HAL_Driver/Src/stm32f0xx_hal_exti.c **** 
 424:Drivers/STM32F0xx_HAL_Driver/Src/stm32f0xx_hal_exti.c **** /**
 425:Drivers/STM32F0xx_HAL_Driver/Src/stm32f0xx_hal_exti.c ****   * @}
 426:Drivers/STM32F0xx_HAL_Driver/Src/stm32f0xx_hal_exti.c ****   */
 427:Drivers/STM32F0xx_HAL_Driver/Src/stm32f0xx_hal_exti.c **** 
 428:Drivers/STM32F0xx_HAL_Driver/Src/stm32f0xx_hal_exti.c **** /** @addtogroup EXTI_Exported_Functions_Group2
 429:Drivers/STM32F0xx_HAL_Driver/Src/stm32f0xx_hal_exti.c ****   *  @brief EXTI IO functions.
 430:Drivers/STM32F0xx_HAL_Driver/Src/stm32f0xx_hal_exti.c ****   *
 431:Drivers/STM32F0xx_HAL_Driver/Src/stm32f0xx_hal_exti.c **** @verbatim
ARM GAS  /var/folders/kr/g9ry2bg56g773797gdtkvvkw0000gn/T//cc8XLnWo.s 			page 22


 432:Drivers/STM32F0xx_HAL_Driver/Src/stm32f0xx_hal_exti.c ****  ===============================================================================
 433:Drivers/STM32F0xx_HAL_Driver/Src/stm32f0xx_hal_exti.c ****                        ##### IO operation functions #####
 434:Drivers/STM32F0xx_HAL_Driver/Src/stm32f0xx_hal_exti.c ****  ===============================================================================
 435:Drivers/STM32F0xx_HAL_Driver/Src/stm32f0xx_hal_exti.c **** 
 436:Drivers/STM32F0xx_HAL_Driver/Src/stm32f0xx_hal_exti.c **** @endverbatim
 437:Drivers/STM32F0xx_HAL_Driver/Src/stm32f0xx_hal_exti.c ****   * @{
 438:Drivers/STM32F0xx_HAL_Driver/Src/stm32f0xx_hal_exti.c ****   */
 439:Drivers/STM32F0xx_HAL_Driver/Src/stm32f0xx_hal_exti.c **** 
 440:Drivers/STM32F0xx_HAL_Driver/Src/stm32f0xx_hal_exti.c **** /**
 441:Drivers/STM32F0xx_HAL_Driver/Src/stm32f0xx_hal_exti.c ****   * @brief  Handle EXTI interrupt request.
 442:Drivers/STM32F0xx_HAL_Driver/Src/stm32f0xx_hal_exti.c ****   * @param  hexti Exti handle.
 443:Drivers/STM32F0xx_HAL_Driver/Src/stm32f0xx_hal_exti.c ****   * @retval none.
 444:Drivers/STM32F0xx_HAL_Driver/Src/stm32f0xx_hal_exti.c ****   */
 445:Drivers/STM32F0xx_HAL_Driver/Src/stm32f0xx_hal_exti.c **** void HAL_EXTI_IRQHandler(EXTI_HandleTypeDef *hexti)
 446:Drivers/STM32F0xx_HAL_Driver/Src/stm32f0xx_hal_exti.c **** {
 701              		.loc 1 446 1 is_stmt 1 view -0
 702              		.cfi_startproc
 703              		@ args = 0, pretend = 0, frame = 0
 704              		@ frame_needed = 0, uses_anonymous_args = 0
 705              		.loc 1 446 1 is_stmt 0 view .LVU237
 706 0000 10B5     		push	{r4, lr}
 707              	.LCFI3:
 708              		.cfi_def_cfa_offset 8
 709              		.cfi_offset 4, -8
 710              		.cfi_offset 14, -4
 447:Drivers/STM32F0xx_HAL_Driver/Src/stm32f0xx_hal_exti.c ****   uint32_t regval;
 711              		.loc 1 447 3 is_stmt 1 view .LVU238
 448:Drivers/STM32F0xx_HAL_Driver/Src/stm32f0xx_hal_exti.c ****   uint32_t maskline;
 712              		.loc 1 448 3 view .LVU239
 449:Drivers/STM32F0xx_HAL_Driver/Src/stm32f0xx_hal_exti.c **** 
 450:Drivers/STM32F0xx_HAL_Driver/Src/stm32f0xx_hal_exti.c ****   /* Compute line mask */
 451:Drivers/STM32F0xx_HAL_Driver/Src/stm32f0xx_hal_exti.c ****   maskline = (1uL << (hexti->Line & EXTI_PIN_MASK));
 713              		.loc 1 451 3 view .LVU240
 714              		.loc 1 451 28 is_stmt 0 view .LVU241
 715 0002 0368     		ldr	r3, [r0]
 716              		.loc 1 451 35 view .LVU242
 717 0004 1F22     		movs	r2, #31
 718 0006 1A40     		ands	r2, r3
 719              		.loc 1 451 12 view .LVU243
 720 0008 0123     		movs	r3, #1
 721 000a 9340     		lsls	r3, r3, r2
 722              	.LVL58:
 452:Drivers/STM32F0xx_HAL_Driver/Src/stm32f0xx_hal_exti.c **** 
 453:Drivers/STM32F0xx_HAL_Driver/Src/stm32f0xx_hal_exti.c ****   /* Get pending bit  */
 454:Drivers/STM32F0xx_HAL_Driver/Src/stm32f0xx_hal_exti.c ****   regval = (EXTI->PR & maskline);
 723              		.loc 1 454 3 is_stmt 1 view .LVU244
 724              		.loc 1 454 17 is_stmt 0 view .LVU245
 725 000c 054A     		ldr	r2, .L48
 726 000e 5269     		ldr	r2, [r2, #20]
 727              	.LVL59:
 455:Drivers/STM32F0xx_HAL_Driver/Src/stm32f0xx_hal_exti.c ****   if (regval != 0x00u)
 728              		.loc 1 455 3 is_stmt 1 view .LVU246
 729              		.loc 1 455 6 is_stmt 0 view .LVU247
 730 0010 1342     		tst	r3, r2
 731 0012 05D0     		beq	.L46
 456:Drivers/STM32F0xx_HAL_Driver/Src/stm32f0xx_hal_exti.c ****   {
 457:Drivers/STM32F0xx_HAL_Driver/Src/stm32f0xx_hal_exti.c ****     /* Clear pending bit */
ARM GAS  /var/folders/kr/g9ry2bg56g773797gdtkvvkw0000gn/T//cc8XLnWo.s 			page 23


 458:Drivers/STM32F0xx_HAL_Driver/Src/stm32f0xx_hal_exti.c ****     EXTI->PR = maskline;
 732              		.loc 1 458 5 is_stmt 1 view .LVU248
 733              		.loc 1 458 14 is_stmt 0 view .LVU249
 734 0014 034A     		ldr	r2, .L48
 735              	.LVL60:
 736              		.loc 1 458 14 view .LVU250
 737 0016 5361     		str	r3, [r2, #20]
 459:Drivers/STM32F0xx_HAL_Driver/Src/stm32f0xx_hal_exti.c **** 
 460:Drivers/STM32F0xx_HAL_Driver/Src/stm32f0xx_hal_exti.c ****     /* Call callback */
 461:Drivers/STM32F0xx_HAL_Driver/Src/stm32f0xx_hal_exti.c ****     if (hexti->PendingCallback != NULL)
 738              		.loc 1 461 5 is_stmt 1 view .LVU251
 739              		.loc 1 461 14 is_stmt 0 view .LVU252
 740 0018 4368     		ldr	r3, [r0, #4]
 741              	.LVL61:
 742              		.loc 1 461 8 view .LVU253
 743 001a 002B     		cmp	r3, #0
 744 001c 00D0     		beq	.L46
 462:Drivers/STM32F0xx_HAL_Driver/Src/stm32f0xx_hal_exti.c ****     {
 463:Drivers/STM32F0xx_HAL_Driver/Src/stm32f0xx_hal_exti.c ****       hexti->PendingCallback();
 745              		.loc 1 463 7 is_stmt 1 view .LVU254
 746 001e 9847     		blx	r3
 747              	.LVL62:
 748              	.L46:
 464:Drivers/STM32F0xx_HAL_Driver/Src/stm32f0xx_hal_exti.c ****     }
 465:Drivers/STM32F0xx_HAL_Driver/Src/stm32f0xx_hal_exti.c ****   }
 466:Drivers/STM32F0xx_HAL_Driver/Src/stm32f0xx_hal_exti.c **** }
 749              		.loc 1 466 1 is_stmt 0 view .LVU255
 750              		@ sp needed
 751 0020 10BD     		pop	{r4, pc}
 752              	.L49:
 753 0022 C046     		.align	2
 754              	.L48:
 755 0024 00040140 		.word	1073808384
 756              		.cfi_endproc
 757              	.LFE45:
 759              		.section	.text.HAL_EXTI_GetPending,"ax",%progbits
 760              		.align	1
 761              		.global	HAL_EXTI_GetPending
 762              		.syntax unified
 763              		.code	16
 764              		.thumb_func
 766              	HAL_EXTI_GetPending:
 767              	.LVL63:
 768              	.LFB46:
 467:Drivers/STM32F0xx_HAL_Driver/Src/stm32f0xx_hal_exti.c **** 
 468:Drivers/STM32F0xx_HAL_Driver/Src/stm32f0xx_hal_exti.c **** /**
 469:Drivers/STM32F0xx_HAL_Driver/Src/stm32f0xx_hal_exti.c ****   * @brief  Get interrupt pending bit of a dedicated line.
 470:Drivers/STM32F0xx_HAL_Driver/Src/stm32f0xx_hal_exti.c ****   * @param  hexti Exti handle.
 471:Drivers/STM32F0xx_HAL_Driver/Src/stm32f0xx_hal_exti.c ****   * @param  Edge Specify which pending edge as to be checked.
 472:Drivers/STM32F0xx_HAL_Driver/Src/stm32f0xx_hal_exti.c ****   *         This parameter can be one of the following values:
 473:Drivers/STM32F0xx_HAL_Driver/Src/stm32f0xx_hal_exti.c ****   *           @arg @ref EXTI_TRIGGER_RISING_FALLING
 474:Drivers/STM32F0xx_HAL_Driver/Src/stm32f0xx_hal_exti.c ****   *         This parameter is kept for compatibility with other series.
 475:Drivers/STM32F0xx_HAL_Driver/Src/stm32f0xx_hal_exti.c ****   * @retval 1 if interrupt is pending else 0.
 476:Drivers/STM32F0xx_HAL_Driver/Src/stm32f0xx_hal_exti.c ****   */
 477:Drivers/STM32F0xx_HAL_Driver/Src/stm32f0xx_hal_exti.c **** uint32_t HAL_EXTI_GetPending(EXTI_HandleTypeDef *hexti, uint32_t Edge)
 478:Drivers/STM32F0xx_HAL_Driver/Src/stm32f0xx_hal_exti.c **** {
 769              		.loc 1 478 1 is_stmt 1 view -0
ARM GAS  /var/folders/kr/g9ry2bg56g773797gdtkvvkw0000gn/T//cc8XLnWo.s 			page 24


 770              		.cfi_startproc
 771              		@ args = 0, pretend = 0, frame = 0
 772              		@ frame_needed = 0, uses_anonymous_args = 0
 773              		@ link register save eliminated.
 479:Drivers/STM32F0xx_HAL_Driver/Src/stm32f0xx_hal_exti.c ****   uint32_t regval;
 774              		.loc 1 479 3 view .LVU257
 480:Drivers/STM32F0xx_HAL_Driver/Src/stm32f0xx_hal_exti.c ****   uint32_t linepos;
 775              		.loc 1 480 3 view .LVU258
 481:Drivers/STM32F0xx_HAL_Driver/Src/stm32f0xx_hal_exti.c ****   uint32_t maskline;
 776              		.loc 1 481 3 view .LVU259
 482:Drivers/STM32F0xx_HAL_Driver/Src/stm32f0xx_hal_exti.c **** 
 483:Drivers/STM32F0xx_HAL_Driver/Src/stm32f0xx_hal_exti.c ****   /* Check parameters */
 484:Drivers/STM32F0xx_HAL_Driver/Src/stm32f0xx_hal_exti.c ****   assert_param(IS_EXTI_LINE(hexti->Line));
 777              		.loc 1 484 3 view .LVU260
 485:Drivers/STM32F0xx_HAL_Driver/Src/stm32f0xx_hal_exti.c ****   assert_param(IS_EXTI_CONFIG_LINE(hexti->Line));
 778              		.loc 1 485 3 view .LVU261
 486:Drivers/STM32F0xx_HAL_Driver/Src/stm32f0xx_hal_exti.c ****   assert_param(IS_EXTI_PENDING_EDGE(Edge));
 779              		.loc 1 486 3 view .LVU262
 487:Drivers/STM32F0xx_HAL_Driver/Src/stm32f0xx_hal_exti.c **** 
 488:Drivers/STM32F0xx_HAL_Driver/Src/stm32f0xx_hal_exti.c ****   /* Compute line mask */
 489:Drivers/STM32F0xx_HAL_Driver/Src/stm32f0xx_hal_exti.c ****   linepos = (hexti->Line & EXTI_PIN_MASK);
 780              		.loc 1 489 3 view .LVU263
 781              		.loc 1 489 19 is_stmt 0 view .LVU264
 782 0000 0268     		ldr	r2, [r0]
 783              		.loc 1 489 11 view .LVU265
 784 0002 1F23     		movs	r3, #31
 785 0004 1340     		ands	r3, r2
 786              	.LVL64:
 490:Drivers/STM32F0xx_HAL_Driver/Src/stm32f0xx_hal_exti.c ****   maskline = (1uL << linepos);
 787              		.loc 1 490 3 is_stmt 1 view .LVU266
 788              		.loc 1 490 12 is_stmt 0 view .LVU267
 789 0006 0120     		movs	r0, #1
 790              	.LVL65:
 791              		.loc 1 490 12 view .LVU268
 792 0008 9840     		lsls	r0, r0, r3
 793              	.LVL66:
 491:Drivers/STM32F0xx_HAL_Driver/Src/stm32f0xx_hal_exti.c **** 
 492:Drivers/STM32F0xx_HAL_Driver/Src/stm32f0xx_hal_exti.c ****   /* return 1 if bit is set else 0 */
 493:Drivers/STM32F0xx_HAL_Driver/Src/stm32f0xx_hal_exti.c ****   regval = ((EXTI->PR & maskline) >> linepos);
 794              		.loc 1 493 3 is_stmt 1 view .LVU269
 795              		.loc 1 493 18 is_stmt 0 view .LVU270
 796 000a 024A     		ldr	r2, .L51
 797 000c 5269     		ldr	r2, [r2, #20]
 798              		.loc 1 493 23 view .LVU271
 799 000e 1040     		ands	r0, r2
 800              	.LVL67:
 801              		.loc 1 493 10 view .LVU272
 802 0010 D840     		lsrs	r0, r0, r3
 803              	.LVL68:
 494:Drivers/STM32F0xx_HAL_Driver/Src/stm32f0xx_hal_exti.c ****   return regval;
 804              		.loc 1 494 3 is_stmt 1 view .LVU273
 495:Drivers/STM32F0xx_HAL_Driver/Src/stm32f0xx_hal_exti.c **** }
 805              		.loc 1 495 1 is_stmt 0 view .LVU274
 806              		@ sp needed
 807 0012 7047     		bx	lr
 808              	.L52:
 809              		.align	2
ARM GAS  /var/folders/kr/g9ry2bg56g773797gdtkvvkw0000gn/T//cc8XLnWo.s 			page 25


 810              	.L51:
 811 0014 00040140 		.word	1073808384
 812              		.cfi_endproc
 813              	.LFE46:
 815              		.section	.text.HAL_EXTI_ClearPending,"ax",%progbits
 816              		.align	1
 817              		.global	HAL_EXTI_ClearPending
 818              		.syntax unified
 819              		.code	16
 820              		.thumb_func
 822              	HAL_EXTI_ClearPending:
 823              	.LVL69:
 824              	.LFB47:
 496:Drivers/STM32F0xx_HAL_Driver/Src/stm32f0xx_hal_exti.c **** 
 497:Drivers/STM32F0xx_HAL_Driver/Src/stm32f0xx_hal_exti.c **** /**
 498:Drivers/STM32F0xx_HAL_Driver/Src/stm32f0xx_hal_exti.c ****   * @brief  Clear interrupt pending bit of a dedicated line.
 499:Drivers/STM32F0xx_HAL_Driver/Src/stm32f0xx_hal_exti.c ****   * @param  hexti Exti handle.
 500:Drivers/STM32F0xx_HAL_Driver/Src/stm32f0xx_hal_exti.c ****   * @param  Edge Specify which pending edge as to be clear.
 501:Drivers/STM32F0xx_HAL_Driver/Src/stm32f0xx_hal_exti.c ****   *         This parameter can be one of the following values:
 502:Drivers/STM32F0xx_HAL_Driver/Src/stm32f0xx_hal_exti.c ****   *           @arg @ref EXTI_TRIGGER_RISING_FALLING
 503:Drivers/STM32F0xx_HAL_Driver/Src/stm32f0xx_hal_exti.c ****   *         This parameter is kept for compatibility with other series.
 504:Drivers/STM32F0xx_HAL_Driver/Src/stm32f0xx_hal_exti.c ****   * @retval None.
 505:Drivers/STM32F0xx_HAL_Driver/Src/stm32f0xx_hal_exti.c ****   */
 506:Drivers/STM32F0xx_HAL_Driver/Src/stm32f0xx_hal_exti.c **** void HAL_EXTI_ClearPending(EXTI_HandleTypeDef *hexti, uint32_t Edge)
 507:Drivers/STM32F0xx_HAL_Driver/Src/stm32f0xx_hal_exti.c **** {
 825              		.loc 1 507 1 is_stmt 1 view -0
 826              		.cfi_startproc
 827              		@ args = 0, pretend = 0, frame = 0
 828              		@ frame_needed = 0, uses_anonymous_args = 0
 829              		@ link register save eliminated.
 508:Drivers/STM32F0xx_HAL_Driver/Src/stm32f0xx_hal_exti.c ****   uint32_t maskline;
 830              		.loc 1 508 3 view .LVU276
 509:Drivers/STM32F0xx_HAL_Driver/Src/stm32f0xx_hal_exti.c **** 
 510:Drivers/STM32F0xx_HAL_Driver/Src/stm32f0xx_hal_exti.c ****   /* Check parameters */
 511:Drivers/STM32F0xx_HAL_Driver/Src/stm32f0xx_hal_exti.c ****   assert_param(IS_EXTI_LINE(hexti->Line));
 831              		.loc 1 511 3 view .LVU277
 512:Drivers/STM32F0xx_HAL_Driver/Src/stm32f0xx_hal_exti.c ****   assert_param(IS_EXTI_CONFIG_LINE(hexti->Line));
 832              		.loc 1 512 3 view .LVU278
 513:Drivers/STM32F0xx_HAL_Driver/Src/stm32f0xx_hal_exti.c ****   assert_param(IS_EXTI_PENDING_EDGE(Edge));
 833              		.loc 1 513 3 view .LVU279
 514:Drivers/STM32F0xx_HAL_Driver/Src/stm32f0xx_hal_exti.c **** 
 515:Drivers/STM32F0xx_HAL_Driver/Src/stm32f0xx_hal_exti.c ****   /* Compute line mask */
 516:Drivers/STM32F0xx_HAL_Driver/Src/stm32f0xx_hal_exti.c ****   maskline = (1uL << (hexti->Line & EXTI_PIN_MASK));
 834              		.loc 1 516 3 view .LVU280
 835              		.loc 1 516 28 is_stmt 0 view .LVU281
 836 0000 0368     		ldr	r3, [r0]
 837              		.loc 1 516 35 view .LVU282
 838 0002 1F22     		movs	r2, #31
 839 0004 1A40     		ands	r2, r3
 840              		.loc 1 516 12 view .LVU283
 841 0006 0123     		movs	r3, #1
 842 0008 9340     		lsls	r3, r3, r2
 843              	.LVL70:
 517:Drivers/STM32F0xx_HAL_Driver/Src/stm32f0xx_hal_exti.c **** 
 518:Drivers/STM32F0xx_HAL_Driver/Src/stm32f0xx_hal_exti.c ****   /* Clear Pending bit */
 519:Drivers/STM32F0xx_HAL_Driver/Src/stm32f0xx_hal_exti.c ****   EXTI->PR =  maskline;
 844              		.loc 1 519 3 is_stmt 1 view .LVU284
ARM GAS  /var/folders/kr/g9ry2bg56g773797gdtkvvkw0000gn/T//cc8XLnWo.s 			page 26


 845              		.loc 1 519 12 is_stmt 0 view .LVU285
 846 000a 014A     		ldr	r2, .L54
 847 000c 5361     		str	r3, [r2, #20]
 520:Drivers/STM32F0xx_HAL_Driver/Src/stm32f0xx_hal_exti.c **** }
 848              		.loc 1 520 1 view .LVU286
 849              		@ sp needed
 850 000e 7047     		bx	lr
 851              	.L55:
 852              		.align	2
 853              	.L54:
 854 0010 00040140 		.word	1073808384
 855              		.cfi_endproc
 856              	.LFE47:
 858              		.section	.text.HAL_EXTI_GenerateSWI,"ax",%progbits
 859              		.align	1
 860              		.global	HAL_EXTI_GenerateSWI
 861              		.syntax unified
 862              		.code	16
 863              		.thumb_func
 865              	HAL_EXTI_GenerateSWI:
 866              	.LVL71:
 867              	.LFB48:
 521:Drivers/STM32F0xx_HAL_Driver/Src/stm32f0xx_hal_exti.c **** 
 522:Drivers/STM32F0xx_HAL_Driver/Src/stm32f0xx_hal_exti.c **** /**
 523:Drivers/STM32F0xx_HAL_Driver/Src/stm32f0xx_hal_exti.c ****   * @brief  Generate a software interrupt for a dedicated line.
 524:Drivers/STM32F0xx_HAL_Driver/Src/stm32f0xx_hal_exti.c ****   * @param  hexti Exti handle.
 525:Drivers/STM32F0xx_HAL_Driver/Src/stm32f0xx_hal_exti.c ****   * @retval None.
 526:Drivers/STM32F0xx_HAL_Driver/Src/stm32f0xx_hal_exti.c ****   */
 527:Drivers/STM32F0xx_HAL_Driver/Src/stm32f0xx_hal_exti.c **** void HAL_EXTI_GenerateSWI(EXTI_HandleTypeDef *hexti)
 528:Drivers/STM32F0xx_HAL_Driver/Src/stm32f0xx_hal_exti.c **** {
 868              		.loc 1 528 1 is_stmt 1 view -0
 869              		.cfi_startproc
 870              		@ args = 0, pretend = 0, frame = 0
 871              		@ frame_needed = 0, uses_anonymous_args = 0
 872              		@ link register save eliminated.
 529:Drivers/STM32F0xx_HAL_Driver/Src/stm32f0xx_hal_exti.c ****   uint32_t maskline;
 873              		.loc 1 529 3 view .LVU288
 530:Drivers/STM32F0xx_HAL_Driver/Src/stm32f0xx_hal_exti.c **** 
 531:Drivers/STM32F0xx_HAL_Driver/Src/stm32f0xx_hal_exti.c ****   /* Check parameters */
 532:Drivers/STM32F0xx_HAL_Driver/Src/stm32f0xx_hal_exti.c ****   assert_param(IS_EXTI_LINE(hexti->Line));
 874              		.loc 1 532 3 view .LVU289
 533:Drivers/STM32F0xx_HAL_Driver/Src/stm32f0xx_hal_exti.c ****   assert_param(IS_EXTI_CONFIG_LINE(hexti->Line));
 875              		.loc 1 533 3 view .LVU290
 534:Drivers/STM32F0xx_HAL_Driver/Src/stm32f0xx_hal_exti.c **** 
 535:Drivers/STM32F0xx_HAL_Driver/Src/stm32f0xx_hal_exti.c ****   /* Compute line mask */
 536:Drivers/STM32F0xx_HAL_Driver/Src/stm32f0xx_hal_exti.c ****   maskline = (1uL << (hexti->Line & EXTI_PIN_MASK));
 876              		.loc 1 536 3 view .LVU291
 877              		.loc 1 536 28 is_stmt 0 view .LVU292
 878 0000 0368     		ldr	r3, [r0]
 879              		.loc 1 536 35 view .LVU293
 880 0002 1F22     		movs	r2, #31
 881 0004 1A40     		ands	r2, r3
 882              		.loc 1 536 12 view .LVU294
 883 0006 0123     		movs	r3, #1
 884 0008 9340     		lsls	r3, r3, r2
 885              	.LVL72:
 537:Drivers/STM32F0xx_HAL_Driver/Src/stm32f0xx_hal_exti.c **** 
ARM GAS  /var/folders/kr/g9ry2bg56g773797gdtkvvkw0000gn/T//cc8XLnWo.s 			page 27


 538:Drivers/STM32F0xx_HAL_Driver/Src/stm32f0xx_hal_exti.c ****   /* Generate Software interrupt */
 539:Drivers/STM32F0xx_HAL_Driver/Src/stm32f0xx_hal_exti.c ****   EXTI->SWIER = maskline;
 886              		.loc 1 539 3 is_stmt 1 view .LVU295
 887              		.loc 1 539 15 is_stmt 0 view .LVU296
 888 000a 014A     		ldr	r2, .L57
 889 000c 1361     		str	r3, [r2, #16]
 540:Drivers/STM32F0xx_HAL_Driver/Src/stm32f0xx_hal_exti.c **** }
 890              		.loc 1 540 1 view .LVU297
 891              		@ sp needed
 892 000e 7047     		bx	lr
 893              	.L58:
 894              		.align	2
 895              	.L57:
 896 0010 00040140 		.word	1073808384
 897              		.cfi_endproc
 898              	.LFE48:
 900              		.text
 901              	.Letext0:
 902              		.file 2 "/Applications/ArmGNUToolchain/13.2.Rel1/arm-none-eabi/arm-none-eabi/include/machine/_defa
 903              		.file 3 "/Applications/ArmGNUToolchain/13.2.Rel1/arm-none-eabi/arm-none-eabi/include/sys/_stdint.h
 904              		.file 4 "Drivers/CMSIS/Device/ST/STM32F0xx/Include/stm32f072xb.h"
 905              		.file 5 "Drivers/STM32F0xx_HAL_Driver/Inc/stm32f0xx_hal_def.h"
 906              		.file 6 "Drivers/STM32F0xx_HAL_Driver/Inc/stm32f0xx_hal_exti.h"
ARM GAS  /var/folders/kr/g9ry2bg56g773797gdtkvvkw0000gn/T//cc8XLnWo.s 			page 28


DEFINED SYMBOLS
                            *ABS*:00000000 stm32f0xx_hal_exti.c
/var/folders/kr/g9ry2bg56g773797gdtkvvkw0000gn/T//cc8XLnWo.s:19     .text.HAL_EXTI_SetConfigLine:00000000 $t
/var/folders/kr/g9ry2bg56g773797gdtkvvkw0000gn/T//cc8XLnWo.s:25     .text.HAL_EXTI_SetConfigLine:00000000 HAL_EXTI_SetConfigLine
/var/folders/kr/g9ry2bg56g773797gdtkvvkw0000gn/T//cc8XLnWo.s:248    .text.HAL_EXTI_SetConfigLine:000000b8 $d
/var/folders/kr/g9ry2bg56g773797gdtkvvkw0000gn/T//cc8XLnWo.s:254    .text.HAL_EXTI_GetConfigLine:00000000 $t
/var/folders/kr/g9ry2bg56g773797gdtkvvkw0000gn/T//cc8XLnWo.s:260    .text.HAL_EXTI_GetConfigLine:00000000 HAL_EXTI_GetConfigLine
/var/folders/kr/g9ry2bg56g773797gdtkvvkw0000gn/T//cc8XLnWo.s:451    .text.HAL_EXTI_GetConfigLine:0000009c $d
/var/folders/kr/g9ry2bg56g773797gdtkvvkw0000gn/T//cc8XLnWo.s:457    .text.HAL_EXTI_ClearConfigLine:00000000 $t
/var/folders/kr/g9ry2bg56g773797gdtkvvkw0000gn/T//cc8XLnWo.s:463    .text.HAL_EXTI_ClearConfigLine:00000000 HAL_EXTI_ClearConfigLine
/var/folders/kr/g9ry2bg56g773797gdtkvvkw0000gn/T//cc8XLnWo.s:604    .text.HAL_EXTI_ClearConfigLine:00000068 $d
/var/folders/kr/g9ry2bg56g773797gdtkvvkw0000gn/T//cc8XLnWo.s:610    .text.HAL_EXTI_RegisterCallback:00000000 $t
/var/folders/kr/g9ry2bg56g773797gdtkvvkw0000gn/T//cc8XLnWo.s:616    .text.HAL_EXTI_RegisterCallback:00000000 HAL_EXTI_RegisterCallback
/var/folders/kr/g9ry2bg56g773797gdtkvvkw0000gn/T//cc8XLnWo.s:651    .text.HAL_EXTI_GetHandle:00000000 $t
/var/folders/kr/g9ry2bg56g773797gdtkvvkw0000gn/T//cc8XLnWo.s:657    .text.HAL_EXTI_GetHandle:00000000 HAL_EXTI_GetHandle
/var/folders/kr/g9ry2bg56g773797gdtkvvkw0000gn/T//cc8XLnWo.s:692    .text.HAL_EXTI_IRQHandler:00000000 $t
/var/folders/kr/g9ry2bg56g773797gdtkvvkw0000gn/T//cc8XLnWo.s:698    .text.HAL_EXTI_IRQHandler:00000000 HAL_EXTI_IRQHandler
/var/folders/kr/g9ry2bg56g773797gdtkvvkw0000gn/T//cc8XLnWo.s:755    .text.HAL_EXTI_IRQHandler:00000024 $d
/var/folders/kr/g9ry2bg56g773797gdtkvvkw0000gn/T//cc8XLnWo.s:760    .text.HAL_EXTI_GetPending:00000000 $t
/var/folders/kr/g9ry2bg56g773797gdtkvvkw0000gn/T//cc8XLnWo.s:766    .text.HAL_EXTI_GetPending:00000000 HAL_EXTI_GetPending
/var/folders/kr/g9ry2bg56g773797gdtkvvkw0000gn/T//cc8XLnWo.s:811    .text.HAL_EXTI_GetPending:00000014 $d
/var/folders/kr/g9ry2bg56g773797gdtkvvkw0000gn/T//cc8XLnWo.s:816    .text.HAL_EXTI_ClearPending:00000000 $t
/var/folders/kr/g9ry2bg56g773797gdtkvvkw0000gn/T//cc8XLnWo.s:822    .text.HAL_EXTI_ClearPending:00000000 HAL_EXTI_ClearPending
/var/folders/kr/g9ry2bg56g773797gdtkvvkw0000gn/T//cc8XLnWo.s:854    .text.HAL_EXTI_ClearPending:00000010 $d
/var/folders/kr/g9ry2bg56g773797gdtkvvkw0000gn/T//cc8XLnWo.s:859    .text.HAL_EXTI_GenerateSWI:00000000 $t
/var/folders/kr/g9ry2bg56g773797gdtkvvkw0000gn/T//cc8XLnWo.s:865    .text.HAL_EXTI_GenerateSWI:00000000 HAL_EXTI_GenerateSWI
/var/folders/kr/g9ry2bg56g773797gdtkvvkw0000gn/T//cc8XLnWo.s:896    .text.HAL_EXTI_GenerateSWI:00000010 $d

NO UNDEFINED SYMBOLS
