ARM GAS  /var/folders/kr/g9ry2bg56g773797gdtkvvkw0000gn/T//cc4Bv7VE.s 			page 1


   1              		.cpu cortex-m0
   2              		.arch armv6s-m
   3              		.fpu softvfp
   4              		.eabi_attribute 20, 1
   5              		.eabi_attribute 21, 1
   6              		.eabi_attribute 23, 3
   7              		.eabi_attribute 24, 1
   8              		.eabi_attribute 25, 1
   9              		.eabi_attribute 26, 1
  10              		.eabi_attribute 30, 1
  11              		.eabi_attribute 34, 0
  12              		.eabi_attribute 18, 4
  13              		.file	"stm32f0xx_hal_pwr.c"
  14              		.text
  15              	.Ltext0:
  16              		.cfi_sections	.debug_frame
  17              		.file 1 "Drivers/STM32F0xx_HAL_Driver/Src/stm32f0xx_hal_pwr.c"
  18              		.section	.text.HAL_PWR_DeInit,"ax",%progbits
  19              		.align	1
  20              		.global	HAL_PWR_DeInit
  21              		.syntax unified
  22              		.code	16
  23              		.thumb_func
  25              	HAL_PWR_DeInit:
  26              	.LFB40:
   1:Drivers/STM32F0xx_HAL_Driver/Src/stm32f0xx_hal_pwr.c **** /**
   2:Drivers/STM32F0xx_HAL_Driver/Src/stm32f0xx_hal_pwr.c ****   ******************************************************************************
   3:Drivers/STM32F0xx_HAL_Driver/Src/stm32f0xx_hal_pwr.c ****   * @file    stm32f0xx_hal_pwr.c
   4:Drivers/STM32F0xx_HAL_Driver/Src/stm32f0xx_hal_pwr.c ****   * @author  MCD Application Team
   5:Drivers/STM32F0xx_HAL_Driver/Src/stm32f0xx_hal_pwr.c ****   * @brief   PWR HAL module driver.
   6:Drivers/STM32F0xx_HAL_Driver/Src/stm32f0xx_hal_pwr.c ****   *          This file provides firmware functions to manage the following
   7:Drivers/STM32F0xx_HAL_Driver/Src/stm32f0xx_hal_pwr.c ****   *          functionalities of the Power Controller (PWR) peripheral:
   8:Drivers/STM32F0xx_HAL_Driver/Src/stm32f0xx_hal_pwr.c ****   *           + Initialization/de-initialization function
   9:Drivers/STM32F0xx_HAL_Driver/Src/stm32f0xx_hal_pwr.c ****   *           + Peripheral Control function
  10:Drivers/STM32F0xx_HAL_Driver/Src/stm32f0xx_hal_pwr.c ****   *
  11:Drivers/STM32F0xx_HAL_Driver/Src/stm32f0xx_hal_pwr.c ****   @verbatim
  12:Drivers/STM32F0xx_HAL_Driver/Src/stm32f0xx_hal_pwr.c ****   ******************************************************************************
  13:Drivers/STM32F0xx_HAL_Driver/Src/stm32f0xx_hal_pwr.c ****   * @attention
  14:Drivers/STM32F0xx_HAL_Driver/Src/stm32f0xx_hal_pwr.c ****   *
  15:Drivers/STM32F0xx_HAL_Driver/Src/stm32f0xx_hal_pwr.c ****   * <h2><center>&copy; Copyright (c) 2016 STMicroelectronics.
  16:Drivers/STM32F0xx_HAL_Driver/Src/stm32f0xx_hal_pwr.c ****   * All rights reserved.</center></h2>
  17:Drivers/STM32F0xx_HAL_Driver/Src/stm32f0xx_hal_pwr.c ****   *
  18:Drivers/STM32F0xx_HAL_Driver/Src/stm32f0xx_hal_pwr.c ****   * This software component is licensed by ST under BSD 3-Clause license,
  19:Drivers/STM32F0xx_HAL_Driver/Src/stm32f0xx_hal_pwr.c ****   * the "License"; You may not use this file except in compliance with the
  20:Drivers/STM32F0xx_HAL_Driver/Src/stm32f0xx_hal_pwr.c ****   * License. You may obtain a copy of the License at:
  21:Drivers/STM32F0xx_HAL_Driver/Src/stm32f0xx_hal_pwr.c ****   *                        opensource.org/licenses/BSD-3-Clause
  22:Drivers/STM32F0xx_HAL_Driver/Src/stm32f0xx_hal_pwr.c ****   *
  23:Drivers/STM32F0xx_HAL_Driver/Src/stm32f0xx_hal_pwr.c ****   ******************************************************************************
  24:Drivers/STM32F0xx_HAL_Driver/Src/stm32f0xx_hal_pwr.c ****   */
  25:Drivers/STM32F0xx_HAL_Driver/Src/stm32f0xx_hal_pwr.c **** 
  26:Drivers/STM32F0xx_HAL_Driver/Src/stm32f0xx_hal_pwr.c **** /* Includes ------------------------------------------------------------------*/
  27:Drivers/STM32F0xx_HAL_Driver/Src/stm32f0xx_hal_pwr.c **** #include "stm32f0xx_hal.h"
  28:Drivers/STM32F0xx_HAL_Driver/Src/stm32f0xx_hal_pwr.c **** 
  29:Drivers/STM32F0xx_HAL_Driver/Src/stm32f0xx_hal_pwr.c **** /** @addtogroup STM32F0xx_HAL_Driver
  30:Drivers/STM32F0xx_HAL_Driver/Src/stm32f0xx_hal_pwr.c ****   * @{
  31:Drivers/STM32F0xx_HAL_Driver/Src/stm32f0xx_hal_pwr.c ****   */
  32:Drivers/STM32F0xx_HAL_Driver/Src/stm32f0xx_hal_pwr.c **** 
ARM GAS  /var/folders/kr/g9ry2bg56g773797gdtkvvkw0000gn/T//cc4Bv7VE.s 			page 2


  33:Drivers/STM32F0xx_HAL_Driver/Src/stm32f0xx_hal_pwr.c **** /** @defgroup PWR PWR
  34:Drivers/STM32F0xx_HAL_Driver/Src/stm32f0xx_hal_pwr.c ****   * @brief PWR HAL module driver
  35:Drivers/STM32F0xx_HAL_Driver/Src/stm32f0xx_hal_pwr.c ****   * @{
  36:Drivers/STM32F0xx_HAL_Driver/Src/stm32f0xx_hal_pwr.c ****   */
  37:Drivers/STM32F0xx_HAL_Driver/Src/stm32f0xx_hal_pwr.c **** 
  38:Drivers/STM32F0xx_HAL_Driver/Src/stm32f0xx_hal_pwr.c **** #ifdef HAL_PWR_MODULE_ENABLED
  39:Drivers/STM32F0xx_HAL_Driver/Src/stm32f0xx_hal_pwr.c **** 
  40:Drivers/STM32F0xx_HAL_Driver/Src/stm32f0xx_hal_pwr.c **** /* Private typedef -----------------------------------------------------------*/
  41:Drivers/STM32F0xx_HAL_Driver/Src/stm32f0xx_hal_pwr.c **** /* Private define ------------------------------------------------------------*/
  42:Drivers/STM32F0xx_HAL_Driver/Src/stm32f0xx_hal_pwr.c **** /* Private macro -------------------------------------------------------------*/
  43:Drivers/STM32F0xx_HAL_Driver/Src/stm32f0xx_hal_pwr.c **** /* Private variables ---------------------------------------------------------*/
  44:Drivers/STM32F0xx_HAL_Driver/Src/stm32f0xx_hal_pwr.c **** /* Private function prototypes -----------------------------------------------*/
  45:Drivers/STM32F0xx_HAL_Driver/Src/stm32f0xx_hal_pwr.c **** /* Private functions ---------------------------------------------------------*/
  46:Drivers/STM32F0xx_HAL_Driver/Src/stm32f0xx_hal_pwr.c **** 
  47:Drivers/STM32F0xx_HAL_Driver/Src/stm32f0xx_hal_pwr.c **** /** @defgroup PWR_Exported_Functions PWR Exported Functions
  48:Drivers/STM32F0xx_HAL_Driver/Src/stm32f0xx_hal_pwr.c ****   * @{
  49:Drivers/STM32F0xx_HAL_Driver/Src/stm32f0xx_hal_pwr.c ****   */
  50:Drivers/STM32F0xx_HAL_Driver/Src/stm32f0xx_hal_pwr.c **** 
  51:Drivers/STM32F0xx_HAL_Driver/Src/stm32f0xx_hal_pwr.c **** /** @defgroup PWR_Exported_Functions_Group1 Initialization and de-initialization functions 
  52:Drivers/STM32F0xx_HAL_Driver/Src/stm32f0xx_hal_pwr.c ****   *  @brief    Initialization and de-initialization functions
  53:Drivers/STM32F0xx_HAL_Driver/Src/stm32f0xx_hal_pwr.c ****   *
  54:Drivers/STM32F0xx_HAL_Driver/Src/stm32f0xx_hal_pwr.c **** @verbatim
  55:Drivers/STM32F0xx_HAL_Driver/Src/stm32f0xx_hal_pwr.c ****  ===============================================================================
  56:Drivers/STM32F0xx_HAL_Driver/Src/stm32f0xx_hal_pwr.c ****               ##### Initialization and de-initialization functions #####
  57:Drivers/STM32F0xx_HAL_Driver/Src/stm32f0xx_hal_pwr.c ****  ===============================================================================
  58:Drivers/STM32F0xx_HAL_Driver/Src/stm32f0xx_hal_pwr.c ****     [..]
  59:Drivers/STM32F0xx_HAL_Driver/Src/stm32f0xx_hal_pwr.c ****       After reset, the backup domain (RTC registers, RTC backup data
  60:Drivers/STM32F0xx_HAL_Driver/Src/stm32f0xx_hal_pwr.c ****       registers) is protected against possible unwanted
  61:Drivers/STM32F0xx_HAL_Driver/Src/stm32f0xx_hal_pwr.c ****       write accesses.
  62:Drivers/STM32F0xx_HAL_Driver/Src/stm32f0xx_hal_pwr.c ****       To enable access to the RTC Domain and RTC registers, proceed as follows:
  63:Drivers/STM32F0xx_HAL_Driver/Src/stm32f0xx_hal_pwr.c ****         (+) Enable the Power Controller (PWR) APB1 interface clock using the
  64:Drivers/STM32F0xx_HAL_Driver/Src/stm32f0xx_hal_pwr.c ****             __HAL_RCC_PWR_CLK_ENABLE() macro.
  65:Drivers/STM32F0xx_HAL_Driver/Src/stm32f0xx_hal_pwr.c ****         (+) Enable access to RTC domain using the HAL_PWR_EnableBkUpAccess() function.
  66:Drivers/STM32F0xx_HAL_Driver/Src/stm32f0xx_hal_pwr.c **** 
  67:Drivers/STM32F0xx_HAL_Driver/Src/stm32f0xx_hal_pwr.c **** @endverbatim
  68:Drivers/STM32F0xx_HAL_Driver/Src/stm32f0xx_hal_pwr.c ****   * @{
  69:Drivers/STM32F0xx_HAL_Driver/Src/stm32f0xx_hal_pwr.c ****   */
  70:Drivers/STM32F0xx_HAL_Driver/Src/stm32f0xx_hal_pwr.c **** 
  71:Drivers/STM32F0xx_HAL_Driver/Src/stm32f0xx_hal_pwr.c **** /**
  72:Drivers/STM32F0xx_HAL_Driver/Src/stm32f0xx_hal_pwr.c ****   * @brief Deinitializes the PWR peripheral registers to their default reset values.
  73:Drivers/STM32F0xx_HAL_Driver/Src/stm32f0xx_hal_pwr.c ****   * @retval None
  74:Drivers/STM32F0xx_HAL_Driver/Src/stm32f0xx_hal_pwr.c ****   */
  75:Drivers/STM32F0xx_HAL_Driver/Src/stm32f0xx_hal_pwr.c **** void HAL_PWR_DeInit(void)
  76:Drivers/STM32F0xx_HAL_Driver/Src/stm32f0xx_hal_pwr.c **** {
  27              		.loc 1 76 1 view -0
  28              		.cfi_startproc
  29              		@ args = 0, pretend = 0, frame = 0
  30              		@ frame_needed = 0, uses_anonymous_args = 0
  31              		@ link register save eliminated.
  77:Drivers/STM32F0xx_HAL_Driver/Src/stm32f0xx_hal_pwr.c ****   __HAL_RCC_PWR_FORCE_RESET();
  32              		.loc 1 77 3 view .LVU1
  33 0000 054B     		ldr	r3, .L2
  34 0002 1969     		ldr	r1, [r3, #16]
  35 0004 8022     		movs	r2, #128
  36 0006 5205     		lsls	r2, r2, #21
  37 0008 0A43     		orrs	r2, r1
  38 000a 1A61     		str	r2, [r3, #16]
ARM GAS  /var/folders/kr/g9ry2bg56g773797gdtkvvkw0000gn/T//cc4Bv7VE.s 			page 3


  78:Drivers/STM32F0xx_HAL_Driver/Src/stm32f0xx_hal_pwr.c ****   __HAL_RCC_PWR_RELEASE_RESET();
  39              		.loc 1 78 3 view .LVU2
  40 000c 1A69     		ldr	r2, [r3, #16]
  41 000e 0349     		ldr	r1, .L2+4
  42 0010 0A40     		ands	r2, r1
  43 0012 1A61     		str	r2, [r3, #16]
  79:Drivers/STM32F0xx_HAL_Driver/Src/stm32f0xx_hal_pwr.c **** }
  44              		.loc 1 79 1 is_stmt 0 view .LVU3
  45              		@ sp needed
  46 0014 7047     		bx	lr
  47              	.L3:
  48 0016 C046     		.align	2
  49              	.L2:
  50 0018 00100240 		.word	1073876992
  51 001c FFFFFFEF 		.word	-268435457
  52              		.cfi_endproc
  53              	.LFE40:
  55              		.section	.text.HAL_PWR_EnableBkUpAccess,"ax",%progbits
  56              		.align	1
  57              		.global	HAL_PWR_EnableBkUpAccess
  58              		.syntax unified
  59              		.code	16
  60              		.thumb_func
  62              	HAL_PWR_EnableBkUpAccess:
  63              	.LFB41:
  80:Drivers/STM32F0xx_HAL_Driver/Src/stm32f0xx_hal_pwr.c **** 
  81:Drivers/STM32F0xx_HAL_Driver/Src/stm32f0xx_hal_pwr.c **** /**
  82:Drivers/STM32F0xx_HAL_Driver/Src/stm32f0xx_hal_pwr.c ****   * @brief Enables access to the backup domain (RTC registers, RTC
  83:Drivers/STM32F0xx_HAL_Driver/Src/stm32f0xx_hal_pwr.c ****   *         backup data registers when present).
  84:Drivers/STM32F0xx_HAL_Driver/Src/stm32f0xx_hal_pwr.c ****   * @note  If the HSE divided by 32 is used as the RTC clock, the
  85:Drivers/STM32F0xx_HAL_Driver/Src/stm32f0xx_hal_pwr.c ****   *         Backup Domain Access should be kept enabled.
  86:Drivers/STM32F0xx_HAL_Driver/Src/stm32f0xx_hal_pwr.c ****   * @retval None
  87:Drivers/STM32F0xx_HAL_Driver/Src/stm32f0xx_hal_pwr.c ****   */
  88:Drivers/STM32F0xx_HAL_Driver/Src/stm32f0xx_hal_pwr.c **** void HAL_PWR_EnableBkUpAccess(void)
  89:Drivers/STM32F0xx_HAL_Driver/Src/stm32f0xx_hal_pwr.c **** {
  64              		.loc 1 89 1 is_stmt 1 view -0
  65              		.cfi_startproc
  66              		@ args = 0, pretend = 0, frame = 0
  67              		@ frame_needed = 0, uses_anonymous_args = 0
  68              		@ link register save eliminated.
  90:Drivers/STM32F0xx_HAL_Driver/Src/stm32f0xx_hal_pwr.c ****   PWR->CR |= (uint32_t)PWR_CR_DBP;
  69              		.loc 1 90 3 view .LVU5
  70              		.loc 1 90 6 is_stmt 0 view .LVU6
  71 0000 034A     		ldr	r2, .L5
  72 0002 1168     		ldr	r1, [r2]
  73              		.loc 1 90 11 view .LVU7
  74 0004 8023     		movs	r3, #128
  75 0006 5B00     		lsls	r3, r3, #1
  76 0008 0B43     		orrs	r3, r1
  77 000a 1360     		str	r3, [r2]
  91:Drivers/STM32F0xx_HAL_Driver/Src/stm32f0xx_hal_pwr.c **** }
  78              		.loc 1 91 1 view .LVU8
  79              		@ sp needed
  80 000c 7047     		bx	lr
  81              	.L6:
  82 000e C046     		.align	2
  83              	.L5:
ARM GAS  /var/folders/kr/g9ry2bg56g773797gdtkvvkw0000gn/T//cc4Bv7VE.s 			page 4


  84 0010 00700040 		.word	1073770496
  85              		.cfi_endproc
  86              	.LFE41:
  88              		.section	.text.HAL_PWR_DisableBkUpAccess,"ax",%progbits
  89              		.align	1
  90              		.global	HAL_PWR_DisableBkUpAccess
  91              		.syntax unified
  92              		.code	16
  93              		.thumb_func
  95              	HAL_PWR_DisableBkUpAccess:
  96              	.LFB42:
  92:Drivers/STM32F0xx_HAL_Driver/Src/stm32f0xx_hal_pwr.c **** 
  93:Drivers/STM32F0xx_HAL_Driver/Src/stm32f0xx_hal_pwr.c **** /**
  94:Drivers/STM32F0xx_HAL_Driver/Src/stm32f0xx_hal_pwr.c ****   * @brief Disables access to the backup domain (RTC registers, RTC
  95:Drivers/STM32F0xx_HAL_Driver/Src/stm32f0xx_hal_pwr.c ****   *         backup data registers when present).
  96:Drivers/STM32F0xx_HAL_Driver/Src/stm32f0xx_hal_pwr.c ****   * @note  If the HSE divided by 32 is used as the RTC clock, the
  97:Drivers/STM32F0xx_HAL_Driver/Src/stm32f0xx_hal_pwr.c ****   *         Backup Domain Access should be kept enabled.
  98:Drivers/STM32F0xx_HAL_Driver/Src/stm32f0xx_hal_pwr.c ****   * @retval None
  99:Drivers/STM32F0xx_HAL_Driver/Src/stm32f0xx_hal_pwr.c ****   */
 100:Drivers/STM32F0xx_HAL_Driver/Src/stm32f0xx_hal_pwr.c **** void HAL_PWR_DisableBkUpAccess(void)
 101:Drivers/STM32F0xx_HAL_Driver/Src/stm32f0xx_hal_pwr.c **** {
  97              		.loc 1 101 1 is_stmt 1 view -0
  98              		.cfi_startproc
  99              		@ args = 0, pretend = 0, frame = 0
 100              		@ frame_needed = 0, uses_anonymous_args = 0
 101              		@ link register save eliminated.
 102:Drivers/STM32F0xx_HAL_Driver/Src/stm32f0xx_hal_pwr.c ****   PWR->CR &= ~((uint32_t)PWR_CR_DBP);
 102              		.loc 1 102 3 view .LVU10
 103              		.loc 1 102 6 is_stmt 0 view .LVU11
 104 0000 024A     		ldr	r2, .L8
 105 0002 1368     		ldr	r3, [r2]
 106              		.loc 1 102 11 view .LVU12
 107 0004 0249     		ldr	r1, .L8+4
 108 0006 0B40     		ands	r3, r1
 109 0008 1360     		str	r3, [r2]
 103:Drivers/STM32F0xx_HAL_Driver/Src/stm32f0xx_hal_pwr.c **** }
 110              		.loc 1 103 1 view .LVU13
 111              		@ sp needed
 112 000a 7047     		bx	lr
 113              	.L9:
 114              		.align	2
 115              	.L8:
 116 000c 00700040 		.word	1073770496
 117 0010 FFFEFFFF 		.word	-257
 118              		.cfi_endproc
 119              	.LFE42:
 121              		.section	.text.HAL_PWR_EnableWakeUpPin,"ax",%progbits
 122              		.align	1
 123              		.global	HAL_PWR_EnableWakeUpPin
 124              		.syntax unified
 125              		.code	16
 126              		.thumb_func
 128              	HAL_PWR_EnableWakeUpPin:
 129              	.LVL0:
 130              	.LFB43:
 104:Drivers/STM32F0xx_HAL_Driver/Src/stm32f0xx_hal_pwr.c **** 
 105:Drivers/STM32F0xx_HAL_Driver/Src/stm32f0xx_hal_pwr.c **** /**
ARM GAS  /var/folders/kr/g9ry2bg56g773797gdtkvvkw0000gn/T//cc4Bv7VE.s 			page 5


 106:Drivers/STM32F0xx_HAL_Driver/Src/stm32f0xx_hal_pwr.c ****   * @}
 107:Drivers/STM32F0xx_HAL_Driver/Src/stm32f0xx_hal_pwr.c ****   */
 108:Drivers/STM32F0xx_HAL_Driver/Src/stm32f0xx_hal_pwr.c **** 
 109:Drivers/STM32F0xx_HAL_Driver/Src/stm32f0xx_hal_pwr.c **** /** @defgroup PWR_Exported_Functions_Group2 Peripheral Control functions 
 110:Drivers/STM32F0xx_HAL_Driver/Src/stm32f0xx_hal_pwr.c ****   *  @brief Low Power modes configuration functions
 111:Drivers/STM32F0xx_HAL_Driver/Src/stm32f0xx_hal_pwr.c ****   *
 112:Drivers/STM32F0xx_HAL_Driver/Src/stm32f0xx_hal_pwr.c **** @verbatim
 113:Drivers/STM32F0xx_HAL_Driver/Src/stm32f0xx_hal_pwr.c **** 
 114:Drivers/STM32F0xx_HAL_Driver/Src/stm32f0xx_hal_pwr.c ****  ===============================================================================
 115:Drivers/STM32F0xx_HAL_Driver/Src/stm32f0xx_hal_pwr.c ****                  ##### Peripheral Control functions #####
 116:Drivers/STM32F0xx_HAL_Driver/Src/stm32f0xx_hal_pwr.c ****  ===============================================================================
 117:Drivers/STM32F0xx_HAL_Driver/Src/stm32f0xx_hal_pwr.c ****     
 118:Drivers/STM32F0xx_HAL_Driver/Src/stm32f0xx_hal_pwr.c ****     *** WakeUp pin configuration ***
 119:Drivers/STM32F0xx_HAL_Driver/Src/stm32f0xx_hal_pwr.c ****     ================================
 120:Drivers/STM32F0xx_HAL_Driver/Src/stm32f0xx_hal_pwr.c ****     [..]
 121:Drivers/STM32F0xx_HAL_Driver/Src/stm32f0xx_hal_pwr.c ****       (+) WakeUp pin is used to wakeup the system from Standby mode. This pin is
 122:Drivers/STM32F0xx_HAL_Driver/Src/stm32f0xx_hal_pwr.c ****           forced in input pull down configuration and is active on rising edges.
 123:Drivers/STM32F0xx_HAL_Driver/Src/stm32f0xx_hal_pwr.c ****       (+) There are two WakeUp pins, and up to eight Wakeup pins on STM32F07x & STM32F09x devices.
 124:Drivers/STM32F0xx_HAL_Driver/Src/stm32f0xx_hal_pwr.c ****          (++)WakeUp Pin 1 on PA.00.
 125:Drivers/STM32F0xx_HAL_Driver/Src/stm32f0xx_hal_pwr.c ****          (++)WakeUp Pin 2 on PC.13.
 126:Drivers/STM32F0xx_HAL_Driver/Src/stm32f0xx_hal_pwr.c ****          (++)WakeUp Pin 3 on PE.06.(STM32F07x/STM32F09x)
 127:Drivers/STM32F0xx_HAL_Driver/Src/stm32f0xx_hal_pwr.c ****          (++)WakeUp Pin 4 on PA.02.(STM32F07x/STM32F09x)
 128:Drivers/STM32F0xx_HAL_Driver/Src/stm32f0xx_hal_pwr.c ****          (++)WakeUp Pin 5 on PC.05.(STM32F07x/STM32F09x)
 129:Drivers/STM32F0xx_HAL_Driver/Src/stm32f0xx_hal_pwr.c ****          (++)WakeUp Pin 6 on PB.05.(STM32F07x/STM32F09x)
 130:Drivers/STM32F0xx_HAL_Driver/Src/stm32f0xx_hal_pwr.c ****          (++)WakeUp Pin 7 on PB.15.(STM32F07x/STM32F09x)
 131:Drivers/STM32F0xx_HAL_Driver/Src/stm32f0xx_hal_pwr.c ****          (++)WakeUp Pin 8 on PF.02.(STM32F07x/STM32F09x)
 132:Drivers/STM32F0xx_HAL_Driver/Src/stm32f0xx_hal_pwr.c **** 
 133:Drivers/STM32F0xx_HAL_Driver/Src/stm32f0xx_hal_pwr.c ****     *** Low Power modes configuration ***
 134:Drivers/STM32F0xx_HAL_Driver/Src/stm32f0xx_hal_pwr.c ****     =====================================
 135:Drivers/STM32F0xx_HAL_Driver/Src/stm32f0xx_hal_pwr.c ****     [..]
 136:Drivers/STM32F0xx_HAL_Driver/Src/stm32f0xx_hal_pwr.c ****       The devices feature 3 low-power modes:
 137:Drivers/STM32F0xx_HAL_Driver/Src/stm32f0xx_hal_pwr.c ****       (+) Sleep mode: Cortex-M0 core stopped, peripherals kept running.
 138:Drivers/STM32F0xx_HAL_Driver/Src/stm32f0xx_hal_pwr.c ****       (+) Stop mode: all clocks are stopped, regulator running, regulator
 139:Drivers/STM32F0xx_HAL_Driver/Src/stm32f0xx_hal_pwr.c ****           in low power mode
 140:Drivers/STM32F0xx_HAL_Driver/Src/stm32f0xx_hal_pwr.c ****       (+) Standby mode: 1.2V domain powered off (mode not available on STM32F0x8 devices).
 141:Drivers/STM32F0xx_HAL_Driver/Src/stm32f0xx_hal_pwr.c **** 
 142:Drivers/STM32F0xx_HAL_Driver/Src/stm32f0xx_hal_pwr.c ****    *** Sleep mode ***
 143:Drivers/STM32F0xx_HAL_Driver/Src/stm32f0xx_hal_pwr.c ****    ==================
 144:Drivers/STM32F0xx_HAL_Driver/Src/stm32f0xx_hal_pwr.c ****     [..]
 145:Drivers/STM32F0xx_HAL_Driver/Src/stm32f0xx_hal_pwr.c ****       (+) Entry:
 146:Drivers/STM32F0xx_HAL_Driver/Src/stm32f0xx_hal_pwr.c ****           The Sleep mode is entered by using the HAL_PWR_EnterSLEEPMode(PWR_MAINREGULATOR_ON, PWR_S
 147:Drivers/STM32F0xx_HAL_Driver/Src/stm32f0xx_hal_pwr.c ****               functions with
 148:Drivers/STM32F0xx_HAL_Driver/Src/stm32f0xx_hal_pwr.c ****           (++) PWR_SLEEPENTRY_WFI: enter SLEEP mode with WFI instruction
 149:Drivers/STM32F0xx_HAL_Driver/Src/stm32f0xx_hal_pwr.c ****           (++) PWR_SLEEPENTRY_WFE: enter SLEEP mode with WFE instruction
 150:Drivers/STM32F0xx_HAL_Driver/Src/stm32f0xx_hal_pwr.c ****      
 151:Drivers/STM32F0xx_HAL_Driver/Src/stm32f0xx_hal_pwr.c ****       (+) Exit:
 152:Drivers/STM32F0xx_HAL_Driver/Src/stm32f0xx_hal_pwr.c ****         (++) Any peripheral interrupt acknowledged by the nested vectored interrupt
 153:Drivers/STM32F0xx_HAL_Driver/Src/stm32f0xx_hal_pwr.c ****               controller (NVIC) can wake up the device from Sleep mode.
 154:Drivers/STM32F0xx_HAL_Driver/Src/stm32f0xx_hal_pwr.c **** 
 155:Drivers/STM32F0xx_HAL_Driver/Src/stm32f0xx_hal_pwr.c ****    *** Stop mode ***
 156:Drivers/STM32F0xx_HAL_Driver/Src/stm32f0xx_hal_pwr.c ****    =================
 157:Drivers/STM32F0xx_HAL_Driver/Src/stm32f0xx_hal_pwr.c ****     [..]
 158:Drivers/STM32F0xx_HAL_Driver/Src/stm32f0xx_hal_pwr.c ****       In Stop mode, all clocks in the 1.8V domain are stopped, the PLL, the HSI,
 159:Drivers/STM32F0xx_HAL_Driver/Src/stm32f0xx_hal_pwr.c ****       and the HSE RC oscillators are disabled. Internal SRAM and register contents
 160:Drivers/STM32F0xx_HAL_Driver/Src/stm32f0xx_hal_pwr.c ****       are preserved.
 161:Drivers/STM32F0xx_HAL_Driver/Src/stm32f0xx_hal_pwr.c ****       The voltage regulator can be configured either in normal or low-power mode.
 162:Drivers/STM32F0xx_HAL_Driver/Src/stm32f0xx_hal_pwr.c ****       To minimize the consumption.
ARM GAS  /var/folders/kr/g9ry2bg56g773797gdtkvvkw0000gn/T//cc4Bv7VE.s 			page 6


 163:Drivers/STM32F0xx_HAL_Driver/Src/stm32f0xx_hal_pwr.c **** 
 164:Drivers/STM32F0xx_HAL_Driver/Src/stm32f0xx_hal_pwr.c ****       (+) Entry:
 165:Drivers/STM32F0xx_HAL_Driver/Src/stm32f0xx_hal_pwr.c ****           The Stop mode is entered using the HAL_PWR_EnterSTOPMode(PWR_MAINREGULATOR_ON, PWR_STOPEN
 166:Drivers/STM32F0xx_HAL_Driver/Src/stm32f0xx_hal_pwr.c ****              function with:
 167:Drivers/STM32F0xx_HAL_Driver/Src/stm32f0xx_hal_pwr.c ****           (++) Main regulator ON.
 168:Drivers/STM32F0xx_HAL_Driver/Src/stm32f0xx_hal_pwr.c ****           (++) Low Power regulator ON.
 169:Drivers/STM32F0xx_HAL_Driver/Src/stm32f0xx_hal_pwr.c ****           (++) PWR_STOPENTRY_WFI: enter STOP mode with WFI instruction
 170:Drivers/STM32F0xx_HAL_Driver/Src/stm32f0xx_hal_pwr.c ****           (++) PWR_STOPENTRY_WFE: enter STOP mode with WFE instruction
 171:Drivers/STM32F0xx_HAL_Driver/Src/stm32f0xx_hal_pwr.c ****       (+) Exit:
 172:Drivers/STM32F0xx_HAL_Driver/Src/stm32f0xx_hal_pwr.c ****           (++) Any EXTI Line (Internal or External) configured in Interrupt/Event mode.
 173:Drivers/STM32F0xx_HAL_Driver/Src/stm32f0xx_hal_pwr.c ****           (++) Some specific communication peripherals (CEC, USART, I2C) interrupts, 
 174:Drivers/STM32F0xx_HAL_Driver/Src/stm32f0xx_hal_pwr.c ****                when programmed in wakeup mode (the peripheral must be 
 175:Drivers/STM32F0xx_HAL_Driver/Src/stm32f0xx_hal_pwr.c ****                programmed in wakeup mode and the corresponding interrupt vector 
 176:Drivers/STM32F0xx_HAL_Driver/Src/stm32f0xx_hal_pwr.c ****                must be enabled in the NVIC)
 177:Drivers/STM32F0xx_HAL_Driver/Src/stm32f0xx_hal_pwr.c **** 
 178:Drivers/STM32F0xx_HAL_Driver/Src/stm32f0xx_hal_pwr.c ****    *** Standby mode ***
 179:Drivers/STM32F0xx_HAL_Driver/Src/stm32f0xx_hal_pwr.c ****    ====================
 180:Drivers/STM32F0xx_HAL_Driver/Src/stm32f0xx_hal_pwr.c ****      [..]
 181:Drivers/STM32F0xx_HAL_Driver/Src/stm32f0xx_hal_pwr.c ****       The Standby mode allows to achieve the lowest power consumption. It is based
 182:Drivers/STM32F0xx_HAL_Driver/Src/stm32f0xx_hal_pwr.c ****       on the Cortex-M0 deep sleep mode, with the voltage regulator disabled.
 183:Drivers/STM32F0xx_HAL_Driver/Src/stm32f0xx_hal_pwr.c ****       The 1.8V domain is consequently powered off. The PLL, the HSI oscillator and
 184:Drivers/STM32F0xx_HAL_Driver/Src/stm32f0xx_hal_pwr.c ****       the HSE oscillator are also switched off. SRAM and register contents are lost
 185:Drivers/STM32F0xx_HAL_Driver/Src/stm32f0xx_hal_pwr.c ****       except for the RTC registers, RTC backup registers and Standby circuitry.
 186:Drivers/STM32F0xx_HAL_Driver/Src/stm32f0xx_hal_pwr.c ****       The voltage regulator is OFF.
 187:Drivers/STM32F0xx_HAL_Driver/Src/stm32f0xx_hal_pwr.c **** 
 188:Drivers/STM32F0xx_HAL_Driver/Src/stm32f0xx_hal_pwr.c ****       (+) Entry:
 189:Drivers/STM32F0xx_HAL_Driver/Src/stm32f0xx_hal_pwr.c ****           (++) The Standby mode is entered using the HAL_PWR_EnterSTANDBYMode() function.
 190:Drivers/STM32F0xx_HAL_Driver/Src/stm32f0xx_hal_pwr.c ****       (+) Exit:
 191:Drivers/STM32F0xx_HAL_Driver/Src/stm32f0xx_hal_pwr.c ****           (++) WKUP pin rising edge, RTC alarm (Alarm A), RTC wakeup,
 192:Drivers/STM32F0xx_HAL_Driver/Src/stm32f0xx_hal_pwr.c ****                tamper event, time-stamp event, external reset in NRST pin, IWDG reset.
 193:Drivers/STM32F0xx_HAL_Driver/Src/stm32f0xx_hal_pwr.c **** 
 194:Drivers/STM32F0xx_HAL_Driver/Src/stm32f0xx_hal_pwr.c ****    *** Auto-wakeup (AWU) from low-power mode ***
 195:Drivers/STM32F0xx_HAL_Driver/Src/stm32f0xx_hal_pwr.c ****    =============================================
 196:Drivers/STM32F0xx_HAL_Driver/Src/stm32f0xx_hal_pwr.c ****     [..]
 197:Drivers/STM32F0xx_HAL_Driver/Src/stm32f0xx_hal_pwr.c ****       The MCU can be woken up from low-power mode by an RTC Alarm event, an RTC
 198:Drivers/STM32F0xx_HAL_Driver/Src/stm32f0xx_hal_pwr.c ****       Wakeup event, a tamper event, a time-stamp event, or a comparator event, 
 199:Drivers/STM32F0xx_HAL_Driver/Src/stm32f0xx_hal_pwr.c ****       without depending on an external interrupt (Auto-wakeup mode).
 200:Drivers/STM32F0xx_HAL_Driver/Src/stm32f0xx_hal_pwr.c **** 
 201:Drivers/STM32F0xx_HAL_Driver/Src/stm32f0xx_hal_pwr.c ****     (+) RTC auto-wakeup (AWU) from the Stop and Standby modes
 202:Drivers/STM32F0xx_HAL_Driver/Src/stm32f0xx_hal_pwr.c **** 
 203:Drivers/STM32F0xx_HAL_Driver/Src/stm32f0xx_hal_pwr.c ****       (++) To wake up from the Stop mode with an RTC alarm event, it is necessary to
 204:Drivers/STM32F0xx_HAL_Driver/Src/stm32f0xx_hal_pwr.c ****             configure the RTC to generate the RTC alarm using the HAL_RTC_SetAlarm_IT() function.
 205:Drivers/STM32F0xx_HAL_Driver/Src/stm32f0xx_hal_pwr.c **** 
 206:Drivers/STM32F0xx_HAL_Driver/Src/stm32f0xx_hal_pwr.c ****       (++) To wake up from the Stop mode with an RTC Tamper or time stamp event, it
 207:Drivers/STM32F0xx_HAL_Driver/Src/stm32f0xx_hal_pwr.c ****            is necessary to configure the RTC to detect the tamper or time stamp event using the
 208:Drivers/STM32F0xx_HAL_Driver/Src/stm32f0xx_hal_pwr.c ****            HAL_RTC_SetTimeStamp_IT() or HAL_RTC_SetTamper_IT() functions.
 209:Drivers/STM32F0xx_HAL_Driver/Src/stm32f0xx_hal_pwr.c **** 
 210:Drivers/STM32F0xx_HAL_Driver/Src/stm32f0xx_hal_pwr.c ****       (++) To wake up from the Stop mode with an RTC WakeUp event, it is necessary to
 211:Drivers/STM32F0xx_HAL_Driver/Src/stm32f0xx_hal_pwr.c ****            configure the RTC to generate the RTC WakeUp event using the HAL_RTC_SetWakeUpTimer_IT()
 212:Drivers/STM32F0xx_HAL_Driver/Src/stm32f0xx_hal_pwr.c **** 
 213:Drivers/STM32F0xx_HAL_Driver/Src/stm32f0xx_hal_pwr.c ****     (+) Comparator auto-wakeup (AWU) from the Stop mode
 214:Drivers/STM32F0xx_HAL_Driver/Src/stm32f0xx_hal_pwr.c **** 
 215:Drivers/STM32F0xx_HAL_Driver/Src/stm32f0xx_hal_pwr.c ****       (++) To wake up from the Stop mode with a comparator wakeup event, it is necessary to:
 216:Drivers/STM32F0xx_HAL_Driver/Src/stm32f0xx_hal_pwr.c ****            (+++) Configure the EXTI Line associated with the comparator (example EXTI Line 22 for c
 217:Drivers/STM32F0xx_HAL_Driver/Src/stm32f0xx_hal_pwr.c ****                  to be sensitive to to the selected edges (falling, rising or falling 
 218:Drivers/STM32F0xx_HAL_Driver/Src/stm32f0xx_hal_pwr.c ****                  and rising) (Interrupt or Event modes) using the EXTI_Init() function.
 219:Drivers/STM32F0xx_HAL_Driver/Src/stm32f0xx_hal_pwr.c ****            (+++) Configure the comparator to generate the event.      
ARM GAS  /var/folders/kr/g9ry2bg56g773797gdtkvvkw0000gn/T//cc4Bv7VE.s 			page 7


 220:Drivers/STM32F0xx_HAL_Driver/Src/stm32f0xx_hal_pwr.c **** @endverbatim
 221:Drivers/STM32F0xx_HAL_Driver/Src/stm32f0xx_hal_pwr.c ****   * @{
 222:Drivers/STM32F0xx_HAL_Driver/Src/stm32f0xx_hal_pwr.c ****   */
 223:Drivers/STM32F0xx_HAL_Driver/Src/stm32f0xx_hal_pwr.c **** 
 224:Drivers/STM32F0xx_HAL_Driver/Src/stm32f0xx_hal_pwr.c **** /**
 225:Drivers/STM32F0xx_HAL_Driver/Src/stm32f0xx_hal_pwr.c ****   * @brief Enables the WakeUp PINx functionality.
 226:Drivers/STM32F0xx_HAL_Driver/Src/stm32f0xx_hal_pwr.c ****   * @param WakeUpPinx Specifies the Power Wake-Up pin to enable.
 227:Drivers/STM32F0xx_HAL_Driver/Src/stm32f0xx_hal_pwr.c ****   *         This parameter can be value of :
 228:Drivers/STM32F0xx_HAL_Driver/Src/stm32f0xx_hal_pwr.c ****   *           @ref PWREx_WakeUp_Pins
 229:Drivers/STM32F0xx_HAL_Driver/Src/stm32f0xx_hal_pwr.c ****   * @retval None
 230:Drivers/STM32F0xx_HAL_Driver/Src/stm32f0xx_hal_pwr.c ****   */
 231:Drivers/STM32F0xx_HAL_Driver/Src/stm32f0xx_hal_pwr.c **** void HAL_PWR_EnableWakeUpPin(uint32_t WakeUpPinx)
 232:Drivers/STM32F0xx_HAL_Driver/Src/stm32f0xx_hal_pwr.c **** {
 131              		.loc 1 232 1 is_stmt 1 view -0
 132              		.cfi_startproc
 133              		@ args = 0, pretend = 0, frame = 0
 134              		@ frame_needed = 0, uses_anonymous_args = 0
 135              		@ link register save eliminated.
 233:Drivers/STM32F0xx_HAL_Driver/Src/stm32f0xx_hal_pwr.c ****   /* Check the parameters */
 234:Drivers/STM32F0xx_HAL_Driver/Src/stm32f0xx_hal_pwr.c ****   assert_param(IS_PWR_WAKEUP_PIN(WakeUpPinx));
 136              		.loc 1 234 3 view .LVU15
 235:Drivers/STM32F0xx_HAL_Driver/Src/stm32f0xx_hal_pwr.c ****   /* Enable the EWUPx pin */
 236:Drivers/STM32F0xx_HAL_Driver/Src/stm32f0xx_hal_pwr.c ****   SET_BIT(PWR->CSR, WakeUpPinx);
 137              		.loc 1 236 3 view .LVU16
 138 0000 024A     		ldr	r2, .L11
 139 0002 5368     		ldr	r3, [r2, #4]
 140 0004 0343     		orrs	r3, r0
 141 0006 5360     		str	r3, [r2, #4]
 237:Drivers/STM32F0xx_HAL_Driver/Src/stm32f0xx_hal_pwr.c **** }
 142              		.loc 1 237 1 is_stmt 0 view .LVU17
 143              		@ sp needed
 144 0008 7047     		bx	lr
 145              	.L12:
 146 000a C046     		.align	2
 147              	.L11:
 148 000c 00700040 		.word	1073770496
 149              		.cfi_endproc
 150              	.LFE43:
 152              		.section	.text.HAL_PWR_DisableWakeUpPin,"ax",%progbits
 153              		.align	1
 154              		.global	HAL_PWR_DisableWakeUpPin
 155              		.syntax unified
 156              		.code	16
 157              		.thumb_func
 159              	HAL_PWR_DisableWakeUpPin:
 160              	.LVL1:
 161              	.LFB44:
 238:Drivers/STM32F0xx_HAL_Driver/Src/stm32f0xx_hal_pwr.c **** 
 239:Drivers/STM32F0xx_HAL_Driver/Src/stm32f0xx_hal_pwr.c **** /**
 240:Drivers/STM32F0xx_HAL_Driver/Src/stm32f0xx_hal_pwr.c ****   * @brief Disables the WakeUp PINx functionality.
 241:Drivers/STM32F0xx_HAL_Driver/Src/stm32f0xx_hal_pwr.c ****   * @param WakeUpPinx Specifies the Power Wake-Up pin to disable.
 242:Drivers/STM32F0xx_HAL_Driver/Src/stm32f0xx_hal_pwr.c ****   *         This parameter can be values of :
 243:Drivers/STM32F0xx_HAL_Driver/Src/stm32f0xx_hal_pwr.c ****   *           @ref PWREx_WakeUp_Pins
 244:Drivers/STM32F0xx_HAL_Driver/Src/stm32f0xx_hal_pwr.c ****   * @retval None
 245:Drivers/STM32F0xx_HAL_Driver/Src/stm32f0xx_hal_pwr.c ****   */
 246:Drivers/STM32F0xx_HAL_Driver/Src/stm32f0xx_hal_pwr.c **** void HAL_PWR_DisableWakeUpPin(uint32_t WakeUpPinx)
 247:Drivers/STM32F0xx_HAL_Driver/Src/stm32f0xx_hal_pwr.c **** {
ARM GAS  /var/folders/kr/g9ry2bg56g773797gdtkvvkw0000gn/T//cc4Bv7VE.s 			page 8


 162              		.loc 1 247 1 is_stmt 1 view -0
 163              		.cfi_startproc
 164              		@ args = 0, pretend = 0, frame = 0
 165              		@ frame_needed = 0, uses_anonymous_args = 0
 166              		@ link register save eliminated.
 248:Drivers/STM32F0xx_HAL_Driver/Src/stm32f0xx_hal_pwr.c ****   /* Check the parameters */
 249:Drivers/STM32F0xx_HAL_Driver/Src/stm32f0xx_hal_pwr.c ****   assert_param(IS_PWR_WAKEUP_PIN(WakeUpPinx));
 167              		.loc 1 249 3 view .LVU19
 250:Drivers/STM32F0xx_HAL_Driver/Src/stm32f0xx_hal_pwr.c ****   /* Disable the EWUPx pin */
 251:Drivers/STM32F0xx_HAL_Driver/Src/stm32f0xx_hal_pwr.c ****   CLEAR_BIT(PWR->CSR, WakeUpPinx);
 168              		.loc 1 251 3 view .LVU20
 169 0000 024A     		ldr	r2, .L14
 170 0002 5368     		ldr	r3, [r2, #4]
 171 0004 8343     		bics	r3, r0
 172 0006 5360     		str	r3, [r2, #4]
 252:Drivers/STM32F0xx_HAL_Driver/Src/stm32f0xx_hal_pwr.c **** }
 173              		.loc 1 252 1 is_stmt 0 view .LVU21
 174              		@ sp needed
 175 0008 7047     		bx	lr
 176              	.L15:
 177 000a C046     		.align	2
 178              	.L14:
 179 000c 00700040 		.word	1073770496
 180              		.cfi_endproc
 181              	.LFE44:
 183              		.section	.text.HAL_PWR_EnterSLEEPMode,"ax",%progbits
 184              		.align	1
 185              		.global	HAL_PWR_EnterSLEEPMode
 186              		.syntax unified
 187              		.code	16
 188              		.thumb_func
 190              	HAL_PWR_EnterSLEEPMode:
 191              	.LVL2:
 192              	.LFB45:
 253:Drivers/STM32F0xx_HAL_Driver/Src/stm32f0xx_hal_pwr.c **** 
 254:Drivers/STM32F0xx_HAL_Driver/Src/stm32f0xx_hal_pwr.c **** /**
 255:Drivers/STM32F0xx_HAL_Driver/Src/stm32f0xx_hal_pwr.c ****   * @brief Enters Sleep mode.
 256:Drivers/STM32F0xx_HAL_Driver/Src/stm32f0xx_hal_pwr.c ****   * @note  In Sleep mode, all I/O pins keep the same state as in Run mode.
 257:Drivers/STM32F0xx_HAL_Driver/Src/stm32f0xx_hal_pwr.c ****   * @param Regulator Specifies the regulator state in SLEEP mode.
 258:Drivers/STM32F0xx_HAL_Driver/Src/stm32f0xx_hal_pwr.c ****   *           On STM32F0 devices, this parameter is a dummy value and it is ignored
 259:Drivers/STM32F0xx_HAL_Driver/Src/stm32f0xx_hal_pwr.c ****   *           as regulator can't be modified in this mode. Parameter is kept for platform
 260:Drivers/STM32F0xx_HAL_Driver/Src/stm32f0xx_hal_pwr.c ****   *           compatibility.
 261:Drivers/STM32F0xx_HAL_Driver/Src/stm32f0xx_hal_pwr.c ****   * @param SLEEPEntry Specifies if SLEEP mode is entered with WFI or WFE instruction.
 262:Drivers/STM32F0xx_HAL_Driver/Src/stm32f0xx_hal_pwr.c ****   *           When WFI entry is used, tick interrupt have to be disabled if not desired as 
 263:Drivers/STM32F0xx_HAL_Driver/Src/stm32f0xx_hal_pwr.c ****   *           the interrupt wake up source.
 264:Drivers/STM32F0xx_HAL_Driver/Src/stm32f0xx_hal_pwr.c ****   *           This parameter can be one of the following values:
 265:Drivers/STM32F0xx_HAL_Driver/Src/stm32f0xx_hal_pwr.c ****   *            @arg PWR_SLEEPENTRY_WFI: enter SLEEP mode with WFI instruction
 266:Drivers/STM32F0xx_HAL_Driver/Src/stm32f0xx_hal_pwr.c ****   *            @arg PWR_SLEEPENTRY_WFE: enter SLEEP mode with WFE instruction
 267:Drivers/STM32F0xx_HAL_Driver/Src/stm32f0xx_hal_pwr.c ****   * @retval None
 268:Drivers/STM32F0xx_HAL_Driver/Src/stm32f0xx_hal_pwr.c ****   */
 269:Drivers/STM32F0xx_HAL_Driver/Src/stm32f0xx_hal_pwr.c **** void HAL_PWR_EnterSLEEPMode(uint32_t Regulator, uint8_t SLEEPEntry)
 270:Drivers/STM32F0xx_HAL_Driver/Src/stm32f0xx_hal_pwr.c **** {
 193              		.loc 1 270 1 is_stmt 1 view -0
 194              		.cfi_startproc
 195              		@ args = 0, pretend = 0, frame = 0
 196              		@ frame_needed = 0, uses_anonymous_args = 0
 197              		@ link register save eliminated.
ARM GAS  /var/folders/kr/g9ry2bg56g773797gdtkvvkw0000gn/T//cc4Bv7VE.s 			page 9


 271:Drivers/STM32F0xx_HAL_Driver/Src/stm32f0xx_hal_pwr.c ****   /* Check the parameters */
 272:Drivers/STM32F0xx_HAL_Driver/Src/stm32f0xx_hal_pwr.c ****   assert_param(IS_PWR_REGULATOR(Regulator));
 198              		.loc 1 272 3 view .LVU23
 273:Drivers/STM32F0xx_HAL_Driver/Src/stm32f0xx_hal_pwr.c ****   assert_param(IS_PWR_SLEEP_ENTRY(SLEEPEntry));
 199              		.loc 1 273 3 view .LVU24
 274:Drivers/STM32F0xx_HAL_Driver/Src/stm32f0xx_hal_pwr.c **** 
 275:Drivers/STM32F0xx_HAL_Driver/Src/stm32f0xx_hal_pwr.c ****   /* Clear SLEEPDEEP bit of Cortex System Control Register */
 276:Drivers/STM32F0xx_HAL_Driver/Src/stm32f0xx_hal_pwr.c ****   SCB->SCR &= (uint32_t)~((uint32_t)SCB_SCR_SLEEPDEEP_Msk);
 200              		.loc 1 276 3 view .LVU25
 201              		.loc 1 276 6 is_stmt 0 view .LVU26
 202 0000 064A     		ldr	r2, .L20
 203 0002 1369     		ldr	r3, [r2, #16]
 204              		.loc 1 276 12 view .LVU27
 205 0004 0420     		movs	r0, #4
 206              	.LVL3:
 207              		.loc 1 276 12 view .LVU28
 208 0006 8343     		bics	r3, r0
 209 0008 1361     		str	r3, [r2, #16]
 277:Drivers/STM32F0xx_HAL_Driver/Src/stm32f0xx_hal_pwr.c **** 
 278:Drivers/STM32F0xx_HAL_Driver/Src/stm32f0xx_hal_pwr.c ****   /* Select SLEEP mode entry -------------------------------------------------*/
 279:Drivers/STM32F0xx_HAL_Driver/Src/stm32f0xx_hal_pwr.c ****   if(SLEEPEntry == PWR_SLEEPENTRY_WFI)
 210              		.loc 1 279 3 is_stmt 1 view .LVU29
 211              		.loc 1 279 5 is_stmt 0 view .LVU30
 212 000a 0129     		cmp	r1, #1
 213 000c 03D0     		beq	.L19
 280:Drivers/STM32F0xx_HAL_Driver/Src/stm32f0xx_hal_pwr.c ****   {
 281:Drivers/STM32F0xx_HAL_Driver/Src/stm32f0xx_hal_pwr.c ****     /* Request Wait For Interrupt */
 282:Drivers/STM32F0xx_HAL_Driver/Src/stm32f0xx_hal_pwr.c ****     __WFI();
 283:Drivers/STM32F0xx_HAL_Driver/Src/stm32f0xx_hal_pwr.c ****   }
 284:Drivers/STM32F0xx_HAL_Driver/Src/stm32f0xx_hal_pwr.c ****   else
 285:Drivers/STM32F0xx_HAL_Driver/Src/stm32f0xx_hal_pwr.c ****   {
 286:Drivers/STM32F0xx_HAL_Driver/Src/stm32f0xx_hal_pwr.c ****     /* Request Wait For Event */
 287:Drivers/STM32F0xx_HAL_Driver/Src/stm32f0xx_hal_pwr.c ****     __SEV();
 214              		.loc 1 287 5 is_stmt 1 view .LVU31
 215              		.syntax divided
 216              	@ 287 "Drivers/STM32F0xx_HAL_Driver/Src/stm32f0xx_hal_pwr.c" 1
 217 000e 40BF     		sev
 218              	@ 0 "" 2
 288:Drivers/STM32F0xx_HAL_Driver/Src/stm32f0xx_hal_pwr.c ****     __WFE();
 219              		.loc 1 288 5 view .LVU32
 220              	@ 288 "Drivers/STM32F0xx_HAL_Driver/Src/stm32f0xx_hal_pwr.c" 1
 221 0010 20BF     		wfe
 222              	@ 0 "" 2
 289:Drivers/STM32F0xx_HAL_Driver/Src/stm32f0xx_hal_pwr.c ****     __WFE();
 223              		.loc 1 289 5 view .LVU33
 224              	@ 289 "Drivers/STM32F0xx_HAL_Driver/Src/stm32f0xx_hal_pwr.c" 1
 225 0012 20BF     		wfe
 226              	@ 0 "" 2
 227              		.thumb
 228              		.syntax unified
 229              	.L16:
 290:Drivers/STM32F0xx_HAL_Driver/Src/stm32f0xx_hal_pwr.c ****   }
 291:Drivers/STM32F0xx_HAL_Driver/Src/stm32f0xx_hal_pwr.c **** }
 230              		.loc 1 291 1 is_stmt 0 view .LVU34
 231              		@ sp needed
 232 0014 7047     		bx	lr
 233              	.L19:
ARM GAS  /var/folders/kr/g9ry2bg56g773797gdtkvvkw0000gn/T//cc4Bv7VE.s 			page 10


 282:Drivers/STM32F0xx_HAL_Driver/Src/stm32f0xx_hal_pwr.c ****   }
 234              		.loc 1 282 5 is_stmt 1 view .LVU35
 235              		.syntax divided
 236              	@ 282 "Drivers/STM32F0xx_HAL_Driver/Src/stm32f0xx_hal_pwr.c" 1
 237 0016 30BF     		wfi
 238              	@ 0 "" 2
 239              		.thumb
 240              		.syntax unified
 241 0018 FCE7     		b	.L16
 242              	.L21:
 243 001a C046     		.align	2
 244              	.L20:
 245 001c 00ED00E0 		.word	-536810240
 246              		.cfi_endproc
 247              	.LFE45:
 249              		.section	.text.HAL_PWR_EnterSTOPMode,"ax",%progbits
 250              		.align	1
 251              		.global	HAL_PWR_EnterSTOPMode
 252              		.syntax unified
 253              		.code	16
 254              		.thumb_func
 256              	HAL_PWR_EnterSTOPMode:
 257              	.LVL4:
 258              	.LFB46:
 292:Drivers/STM32F0xx_HAL_Driver/Src/stm32f0xx_hal_pwr.c **** 
 293:Drivers/STM32F0xx_HAL_Driver/Src/stm32f0xx_hal_pwr.c **** /**
 294:Drivers/STM32F0xx_HAL_Driver/Src/stm32f0xx_hal_pwr.c ****   * @brief Enters STOP mode.
 295:Drivers/STM32F0xx_HAL_Driver/Src/stm32f0xx_hal_pwr.c ****   * @note  In Stop mode, all I/O pins keep the same state as in Run mode.
 296:Drivers/STM32F0xx_HAL_Driver/Src/stm32f0xx_hal_pwr.c ****   * @note  When exiting Stop mode by issuing an interrupt or a wakeup event,
 297:Drivers/STM32F0xx_HAL_Driver/Src/stm32f0xx_hal_pwr.c ****   *         the HSI RC oscillator is selected as system clock.
 298:Drivers/STM32F0xx_HAL_Driver/Src/stm32f0xx_hal_pwr.c ****   * @note  When the voltage regulator operates in low power mode, an additional
 299:Drivers/STM32F0xx_HAL_Driver/Src/stm32f0xx_hal_pwr.c ****   *         startup delay is incurred when waking up from Stop mode.
 300:Drivers/STM32F0xx_HAL_Driver/Src/stm32f0xx_hal_pwr.c ****   *         By keeping the internal regulator ON during Stop mode, the consumption
 301:Drivers/STM32F0xx_HAL_Driver/Src/stm32f0xx_hal_pwr.c ****   *         is higher although the startup time is reduced.
 302:Drivers/STM32F0xx_HAL_Driver/Src/stm32f0xx_hal_pwr.c ****   * @param Regulator Specifies the regulator state in STOP mode.
 303:Drivers/STM32F0xx_HAL_Driver/Src/stm32f0xx_hal_pwr.c ****   *          This parameter can be one of the following values:
 304:Drivers/STM32F0xx_HAL_Driver/Src/stm32f0xx_hal_pwr.c ****   *            @arg PWR_MAINREGULATOR_ON: STOP mode with regulator ON
 305:Drivers/STM32F0xx_HAL_Driver/Src/stm32f0xx_hal_pwr.c ****   *            @arg PWR_LOWPOWERREGULATOR_ON: STOP mode with low power regulator ON
 306:Drivers/STM32F0xx_HAL_Driver/Src/stm32f0xx_hal_pwr.c ****   * @param STOPEntry specifies if STOP mode in entered with WFI or WFE instruction.
 307:Drivers/STM32F0xx_HAL_Driver/Src/stm32f0xx_hal_pwr.c ****   *          This parameter can be one of the following values:
 308:Drivers/STM32F0xx_HAL_Driver/Src/stm32f0xx_hal_pwr.c ****   *            @arg PWR_STOPENTRY_WFI:Enter STOP mode with WFI instruction
 309:Drivers/STM32F0xx_HAL_Driver/Src/stm32f0xx_hal_pwr.c ****   *            @arg PWR_STOPENTRY_WFE: Enter STOP mode with WFE instruction
 310:Drivers/STM32F0xx_HAL_Driver/Src/stm32f0xx_hal_pwr.c ****   * @retval None
 311:Drivers/STM32F0xx_HAL_Driver/Src/stm32f0xx_hal_pwr.c ****   */
 312:Drivers/STM32F0xx_HAL_Driver/Src/stm32f0xx_hal_pwr.c **** void HAL_PWR_EnterSTOPMode(uint32_t Regulator, uint8_t STOPEntry)
 313:Drivers/STM32F0xx_HAL_Driver/Src/stm32f0xx_hal_pwr.c **** {
 259              		.loc 1 313 1 view -0
 260              		.cfi_startproc
 261              		@ args = 0, pretend = 0, frame = 0
 262              		@ frame_needed = 0, uses_anonymous_args = 0
 263              		.loc 1 313 1 is_stmt 0 view .LVU37
 264 0000 10B5     		push	{r4, lr}
 265              	.LCFI0:
 266              		.cfi_def_cfa_offset 8
 267              		.cfi_offset 4, -8
 268              		.cfi_offset 14, -4
 314:Drivers/STM32F0xx_HAL_Driver/Src/stm32f0xx_hal_pwr.c ****   uint32_t tmpreg = 0;
ARM GAS  /var/folders/kr/g9ry2bg56g773797gdtkvvkw0000gn/T//cc4Bv7VE.s 			page 11


 269              		.loc 1 314 3 is_stmt 1 view .LVU38
 270              	.LVL5:
 315:Drivers/STM32F0xx_HAL_Driver/Src/stm32f0xx_hal_pwr.c **** 
 316:Drivers/STM32F0xx_HAL_Driver/Src/stm32f0xx_hal_pwr.c ****   /* Check the parameters */
 317:Drivers/STM32F0xx_HAL_Driver/Src/stm32f0xx_hal_pwr.c ****   assert_param(IS_PWR_REGULATOR(Regulator));
 271              		.loc 1 317 3 view .LVU39
 318:Drivers/STM32F0xx_HAL_Driver/Src/stm32f0xx_hal_pwr.c ****   assert_param(IS_PWR_STOP_ENTRY(STOPEntry));
 272              		.loc 1 318 3 view .LVU40
 319:Drivers/STM32F0xx_HAL_Driver/Src/stm32f0xx_hal_pwr.c **** 
 320:Drivers/STM32F0xx_HAL_Driver/Src/stm32f0xx_hal_pwr.c ****   /* Select the regulator state in STOP mode ---------------------------------*/
 321:Drivers/STM32F0xx_HAL_Driver/Src/stm32f0xx_hal_pwr.c ****   tmpreg = PWR->CR;
 273              		.loc 1 321 3 view .LVU41
 274              		.loc 1 321 10 is_stmt 0 view .LVU42
 275 0002 0C4A     		ldr	r2, .L26
 276 0004 1368     		ldr	r3, [r2]
 277              	.LVL6:
 322:Drivers/STM32F0xx_HAL_Driver/Src/stm32f0xx_hal_pwr.c ****   
 323:Drivers/STM32F0xx_HAL_Driver/Src/stm32f0xx_hal_pwr.c ****   /* Clear PDDS and LPDS bits */
 324:Drivers/STM32F0xx_HAL_Driver/Src/stm32f0xx_hal_pwr.c ****   tmpreg &= (uint32_t)~(PWR_CR_PDDS | PWR_CR_LPDS);
 278              		.loc 1 324 3 is_stmt 1 view .LVU43
 279              		.loc 1 324 10 is_stmt 0 view .LVU44
 280 0006 0324     		movs	r4, #3
 281 0008 A343     		bics	r3, r4
 282              	.LVL7:
 325:Drivers/STM32F0xx_HAL_Driver/Src/stm32f0xx_hal_pwr.c **** 
 326:Drivers/STM32F0xx_HAL_Driver/Src/stm32f0xx_hal_pwr.c ****   /* Set LPDS bit according to Regulator value */
 327:Drivers/STM32F0xx_HAL_Driver/Src/stm32f0xx_hal_pwr.c ****   tmpreg |= Regulator;
 283              		.loc 1 327 3 is_stmt 1 view .LVU45
 284              		.loc 1 327 10 is_stmt 0 view .LVU46
 285 000a 0343     		orrs	r3, r0
 286              	.LVL8:
 328:Drivers/STM32F0xx_HAL_Driver/Src/stm32f0xx_hal_pwr.c **** 
 329:Drivers/STM32F0xx_HAL_Driver/Src/stm32f0xx_hal_pwr.c ****   /* Store the new value */
 330:Drivers/STM32F0xx_HAL_Driver/Src/stm32f0xx_hal_pwr.c ****   PWR->CR = tmpreg;
 287              		.loc 1 330 3 is_stmt 1 view .LVU47
 288              		.loc 1 330 11 is_stmt 0 view .LVU48
 289 000c 1360     		str	r3, [r2]
 331:Drivers/STM32F0xx_HAL_Driver/Src/stm32f0xx_hal_pwr.c **** 
 332:Drivers/STM32F0xx_HAL_Driver/Src/stm32f0xx_hal_pwr.c ****   /* Set SLEEPDEEP bit of Cortex System Control Register */
 333:Drivers/STM32F0xx_HAL_Driver/Src/stm32f0xx_hal_pwr.c ****   SCB->SCR |= SCB_SCR_SLEEPDEEP_Msk;
 290              		.loc 1 333 3 is_stmt 1 view .LVU49
 291              		.loc 1 333 6 is_stmt 0 view .LVU50
 292 000e 0A4A     		ldr	r2, .L26+4
 293 0010 1369     		ldr	r3, [r2, #16]
 294              	.LVL9:
 295              		.loc 1 333 12 view .LVU51
 296 0012 0420     		movs	r0, #4
 297              	.LVL10:
 298              		.loc 1 333 12 view .LVU52
 299 0014 0343     		orrs	r3, r0
 300 0016 1361     		str	r3, [r2, #16]
 301              	.LVL11:
 334:Drivers/STM32F0xx_HAL_Driver/Src/stm32f0xx_hal_pwr.c **** 
 335:Drivers/STM32F0xx_HAL_Driver/Src/stm32f0xx_hal_pwr.c ****   /* Select STOP mode entry --------------------------------------------------*/
 336:Drivers/STM32F0xx_HAL_Driver/Src/stm32f0xx_hal_pwr.c ****   if(STOPEntry == PWR_STOPENTRY_WFI)
 302              		.loc 1 336 3 is_stmt 1 view .LVU53
 303              		.loc 1 336 5 is_stmt 0 view .LVU54
ARM GAS  /var/folders/kr/g9ry2bg56g773797gdtkvvkw0000gn/T//cc4Bv7VE.s 			page 12


 304 0018 0129     		cmp	r1, #1
 305 001a 08D0     		beq	.L25
 337:Drivers/STM32F0xx_HAL_Driver/Src/stm32f0xx_hal_pwr.c ****   {
 338:Drivers/STM32F0xx_HAL_Driver/Src/stm32f0xx_hal_pwr.c ****     /* Request Wait For Interrupt */
 339:Drivers/STM32F0xx_HAL_Driver/Src/stm32f0xx_hal_pwr.c ****     __WFI();
 340:Drivers/STM32F0xx_HAL_Driver/Src/stm32f0xx_hal_pwr.c ****   }
 341:Drivers/STM32F0xx_HAL_Driver/Src/stm32f0xx_hal_pwr.c ****   else
 342:Drivers/STM32F0xx_HAL_Driver/Src/stm32f0xx_hal_pwr.c ****   {
 343:Drivers/STM32F0xx_HAL_Driver/Src/stm32f0xx_hal_pwr.c ****     /* Request Wait For Event */
 344:Drivers/STM32F0xx_HAL_Driver/Src/stm32f0xx_hal_pwr.c ****     __SEV();
 306              		.loc 1 344 5 is_stmt 1 view .LVU55
 307              		.syntax divided
 308              	@ 344 "Drivers/STM32F0xx_HAL_Driver/Src/stm32f0xx_hal_pwr.c" 1
 309 001c 40BF     		sev
 310              	@ 0 "" 2
 345:Drivers/STM32F0xx_HAL_Driver/Src/stm32f0xx_hal_pwr.c ****     __WFE();
 311              		.loc 1 345 5 view .LVU56
 312              	@ 345 "Drivers/STM32F0xx_HAL_Driver/Src/stm32f0xx_hal_pwr.c" 1
 313 001e 20BF     		wfe
 314              	@ 0 "" 2
 346:Drivers/STM32F0xx_HAL_Driver/Src/stm32f0xx_hal_pwr.c ****     __WFE();
 315              		.loc 1 346 5 view .LVU57
 316              	@ 346 "Drivers/STM32F0xx_HAL_Driver/Src/stm32f0xx_hal_pwr.c" 1
 317 0020 20BF     		wfe
 318              	@ 0 "" 2
 319              		.thumb
 320              		.syntax unified
 321              	.L24:
 347:Drivers/STM32F0xx_HAL_Driver/Src/stm32f0xx_hal_pwr.c ****   }
 348:Drivers/STM32F0xx_HAL_Driver/Src/stm32f0xx_hal_pwr.c **** 
 349:Drivers/STM32F0xx_HAL_Driver/Src/stm32f0xx_hal_pwr.c ****   /* Reset SLEEPDEEP bit of Cortex System Control Register */
 350:Drivers/STM32F0xx_HAL_Driver/Src/stm32f0xx_hal_pwr.c ****   SCB->SCR &= (uint32_t)~((uint32_t)SCB_SCR_SLEEPDEEP_Msk);
 322              		.loc 1 350 3 view .LVU58
 323              		.loc 1 350 6 is_stmt 0 view .LVU59
 324 0022 054A     		ldr	r2, .L26+4
 325 0024 1369     		ldr	r3, [r2, #16]
 326              		.loc 1 350 12 view .LVU60
 327 0026 0421     		movs	r1, #4
 328              	.LVL12:
 329              		.loc 1 350 12 view .LVU61
 330 0028 8B43     		bics	r3, r1
 331 002a 1361     		str	r3, [r2, #16]
 351:Drivers/STM32F0xx_HAL_Driver/Src/stm32f0xx_hal_pwr.c **** }
 332              		.loc 1 351 1 view .LVU62
 333              		@ sp needed
 334              		.loc 1 351 1 view .LVU63
 335 002c 10BD     		pop	{r4, pc}
 336              	.LVL13:
 337              	.L25:
 339:Drivers/STM32F0xx_HAL_Driver/Src/stm32f0xx_hal_pwr.c ****   }
 338              		.loc 1 339 5 is_stmt 1 view .LVU64
 339              		.syntax divided
 340              	@ 339 "Drivers/STM32F0xx_HAL_Driver/Src/stm32f0xx_hal_pwr.c" 1
 341 002e 30BF     		wfi
 342              	@ 0 "" 2
 343              		.thumb
 344              		.syntax unified
ARM GAS  /var/folders/kr/g9ry2bg56g773797gdtkvvkw0000gn/T//cc4Bv7VE.s 			page 13


 345 0030 F7E7     		b	.L24
 346              	.L27:
 347 0032 C046     		.align	2
 348              	.L26:
 349 0034 00700040 		.word	1073770496
 350 0038 00ED00E0 		.word	-536810240
 351              		.cfi_endproc
 352              	.LFE46:
 354              		.section	.text.HAL_PWR_EnterSTANDBYMode,"ax",%progbits
 355              		.align	1
 356              		.global	HAL_PWR_EnterSTANDBYMode
 357              		.syntax unified
 358              		.code	16
 359              		.thumb_func
 361              	HAL_PWR_EnterSTANDBYMode:
 362              	.LFB47:
 352:Drivers/STM32F0xx_HAL_Driver/Src/stm32f0xx_hal_pwr.c **** 
 353:Drivers/STM32F0xx_HAL_Driver/Src/stm32f0xx_hal_pwr.c **** /**
 354:Drivers/STM32F0xx_HAL_Driver/Src/stm32f0xx_hal_pwr.c ****   * @brief Enters STANDBY mode.
 355:Drivers/STM32F0xx_HAL_Driver/Src/stm32f0xx_hal_pwr.c ****   * @note  In Standby mode, all I/O pins are high impedance except for:
 356:Drivers/STM32F0xx_HAL_Driver/Src/stm32f0xx_hal_pwr.c ****   *          - Reset pad (still available)
 357:Drivers/STM32F0xx_HAL_Driver/Src/stm32f0xx_hal_pwr.c ****   *          - RTC alternate function pins if configured for tamper, time-stamp, RTC
 358:Drivers/STM32F0xx_HAL_Driver/Src/stm32f0xx_hal_pwr.c ****   *            Alarm out, or RTC clock calibration out.
 359:Drivers/STM32F0xx_HAL_Driver/Src/stm32f0xx_hal_pwr.c ****   *          - WKUP pins if enabled.
 360:Drivers/STM32F0xx_HAL_Driver/Src/stm32f0xx_hal_pwr.c ****   *            STM32F0x8 devices, the Stop mode is available, but it is 
 361:Drivers/STM32F0xx_HAL_Driver/Src/stm32f0xx_hal_pwr.c ****   *            aningless to distinguish between voltage regulator in Low power 
 362:Drivers/STM32F0xx_HAL_Driver/Src/stm32f0xx_hal_pwr.c ****   *            mode and voltage regulator in Run mode because the regulator 
 363:Drivers/STM32F0xx_HAL_Driver/Src/stm32f0xx_hal_pwr.c ****   *            not used and the core is supplied directly from an external source.
 364:Drivers/STM32F0xx_HAL_Driver/Src/stm32f0xx_hal_pwr.c ****   *            Consequently, the Standby mode is not available on those devices.
 365:Drivers/STM32F0xx_HAL_Driver/Src/stm32f0xx_hal_pwr.c ****   * @retval None
 366:Drivers/STM32F0xx_HAL_Driver/Src/stm32f0xx_hal_pwr.c ****   */
 367:Drivers/STM32F0xx_HAL_Driver/Src/stm32f0xx_hal_pwr.c **** void HAL_PWR_EnterSTANDBYMode(void)
 368:Drivers/STM32F0xx_HAL_Driver/Src/stm32f0xx_hal_pwr.c **** {
 363              		.loc 1 368 1 view -0
 364              		.cfi_startproc
 365              		@ args = 0, pretend = 0, frame = 0
 366              		@ frame_needed = 0, uses_anonymous_args = 0
 367              		@ link register save eliminated.
 369:Drivers/STM32F0xx_HAL_Driver/Src/stm32f0xx_hal_pwr.c ****   /* Select STANDBY mode */
 370:Drivers/STM32F0xx_HAL_Driver/Src/stm32f0xx_hal_pwr.c ****   PWR->CR |= (uint32_t)PWR_CR_PDDS;
 368              		.loc 1 370 3 view .LVU66
 369              		.loc 1 370 6 is_stmt 0 view .LVU67
 370 0000 054A     		ldr	r2, .L29
 371 0002 1368     		ldr	r3, [r2]
 372              		.loc 1 370 11 view .LVU68
 373 0004 0221     		movs	r1, #2
 374 0006 0B43     		orrs	r3, r1
 375 0008 1360     		str	r3, [r2]
 371:Drivers/STM32F0xx_HAL_Driver/Src/stm32f0xx_hal_pwr.c **** 
 372:Drivers/STM32F0xx_HAL_Driver/Src/stm32f0xx_hal_pwr.c ****   /* Set SLEEPDEEP bit of Cortex System Control Register */
 373:Drivers/STM32F0xx_HAL_Driver/Src/stm32f0xx_hal_pwr.c ****   SCB->SCR |= SCB_SCR_SLEEPDEEP_Msk;
 376              		.loc 1 373 3 is_stmt 1 view .LVU69
 377              		.loc 1 373 6 is_stmt 0 view .LVU70
 378 000a 044A     		ldr	r2, .L29+4
 379 000c 1369     		ldr	r3, [r2, #16]
 380              		.loc 1 373 12 view .LVU71
 381 000e 0231     		adds	r1, r1, #2
ARM GAS  /var/folders/kr/g9ry2bg56g773797gdtkvvkw0000gn/T//cc4Bv7VE.s 			page 14


 382 0010 0B43     		orrs	r3, r1
 383 0012 1361     		str	r3, [r2, #16]
 374:Drivers/STM32F0xx_HAL_Driver/Src/stm32f0xx_hal_pwr.c **** 
 375:Drivers/STM32F0xx_HAL_Driver/Src/stm32f0xx_hal_pwr.c ****   /* This option is used to ensure that store operations are completed */
 376:Drivers/STM32F0xx_HAL_Driver/Src/stm32f0xx_hal_pwr.c **** #if defined ( __CC_ARM)
 377:Drivers/STM32F0xx_HAL_Driver/Src/stm32f0xx_hal_pwr.c ****   __force_stores();
 378:Drivers/STM32F0xx_HAL_Driver/Src/stm32f0xx_hal_pwr.c **** #endif
 379:Drivers/STM32F0xx_HAL_Driver/Src/stm32f0xx_hal_pwr.c ****   /* Request Wait For Interrupt */
 380:Drivers/STM32F0xx_HAL_Driver/Src/stm32f0xx_hal_pwr.c ****   __WFI();
 384              		.loc 1 380 3 is_stmt 1 view .LVU72
 385              		.syntax divided
 386              	@ 380 "Drivers/STM32F0xx_HAL_Driver/Src/stm32f0xx_hal_pwr.c" 1
 387 0014 30BF     		wfi
 388              	@ 0 "" 2
 381:Drivers/STM32F0xx_HAL_Driver/Src/stm32f0xx_hal_pwr.c **** }
 389              		.loc 1 381 1 is_stmt 0 view .LVU73
 390              		.thumb
 391              		.syntax unified
 392              		@ sp needed
 393 0016 7047     		bx	lr
 394              	.L30:
 395              		.align	2
 396              	.L29:
 397 0018 00700040 		.word	1073770496
 398 001c 00ED00E0 		.word	-536810240
 399              		.cfi_endproc
 400              	.LFE47:
 402              		.section	.text.HAL_PWR_EnableSleepOnExit,"ax",%progbits
 403              		.align	1
 404              		.global	HAL_PWR_EnableSleepOnExit
 405              		.syntax unified
 406              		.code	16
 407              		.thumb_func
 409              	HAL_PWR_EnableSleepOnExit:
 410              	.LFB48:
 382:Drivers/STM32F0xx_HAL_Driver/Src/stm32f0xx_hal_pwr.c **** 
 383:Drivers/STM32F0xx_HAL_Driver/Src/stm32f0xx_hal_pwr.c **** /**
 384:Drivers/STM32F0xx_HAL_Driver/Src/stm32f0xx_hal_pwr.c ****   * @brief Indicates Sleep-On-Exit when returning from Handler mode to Thread mode. 
 385:Drivers/STM32F0xx_HAL_Driver/Src/stm32f0xx_hal_pwr.c ****   * @note Set SLEEPONEXIT bit of SCR register. When this bit is set, the processor 
 386:Drivers/STM32F0xx_HAL_Driver/Src/stm32f0xx_hal_pwr.c ****   *       re-enters SLEEP mode when an interruption handling is over.
 387:Drivers/STM32F0xx_HAL_Driver/Src/stm32f0xx_hal_pwr.c ****   *       Setting this bit is useful when the processor is expected to run only on
 388:Drivers/STM32F0xx_HAL_Driver/Src/stm32f0xx_hal_pwr.c ****   *       interruptions handling.         
 389:Drivers/STM32F0xx_HAL_Driver/Src/stm32f0xx_hal_pwr.c ****   * @retval None
 390:Drivers/STM32F0xx_HAL_Driver/Src/stm32f0xx_hal_pwr.c ****   */
 391:Drivers/STM32F0xx_HAL_Driver/Src/stm32f0xx_hal_pwr.c **** void HAL_PWR_EnableSleepOnExit(void)
 392:Drivers/STM32F0xx_HAL_Driver/Src/stm32f0xx_hal_pwr.c **** {
 411              		.loc 1 392 1 is_stmt 1 view -0
 412              		.cfi_startproc
 413              		@ args = 0, pretend = 0, frame = 0
 414              		@ frame_needed = 0, uses_anonymous_args = 0
 415              		@ link register save eliminated.
 393:Drivers/STM32F0xx_HAL_Driver/Src/stm32f0xx_hal_pwr.c ****   /* Set SLEEPONEXIT bit of Cortex System Control Register */
 394:Drivers/STM32F0xx_HAL_Driver/Src/stm32f0xx_hal_pwr.c ****   SET_BIT(SCB->SCR, ((uint32_t)SCB_SCR_SLEEPONEXIT_Msk));
 416              		.loc 1 394 3 view .LVU75
 417 0000 024A     		ldr	r2, .L32
 418 0002 1369     		ldr	r3, [r2, #16]
 419 0004 0221     		movs	r1, #2
ARM GAS  /var/folders/kr/g9ry2bg56g773797gdtkvvkw0000gn/T//cc4Bv7VE.s 			page 15


 420 0006 0B43     		orrs	r3, r1
 421 0008 1361     		str	r3, [r2, #16]
 395:Drivers/STM32F0xx_HAL_Driver/Src/stm32f0xx_hal_pwr.c **** }
 422              		.loc 1 395 1 is_stmt 0 view .LVU76
 423              		@ sp needed
 424 000a 7047     		bx	lr
 425              	.L33:
 426              		.align	2
 427              	.L32:
 428 000c 00ED00E0 		.word	-536810240
 429              		.cfi_endproc
 430              	.LFE48:
 432              		.section	.text.HAL_PWR_DisableSleepOnExit,"ax",%progbits
 433              		.align	1
 434              		.global	HAL_PWR_DisableSleepOnExit
 435              		.syntax unified
 436              		.code	16
 437              		.thumb_func
 439              	HAL_PWR_DisableSleepOnExit:
 440              	.LFB49:
 396:Drivers/STM32F0xx_HAL_Driver/Src/stm32f0xx_hal_pwr.c **** 
 397:Drivers/STM32F0xx_HAL_Driver/Src/stm32f0xx_hal_pwr.c **** 
 398:Drivers/STM32F0xx_HAL_Driver/Src/stm32f0xx_hal_pwr.c **** /**
 399:Drivers/STM32F0xx_HAL_Driver/Src/stm32f0xx_hal_pwr.c ****   * @brief Disables Sleep-On-Exit feature when returning from Handler mode to Thread mode. 
 400:Drivers/STM32F0xx_HAL_Driver/Src/stm32f0xx_hal_pwr.c ****   * @note Clears SLEEPONEXIT bit of SCR register. When this bit is set, the processor 
 401:Drivers/STM32F0xx_HAL_Driver/Src/stm32f0xx_hal_pwr.c ****   *       re-enters SLEEP mode when an interruption handling is over.          
 402:Drivers/STM32F0xx_HAL_Driver/Src/stm32f0xx_hal_pwr.c ****   * @retval None
 403:Drivers/STM32F0xx_HAL_Driver/Src/stm32f0xx_hal_pwr.c ****   */
 404:Drivers/STM32F0xx_HAL_Driver/Src/stm32f0xx_hal_pwr.c **** void HAL_PWR_DisableSleepOnExit(void)
 405:Drivers/STM32F0xx_HAL_Driver/Src/stm32f0xx_hal_pwr.c **** {
 441              		.loc 1 405 1 is_stmt 1 view -0
 442              		.cfi_startproc
 443              		@ args = 0, pretend = 0, frame = 0
 444              		@ frame_needed = 0, uses_anonymous_args = 0
 445              		@ link register save eliminated.
 406:Drivers/STM32F0xx_HAL_Driver/Src/stm32f0xx_hal_pwr.c ****   /* Clear SLEEPONEXIT bit of Cortex System Control Register */
 407:Drivers/STM32F0xx_HAL_Driver/Src/stm32f0xx_hal_pwr.c ****   CLEAR_BIT(SCB->SCR, ((uint32_t)SCB_SCR_SLEEPONEXIT_Msk));
 446              		.loc 1 407 3 view .LVU78
 447 0000 024A     		ldr	r2, .L35
 448 0002 1369     		ldr	r3, [r2, #16]
 449 0004 0221     		movs	r1, #2
 450 0006 8B43     		bics	r3, r1
 451 0008 1361     		str	r3, [r2, #16]
 408:Drivers/STM32F0xx_HAL_Driver/Src/stm32f0xx_hal_pwr.c **** }
 452              		.loc 1 408 1 is_stmt 0 view .LVU79
 453              		@ sp needed
 454 000a 7047     		bx	lr
 455              	.L36:
 456              		.align	2
 457              	.L35:
 458 000c 00ED00E0 		.word	-536810240
 459              		.cfi_endproc
 460              	.LFE49:
 462              		.section	.text.HAL_PWR_EnableSEVOnPend,"ax",%progbits
 463              		.align	1
 464              		.global	HAL_PWR_EnableSEVOnPend
 465              		.syntax unified
ARM GAS  /var/folders/kr/g9ry2bg56g773797gdtkvvkw0000gn/T//cc4Bv7VE.s 			page 16


 466              		.code	16
 467              		.thumb_func
 469              	HAL_PWR_EnableSEVOnPend:
 470              	.LFB50:
 409:Drivers/STM32F0xx_HAL_Driver/Src/stm32f0xx_hal_pwr.c **** 
 410:Drivers/STM32F0xx_HAL_Driver/Src/stm32f0xx_hal_pwr.c **** 
 411:Drivers/STM32F0xx_HAL_Driver/Src/stm32f0xx_hal_pwr.c **** 
 412:Drivers/STM32F0xx_HAL_Driver/Src/stm32f0xx_hal_pwr.c **** /**
 413:Drivers/STM32F0xx_HAL_Driver/Src/stm32f0xx_hal_pwr.c ****   * @brief Enables CORTEX M4 SEVONPEND bit. 
 414:Drivers/STM32F0xx_HAL_Driver/Src/stm32f0xx_hal_pwr.c ****   * @note Sets SEVONPEND bit of SCR register. When this bit is set, this causes 
 415:Drivers/STM32F0xx_HAL_Driver/Src/stm32f0xx_hal_pwr.c ****   *       WFE to wake up when an interrupt moves from inactive to pended.
 416:Drivers/STM32F0xx_HAL_Driver/Src/stm32f0xx_hal_pwr.c ****   * @retval None
 417:Drivers/STM32F0xx_HAL_Driver/Src/stm32f0xx_hal_pwr.c ****   */
 418:Drivers/STM32F0xx_HAL_Driver/Src/stm32f0xx_hal_pwr.c **** void HAL_PWR_EnableSEVOnPend(void)
 419:Drivers/STM32F0xx_HAL_Driver/Src/stm32f0xx_hal_pwr.c **** {
 471              		.loc 1 419 1 is_stmt 1 view -0
 472              		.cfi_startproc
 473              		@ args = 0, pretend = 0, frame = 0
 474              		@ frame_needed = 0, uses_anonymous_args = 0
 475              		@ link register save eliminated.
 420:Drivers/STM32F0xx_HAL_Driver/Src/stm32f0xx_hal_pwr.c ****   /* Set SEVONPEND bit of Cortex System Control Register */
 421:Drivers/STM32F0xx_HAL_Driver/Src/stm32f0xx_hal_pwr.c ****   SET_BIT(SCB->SCR, ((uint32_t)SCB_SCR_SEVONPEND_Msk));
 476              		.loc 1 421 3 view .LVU81
 477 0000 024A     		ldr	r2, .L38
 478 0002 1369     		ldr	r3, [r2, #16]
 479 0004 1021     		movs	r1, #16
 480 0006 0B43     		orrs	r3, r1
 481 0008 1361     		str	r3, [r2, #16]
 422:Drivers/STM32F0xx_HAL_Driver/Src/stm32f0xx_hal_pwr.c **** }
 482              		.loc 1 422 1 is_stmt 0 view .LVU82
 483              		@ sp needed
 484 000a 7047     		bx	lr
 485              	.L39:
 486              		.align	2
 487              	.L38:
 488 000c 00ED00E0 		.word	-536810240
 489              		.cfi_endproc
 490              	.LFE50:
 492              		.section	.text.HAL_PWR_DisableSEVOnPend,"ax",%progbits
 493              		.align	1
 494              		.global	HAL_PWR_DisableSEVOnPend
 495              		.syntax unified
 496              		.code	16
 497              		.thumb_func
 499              	HAL_PWR_DisableSEVOnPend:
 500              	.LFB51:
 423:Drivers/STM32F0xx_HAL_Driver/Src/stm32f0xx_hal_pwr.c **** 
 424:Drivers/STM32F0xx_HAL_Driver/Src/stm32f0xx_hal_pwr.c **** 
 425:Drivers/STM32F0xx_HAL_Driver/Src/stm32f0xx_hal_pwr.c **** /**
 426:Drivers/STM32F0xx_HAL_Driver/Src/stm32f0xx_hal_pwr.c ****   * @brief Disables CORTEX M4 SEVONPEND bit. 
 427:Drivers/STM32F0xx_HAL_Driver/Src/stm32f0xx_hal_pwr.c ****   * @note Clears SEVONPEND bit of SCR register. When this bit is set, this causes 
 428:Drivers/STM32F0xx_HAL_Driver/Src/stm32f0xx_hal_pwr.c ****   *       WFE to wake up when an interrupt moves from inactive to pended.         
 429:Drivers/STM32F0xx_HAL_Driver/Src/stm32f0xx_hal_pwr.c ****   * @retval None
 430:Drivers/STM32F0xx_HAL_Driver/Src/stm32f0xx_hal_pwr.c ****   */
 431:Drivers/STM32F0xx_HAL_Driver/Src/stm32f0xx_hal_pwr.c **** void HAL_PWR_DisableSEVOnPend(void)
 432:Drivers/STM32F0xx_HAL_Driver/Src/stm32f0xx_hal_pwr.c **** {
 501              		.loc 1 432 1 is_stmt 1 view -0
ARM GAS  /var/folders/kr/g9ry2bg56g773797gdtkvvkw0000gn/T//cc4Bv7VE.s 			page 17


 502              		.cfi_startproc
 503              		@ args = 0, pretend = 0, frame = 0
 504              		@ frame_needed = 0, uses_anonymous_args = 0
 505              		@ link register save eliminated.
 433:Drivers/STM32F0xx_HAL_Driver/Src/stm32f0xx_hal_pwr.c ****   /* Clear SEVONPEND bit of Cortex System Control Register */
 434:Drivers/STM32F0xx_HAL_Driver/Src/stm32f0xx_hal_pwr.c ****   CLEAR_BIT(SCB->SCR, ((uint32_t)SCB_SCR_SEVONPEND_Msk));
 506              		.loc 1 434 3 view .LVU84
 507 0000 024A     		ldr	r2, .L41
 508 0002 1369     		ldr	r3, [r2, #16]
 509 0004 1021     		movs	r1, #16
 510 0006 8B43     		bics	r3, r1
 511 0008 1361     		str	r3, [r2, #16]
 435:Drivers/STM32F0xx_HAL_Driver/Src/stm32f0xx_hal_pwr.c **** }
 512              		.loc 1 435 1 is_stmt 0 view .LVU85
 513              		@ sp needed
 514 000a 7047     		bx	lr
 515              	.L42:
 516              		.align	2
 517              	.L41:
 518 000c 00ED00E0 		.word	-536810240
 519              		.cfi_endproc
 520              	.LFE51:
 522              		.text
 523              	.Letext0:
 524              		.file 2 "/Applications/ArmGNUToolchain/13.2.Rel1/arm-none-eabi/arm-none-eabi/include/machine/_defa
 525              		.file 3 "/Applications/ArmGNUToolchain/13.2.Rel1/arm-none-eabi/arm-none-eabi/include/sys/_stdint.h
 526              		.file 4 "Drivers/CMSIS/Include/core_cm0.h"
 527              		.file 5 "Drivers/CMSIS/Device/ST/STM32F0xx/Include/stm32f072xb.h"
ARM GAS  /var/folders/kr/g9ry2bg56g773797gdtkvvkw0000gn/T//cc4Bv7VE.s 			page 18


DEFINED SYMBOLS
                            *ABS*:00000000 stm32f0xx_hal_pwr.c
/var/folders/kr/g9ry2bg56g773797gdtkvvkw0000gn/T//cc4Bv7VE.s:19     .text.HAL_PWR_DeInit:00000000 $t
/var/folders/kr/g9ry2bg56g773797gdtkvvkw0000gn/T//cc4Bv7VE.s:25     .text.HAL_PWR_DeInit:00000000 HAL_PWR_DeInit
/var/folders/kr/g9ry2bg56g773797gdtkvvkw0000gn/T//cc4Bv7VE.s:50     .text.HAL_PWR_DeInit:00000018 $d
/var/folders/kr/g9ry2bg56g773797gdtkvvkw0000gn/T//cc4Bv7VE.s:56     .text.HAL_PWR_EnableBkUpAccess:00000000 $t
/var/folders/kr/g9ry2bg56g773797gdtkvvkw0000gn/T//cc4Bv7VE.s:62     .text.HAL_PWR_EnableBkUpAccess:00000000 HAL_PWR_EnableBkUpAccess
/var/folders/kr/g9ry2bg56g773797gdtkvvkw0000gn/T//cc4Bv7VE.s:84     .text.HAL_PWR_EnableBkUpAccess:00000010 $d
/var/folders/kr/g9ry2bg56g773797gdtkvvkw0000gn/T//cc4Bv7VE.s:89     .text.HAL_PWR_DisableBkUpAccess:00000000 $t
/var/folders/kr/g9ry2bg56g773797gdtkvvkw0000gn/T//cc4Bv7VE.s:95     .text.HAL_PWR_DisableBkUpAccess:00000000 HAL_PWR_DisableBkUpAccess
/var/folders/kr/g9ry2bg56g773797gdtkvvkw0000gn/T//cc4Bv7VE.s:116    .text.HAL_PWR_DisableBkUpAccess:0000000c $d
/var/folders/kr/g9ry2bg56g773797gdtkvvkw0000gn/T//cc4Bv7VE.s:122    .text.HAL_PWR_EnableWakeUpPin:00000000 $t
/var/folders/kr/g9ry2bg56g773797gdtkvvkw0000gn/T//cc4Bv7VE.s:128    .text.HAL_PWR_EnableWakeUpPin:00000000 HAL_PWR_EnableWakeUpPin
/var/folders/kr/g9ry2bg56g773797gdtkvvkw0000gn/T//cc4Bv7VE.s:148    .text.HAL_PWR_EnableWakeUpPin:0000000c $d
/var/folders/kr/g9ry2bg56g773797gdtkvvkw0000gn/T//cc4Bv7VE.s:153    .text.HAL_PWR_DisableWakeUpPin:00000000 $t
/var/folders/kr/g9ry2bg56g773797gdtkvvkw0000gn/T//cc4Bv7VE.s:159    .text.HAL_PWR_DisableWakeUpPin:00000000 HAL_PWR_DisableWakeUpPin
/var/folders/kr/g9ry2bg56g773797gdtkvvkw0000gn/T//cc4Bv7VE.s:179    .text.HAL_PWR_DisableWakeUpPin:0000000c $d
/var/folders/kr/g9ry2bg56g773797gdtkvvkw0000gn/T//cc4Bv7VE.s:184    .text.HAL_PWR_EnterSLEEPMode:00000000 $t
/var/folders/kr/g9ry2bg56g773797gdtkvvkw0000gn/T//cc4Bv7VE.s:190    .text.HAL_PWR_EnterSLEEPMode:00000000 HAL_PWR_EnterSLEEPMode
/var/folders/kr/g9ry2bg56g773797gdtkvvkw0000gn/T//cc4Bv7VE.s:245    .text.HAL_PWR_EnterSLEEPMode:0000001c $d
/var/folders/kr/g9ry2bg56g773797gdtkvvkw0000gn/T//cc4Bv7VE.s:250    .text.HAL_PWR_EnterSTOPMode:00000000 $t
/var/folders/kr/g9ry2bg56g773797gdtkvvkw0000gn/T//cc4Bv7VE.s:256    .text.HAL_PWR_EnterSTOPMode:00000000 HAL_PWR_EnterSTOPMode
/var/folders/kr/g9ry2bg56g773797gdtkvvkw0000gn/T//cc4Bv7VE.s:349    .text.HAL_PWR_EnterSTOPMode:00000034 $d
/var/folders/kr/g9ry2bg56g773797gdtkvvkw0000gn/T//cc4Bv7VE.s:355    .text.HAL_PWR_EnterSTANDBYMode:00000000 $t
/var/folders/kr/g9ry2bg56g773797gdtkvvkw0000gn/T//cc4Bv7VE.s:361    .text.HAL_PWR_EnterSTANDBYMode:00000000 HAL_PWR_EnterSTANDBYMode
/var/folders/kr/g9ry2bg56g773797gdtkvvkw0000gn/T//cc4Bv7VE.s:397    .text.HAL_PWR_EnterSTANDBYMode:00000018 $d
/var/folders/kr/g9ry2bg56g773797gdtkvvkw0000gn/T//cc4Bv7VE.s:403    .text.HAL_PWR_EnableSleepOnExit:00000000 $t
/var/folders/kr/g9ry2bg56g773797gdtkvvkw0000gn/T//cc4Bv7VE.s:409    .text.HAL_PWR_EnableSleepOnExit:00000000 HAL_PWR_EnableSleepOnExit
/var/folders/kr/g9ry2bg56g773797gdtkvvkw0000gn/T//cc4Bv7VE.s:428    .text.HAL_PWR_EnableSleepOnExit:0000000c $d
/var/folders/kr/g9ry2bg56g773797gdtkvvkw0000gn/T//cc4Bv7VE.s:433    .text.HAL_PWR_DisableSleepOnExit:00000000 $t
/var/folders/kr/g9ry2bg56g773797gdtkvvkw0000gn/T//cc4Bv7VE.s:439    .text.HAL_PWR_DisableSleepOnExit:00000000 HAL_PWR_DisableSleepOnExit
/var/folders/kr/g9ry2bg56g773797gdtkvvkw0000gn/T//cc4Bv7VE.s:458    .text.HAL_PWR_DisableSleepOnExit:0000000c $d
/var/folders/kr/g9ry2bg56g773797gdtkvvkw0000gn/T//cc4Bv7VE.s:463    .text.HAL_PWR_EnableSEVOnPend:00000000 $t
/var/folders/kr/g9ry2bg56g773797gdtkvvkw0000gn/T//cc4Bv7VE.s:469    .text.HAL_PWR_EnableSEVOnPend:00000000 HAL_PWR_EnableSEVOnPend
/var/folders/kr/g9ry2bg56g773797gdtkvvkw0000gn/T//cc4Bv7VE.s:488    .text.HAL_PWR_EnableSEVOnPend:0000000c $d
/var/folders/kr/g9ry2bg56g773797gdtkvvkw0000gn/T//cc4Bv7VE.s:493    .text.HAL_PWR_DisableSEVOnPend:00000000 $t
/var/folders/kr/g9ry2bg56g773797gdtkvvkw0000gn/T//cc4Bv7VE.s:499    .text.HAL_PWR_DisableSEVOnPend:00000000 HAL_PWR_DisableSEVOnPend
/var/folders/kr/g9ry2bg56g773797gdtkvvkw0000gn/T//cc4Bv7VE.s:518    .text.HAL_PWR_DisableSEVOnPend:0000000c $d

NO UNDEFINED SYMBOLS
