ARM GAS  /var/folders/kr/g9ry2bg56g773797gdtkvvkw0000gn/T//ccMCq3wb.s 			page 1


   1              		.cpu cortex-m0
   2              		.arch armv6s-m
   3              		.fpu softvfp
   4              		.eabi_attribute 20, 1
   5              		.eabi_attribute 21, 1
   6              		.eabi_attribute 23, 3
   7              		.eabi_attribute 24, 1
   8              		.eabi_attribute 25, 1
   9              		.eabi_attribute 26, 1
  10              		.eabi_attribute 30, 1
  11              		.eabi_attribute 34, 0
  12              		.eabi_attribute 18, 4
  13              		.file	"system_stm32f0xx.c"
  14              		.text
  15              	.Ltext0:
  16              		.cfi_sections	.debug_frame
  17              		.file 1 "Src/system_stm32f0xx.c"
  18              		.section	.text.SystemInit,"ax",%progbits
  19              		.align	1
  20              		.global	SystemInit
  21              		.syntax unified
  22              		.code	16
  23              		.thumb_func
  25              	SystemInit:
  26              	.LFB40:
   1:Src/system_stm32f0xx.c **** /**
   2:Src/system_stm32f0xx.c ****   ******************************************************************************
   3:Src/system_stm32f0xx.c ****   * @file    system_stm32f0xx.c
   4:Src/system_stm32f0xx.c ****   * @author  MCD Application Team
   5:Src/system_stm32f0xx.c ****   * @brief   CMSIS Cortex-M0 Device Peripheral Access Layer System Source File.
   6:Src/system_stm32f0xx.c ****   *
   7:Src/system_stm32f0xx.c ****   * 1. This file provides two functions and one global variable to be called from
   8:Src/system_stm32f0xx.c ****   *    user application:
   9:Src/system_stm32f0xx.c ****   *      - SystemInit(): This function is called at startup just after reset and 
  10:Src/system_stm32f0xx.c ****   *                      before branch to main program. This call is made inside
  11:Src/system_stm32f0xx.c ****   *                      the "startup_stm32f0xx.s" file.
  12:Src/system_stm32f0xx.c ****   *
  13:Src/system_stm32f0xx.c ****   *      - SystemCoreClock variable: Contains the core clock (HCLK), it can be used
  14:Src/system_stm32f0xx.c ****   *                                  by the user application to setup the SysTick
  15:Src/system_stm32f0xx.c ****   *                                  timer or configure other parameters.
  16:Src/system_stm32f0xx.c ****   *
  17:Src/system_stm32f0xx.c ****   *      - SystemCoreClockUpdate(): Updates the variable SystemCoreClock and must
  18:Src/system_stm32f0xx.c ****   *                                 be called whenever the core clock is changed
  19:Src/system_stm32f0xx.c ****   *                                 during program execution.
  20:Src/system_stm32f0xx.c ****   *
  21:Src/system_stm32f0xx.c ****   * 2. After each device reset the HSI (8 MHz) is used as system clock source.
  22:Src/system_stm32f0xx.c ****   *    Then SystemInit() function is called, in "startup_stm32f0xx.s" file, to
  23:Src/system_stm32f0xx.c ****   *    configure the system clock before to branch to main program.
  24:Src/system_stm32f0xx.c ****   *
  25:Src/system_stm32f0xx.c ****   * 3. This file configures the system clock as follows:
  26:Src/system_stm32f0xx.c ****   *=============================================================================
  27:Src/system_stm32f0xx.c ****   *                         Supported STM32F0xx device
  28:Src/system_stm32f0xx.c ****   *-----------------------------------------------------------------------------
  29:Src/system_stm32f0xx.c ****   *        System Clock source                    | HSI
  30:Src/system_stm32f0xx.c ****   *-----------------------------------------------------------------------------
  31:Src/system_stm32f0xx.c ****   *        SYSCLK(Hz)                             | 8000000
  32:Src/system_stm32f0xx.c ****   *-----------------------------------------------------------------------------
ARM GAS  /var/folders/kr/g9ry2bg56g773797gdtkvvkw0000gn/T//ccMCq3wb.s 			page 2


  33:Src/system_stm32f0xx.c ****   *        HCLK(Hz)                               | 8000000
  34:Src/system_stm32f0xx.c ****   *-----------------------------------------------------------------------------
  35:Src/system_stm32f0xx.c ****   *        AHB Prescaler                          | 1
  36:Src/system_stm32f0xx.c ****   *-----------------------------------------------------------------------------
  37:Src/system_stm32f0xx.c ****   *        APB1 Prescaler                         | 1
  38:Src/system_stm32f0xx.c ****   *-----------------------------------------------------------------------------
  39:Src/system_stm32f0xx.c ****   *=============================================================================
  40:Src/system_stm32f0xx.c ****   ******************************************************************************
  41:Src/system_stm32f0xx.c ****   * @attention
  42:Src/system_stm32f0xx.c ****   *
  43:Src/system_stm32f0xx.c ****   * <h2><center>&copy; Copyright (c) 2016 STMicroelectronics.
  44:Src/system_stm32f0xx.c ****   * All rights reserved.</center></h2>
  45:Src/system_stm32f0xx.c ****   *
  46:Src/system_stm32f0xx.c ****   * This software component is licensed by ST under BSD 3-Clause license,
  47:Src/system_stm32f0xx.c ****   * the "License"; You may not use this file except in compliance with the
  48:Src/system_stm32f0xx.c ****   * License. You may obtain a copy of the License at:
  49:Src/system_stm32f0xx.c ****   *                        opensource.org/licenses/BSD-3-Clause
  50:Src/system_stm32f0xx.c ****   *
  51:Src/system_stm32f0xx.c ****   ******************************************************************************
  52:Src/system_stm32f0xx.c ****   */
  53:Src/system_stm32f0xx.c **** 
  54:Src/system_stm32f0xx.c **** /** @addtogroup CMSIS
  55:Src/system_stm32f0xx.c ****   * @{
  56:Src/system_stm32f0xx.c ****   */
  57:Src/system_stm32f0xx.c **** 
  58:Src/system_stm32f0xx.c **** /** @addtogroup stm32f0xx_system
  59:Src/system_stm32f0xx.c ****   * @{
  60:Src/system_stm32f0xx.c ****   */
  61:Src/system_stm32f0xx.c **** 
  62:Src/system_stm32f0xx.c **** /** @addtogroup STM32F0xx_System_Private_Includes
  63:Src/system_stm32f0xx.c ****   * @{
  64:Src/system_stm32f0xx.c ****   */
  65:Src/system_stm32f0xx.c **** 
  66:Src/system_stm32f0xx.c **** #include "stm32f0xx.h"
  67:Src/system_stm32f0xx.c **** 
  68:Src/system_stm32f0xx.c **** /**
  69:Src/system_stm32f0xx.c ****   * @}
  70:Src/system_stm32f0xx.c ****   */
  71:Src/system_stm32f0xx.c **** 
  72:Src/system_stm32f0xx.c **** /** @addtogroup STM32F0xx_System_Private_TypesDefinitions
  73:Src/system_stm32f0xx.c ****   * @{
  74:Src/system_stm32f0xx.c ****   */
  75:Src/system_stm32f0xx.c **** 
  76:Src/system_stm32f0xx.c **** /**
  77:Src/system_stm32f0xx.c ****   * @}
  78:Src/system_stm32f0xx.c ****   */
  79:Src/system_stm32f0xx.c **** 
  80:Src/system_stm32f0xx.c **** /** @addtogroup STM32F0xx_System_Private_Defines
  81:Src/system_stm32f0xx.c ****   * @{
  82:Src/system_stm32f0xx.c ****   */
  83:Src/system_stm32f0xx.c **** #if !defined  (HSE_VALUE) 
  84:Src/system_stm32f0xx.c ****   #define HSE_VALUE    ((uint32_t)8000000) /*!< Default value of the External oscillator in Hz.
  85:Src/system_stm32f0xx.c ****                                                 This value can be provided and adapted by the user 
  86:Src/system_stm32f0xx.c **** #endif /* HSE_VALUE */
  87:Src/system_stm32f0xx.c **** 
  88:Src/system_stm32f0xx.c **** #if !defined  (HSI_VALUE)
  89:Src/system_stm32f0xx.c ****   #define HSI_VALUE    ((uint32_t)8000000) /*!< Default value of the Internal oscillator in Hz.
ARM GAS  /var/folders/kr/g9ry2bg56g773797gdtkvvkw0000gn/T//ccMCq3wb.s 			page 3


  90:Src/system_stm32f0xx.c ****                                                 This value can be provided and adapted by the user 
  91:Src/system_stm32f0xx.c **** #endif /* HSI_VALUE */
  92:Src/system_stm32f0xx.c **** 
  93:Src/system_stm32f0xx.c **** #if !defined (HSI48_VALUE)
  94:Src/system_stm32f0xx.c **** #define HSI48_VALUE    ((uint32_t)48000000) /*!< Default value of the HSI48 Internal oscillator in 
  95:Src/system_stm32f0xx.c ****                                                  This value can be provided and adapted by the user
  96:Src/system_stm32f0xx.c **** #endif /* HSI48_VALUE */
  97:Src/system_stm32f0xx.c **** /**
  98:Src/system_stm32f0xx.c ****   * @}
  99:Src/system_stm32f0xx.c ****   */
 100:Src/system_stm32f0xx.c **** 
 101:Src/system_stm32f0xx.c **** /** @addtogroup STM32F0xx_System_Private_Macros
 102:Src/system_stm32f0xx.c ****   * @{
 103:Src/system_stm32f0xx.c ****   */
 104:Src/system_stm32f0xx.c **** 
 105:Src/system_stm32f0xx.c **** /**
 106:Src/system_stm32f0xx.c ****   * @}
 107:Src/system_stm32f0xx.c ****   */
 108:Src/system_stm32f0xx.c **** 
 109:Src/system_stm32f0xx.c **** /** @addtogroup STM32F0xx_System_Private_Variables
 110:Src/system_stm32f0xx.c ****   * @{
 111:Src/system_stm32f0xx.c ****   */
 112:Src/system_stm32f0xx.c ****   /* This variable is updated in three ways:
 113:Src/system_stm32f0xx.c ****       1) by calling CMSIS function SystemCoreClockUpdate()
 114:Src/system_stm32f0xx.c ****       2) by calling HAL API function HAL_RCC_GetHCLKFreq()
 115:Src/system_stm32f0xx.c ****       3) each time HAL_RCC_ClockConfig() is called to configure the system clock frequency
 116:Src/system_stm32f0xx.c ****          Note: If you use this function to configure the system clock there is no need to
 117:Src/system_stm32f0xx.c ****                call the 2 first functions listed above, since SystemCoreClock variable is 
 118:Src/system_stm32f0xx.c ****                updated automatically.
 119:Src/system_stm32f0xx.c ****   */
 120:Src/system_stm32f0xx.c **** uint32_t SystemCoreClock = 8000000;
 121:Src/system_stm32f0xx.c **** 
 122:Src/system_stm32f0xx.c **** const uint8_t AHBPrescTable[16] = {0, 0, 0, 0, 0, 0, 0, 0, 1, 2, 3, 4, 6, 7, 8, 9};
 123:Src/system_stm32f0xx.c **** const uint8_t APBPrescTable[8]  = {0, 0, 0, 0, 1, 2, 3, 4};
 124:Src/system_stm32f0xx.c **** 
 125:Src/system_stm32f0xx.c **** /**
 126:Src/system_stm32f0xx.c ****   * @}
 127:Src/system_stm32f0xx.c ****   */
 128:Src/system_stm32f0xx.c **** 
 129:Src/system_stm32f0xx.c **** /** @addtogroup STM32F0xx_System_Private_FunctionPrototypes
 130:Src/system_stm32f0xx.c ****   * @{
 131:Src/system_stm32f0xx.c ****   */
 132:Src/system_stm32f0xx.c **** 
 133:Src/system_stm32f0xx.c **** /**
 134:Src/system_stm32f0xx.c ****   * @}
 135:Src/system_stm32f0xx.c ****   */
 136:Src/system_stm32f0xx.c **** 
 137:Src/system_stm32f0xx.c **** /** @addtogroup STM32F0xx_System_Private_Functions
 138:Src/system_stm32f0xx.c ****   * @{
 139:Src/system_stm32f0xx.c ****   */
 140:Src/system_stm32f0xx.c **** 
 141:Src/system_stm32f0xx.c **** /**
 142:Src/system_stm32f0xx.c ****   * @brief  Setup the microcontroller system.
 143:Src/system_stm32f0xx.c ****   * @param  None
 144:Src/system_stm32f0xx.c ****   * @retval None
 145:Src/system_stm32f0xx.c ****   */
 146:Src/system_stm32f0xx.c **** void SystemInit(void)
ARM GAS  /var/folders/kr/g9ry2bg56g773797gdtkvvkw0000gn/T//ccMCq3wb.s 			page 4


 147:Src/system_stm32f0xx.c **** {
  27              		.loc 1 147 1 view -0
  28              		.cfi_startproc
  29              		@ args = 0, pretend = 0, frame = 0
  30              		@ frame_needed = 0, uses_anonymous_args = 0
  31              		@ link register save eliminated.
 148:Src/system_stm32f0xx.c ****   /* NOTE :SystemInit(): This function is called at startup just after reset and 
 149:Src/system_stm32f0xx.c ****                          before branch to main program. This call is made inside
 150:Src/system_stm32f0xx.c ****                          the "startup_stm32f0xx.s" file.
 151:Src/system_stm32f0xx.c ****                          User can setups the default system clock (System clock source, PLL Multipl
 152:Src/system_stm32f0xx.c ****                          and Divider factors, AHB/APBx prescalers and Flash settings).
 153:Src/system_stm32f0xx.c ****    */
 154:Src/system_stm32f0xx.c **** }
  32              		.loc 1 154 1 view .LVU1
  33              		@ sp needed
  34 0000 7047     		bx	lr
  35              		.cfi_endproc
  36              	.LFE40:
  38              		.global	__aeabi_uidiv
  39              		.section	.text.SystemCoreClockUpdate,"ax",%progbits
  40              		.align	1
  41              		.global	SystemCoreClockUpdate
  42              		.syntax unified
  43              		.code	16
  44              		.thumb_func
  46              	SystemCoreClockUpdate:
  47              	.LFB41:
 155:Src/system_stm32f0xx.c **** 
 156:Src/system_stm32f0xx.c **** /**
 157:Src/system_stm32f0xx.c ****    * @brief  Update SystemCoreClock variable according to Clock Register Values.
 158:Src/system_stm32f0xx.c ****   *         The SystemCoreClock variable contains the core clock (HCLK), it can
 159:Src/system_stm32f0xx.c ****   *         be used by the user application to setup the SysTick timer or configure
 160:Src/system_stm32f0xx.c ****   *         other parameters.
 161:Src/system_stm32f0xx.c ****   *
 162:Src/system_stm32f0xx.c ****   * @note   Each time the core clock (HCLK) changes, this function must be called
 163:Src/system_stm32f0xx.c ****   *         to update SystemCoreClock variable value. Otherwise, any configuration
 164:Src/system_stm32f0xx.c ****   *         based on this variable will be incorrect.
 165:Src/system_stm32f0xx.c ****   *
 166:Src/system_stm32f0xx.c ****   * @note   - The system frequency computed by this function is not the real
 167:Src/system_stm32f0xx.c ****   *           frequency in the chip. It is calculated based on the predefined
 168:Src/system_stm32f0xx.c ****   *           constant and the selected clock source:
 169:Src/system_stm32f0xx.c ****   *
 170:Src/system_stm32f0xx.c ****   *           - If SYSCLK source is HSI, SystemCoreClock will contain the HSI_VALUE(*)
 171:Src/system_stm32f0xx.c ****   *
 172:Src/system_stm32f0xx.c ****   *           - If SYSCLK source is HSE, SystemCoreClock will contain the HSE_VALUE(**)
 173:Src/system_stm32f0xx.c ****   *
 174:Src/system_stm32f0xx.c ****   *           - If SYSCLK source is PLL, SystemCoreClock will contain the HSE_VALUE(**)
 175:Src/system_stm32f0xx.c ****   *             or HSI_VALUE(*) multiplied/divided by the PLL factors.
 176:Src/system_stm32f0xx.c ****   *
 177:Src/system_stm32f0xx.c ****   *         (*) HSI_VALUE is a constant defined in stm32f0xx_hal.h file (default value
 178:Src/system_stm32f0xx.c ****   *             8 MHz) but the real value may vary depending on the variations
 179:Src/system_stm32f0xx.c ****   *             in voltage and temperature.
 180:Src/system_stm32f0xx.c ****   *
 181:Src/system_stm32f0xx.c ****   *         (**) HSE_VALUE is a constant defined in stm32f0xx_hal.h file (default value
 182:Src/system_stm32f0xx.c ****   *              8 MHz), user has to ensure that HSE_VALUE is same as the real
 183:Src/system_stm32f0xx.c ****   *              frequency of the crystal used. Otherwise, this function may
 184:Src/system_stm32f0xx.c ****   *              have wrong result.
ARM GAS  /var/folders/kr/g9ry2bg56g773797gdtkvvkw0000gn/T//ccMCq3wb.s 			page 5


 185:Src/system_stm32f0xx.c ****   *
 186:Src/system_stm32f0xx.c ****   *         - The result of this function could be not correct when using fractional
 187:Src/system_stm32f0xx.c ****   *           value for HSE crystal.
 188:Src/system_stm32f0xx.c ****   *
 189:Src/system_stm32f0xx.c ****   * @param  None
 190:Src/system_stm32f0xx.c ****   * @retval None
 191:Src/system_stm32f0xx.c ****   */
 192:Src/system_stm32f0xx.c **** void SystemCoreClockUpdate (void)
 193:Src/system_stm32f0xx.c **** {
  48              		.loc 1 193 1 view -0
  49              		.cfi_startproc
  50              		@ args = 0, pretend = 0, frame = 0
  51              		@ frame_needed = 0, uses_anonymous_args = 0
  52 0000 10B5     		push	{r4, lr}
  53              	.LCFI0:
  54              		.cfi_def_cfa_offset 8
  55              		.cfi_offset 4, -8
  56              		.cfi_offset 14, -4
 194:Src/system_stm32f0xx.c ****   uint32_t tmp = 0, pllmull = 0, pllsource = 0, predivfactor = 0;
  57              		.loc 1 194 3 view .LVU3
  58              	.LVL0:
 195:Src/system_stm32f0xx.c **** 
 196:Src/system_stm32f0xx.c ****   /* Get SYSCLK source -------------------------------------------------------*/
 197:Src/system_stm32f0xx.c ****   tmp = RCC->CFGR & RCC_CFGR_SWS;
  59              		.loc 1 197 3 view .LVU4
  60              		.loc 1 197 12 is_stmt 0 view .LVU5
  61 0002 254B     		ldr	r3, .L11
  62 0004 5A68     		ldr	r2, [r3, #4]
  63              		.loc 1 197 7 view .LVU6
  64 0006 0C23     		movs	r3, #12
  65 0008 1340     		ands	r3, r2
  66              	.LVL1:
 198:Src/system_stm32f0xx.c **** 
 199:Src/system_stm32f0xx.c ****   switch (tmp)
  67              		.loc 1 199 3 is_stmt 1 view .LVU7
  68 000a 042B     		cmp	r3, #4
  69 000c 12D0     		beq	.L3
  70 000e 082B     		cmp	r3, #8
  71 0010 14D0     		beq	.L4
  72 0012 002B     		cmp	r3, #0
  73 0014 3CD1     		bne	.L5
 200:Src/system_stm32f0xx.c ****   {
 201:Src/system_stm32f0xx.c ****     case RCC_CFGR_SWS_HSI:  /* HSI used as system clock */
 202:Src/system_stm32f0xx.c ****       SystemCoreClock = HSI_VALUE;
  74              		.loc 1 202 7 view .LVU8
  75              		.loc 1 202 23 is_stmt 0 view .LVU9
  76 0016 214B     		ldr	r3, .L11+4
  77              	.LVL2:
  78              		.loc 1 202 23 view .LVU10
  79 0018 214A     		ldr	r2, .L11+8
  80              	.LVL3:
  81              		.loc 1 202 23 view .LVU11
  82 001a 1A60     		str	r2, [r3]
 203:Src/system_stm32f0xx.c ****       break;
  83              		.loc 1 203 7 is_stmt 1 view .LVU12
  84              	.LVL4:
  85              	.L6:
ARM GAS  /var/folders/kr/g9ry2bg56g773797gdtkvvkw0000gn/T//ccMCq3wb.s 			page 6


 204:Src/system_stm32f0xx.c ****     case RCC_CFGR_SWS_HSE:  /* HSE used as system clock */
 205:Src/system_stm32f0xx.c ****       SystemCoreClock = HSE_VALUE;
 206:Src/system_stm32f0xx.c ****       break;
 207:Src/system_stm32f0xx.c ****     case RCC_CFGR_SWS_PLL:  /* PLL used as system clock */
 208:Src/system_stm32f0xx.c ****       /* Get PLL clock source and multiplication factor ----------------------*/
 209:Src/system_stm32f0xx.c ****       pllmull = RCC->CFGR & RCC_CFGR_PLLMUL;
 210:Src/system_stm32f0xx.c ****       pllsource = RCC->CFGR & RCC_CFGR_PLLSRC;
 211:Src/system_stm32f0xx.c ****       pllmull = ( pllmull >> 18) + 2;
 212:Src/system_stm32f0xx.c ****       predivfactor = (RCC->CFGR2 & RCC_CFGR2_PREDIV) + 1;
 213:Src/system_stm32f0xx.c **** 
 214:Src/system_stm32f0xx.c ****       if (pllsource == RCC_CFGR_PLLSRC_HSE_PREDIV)
 215:Src/system_stm32f0xx.c ****       {
 216:Src/system_stm32f0xx.c ****         /* HSE used as PLL clock source : SystemCoreClock = HSE/PREDIV * PLLMUL */
 217:Src/system_stm32f0xx.c ****         SystemCoreClock = (HSE_VALUE/predivfactor) * pllmull;
 218:Src/system_stm32f0xx.c ****       }
 219:Src/system_stm32f0xx.c **** #if defined(STM32F042x6) || defined(STM32F048xx) || defined(STM32F072xB) || defined(STM32F078xx) ||
 220:Src/system_stm32f0xx.c ****       else if (pllsource == RCC_CFGR_PLLSRC_HSI48_PREDIV)
 221:Src/system_stm32f0xx.c ****       {
 222:Src/system_stm32f0xx.c ****         /* HSI48 used as PLL clock source : SystemCoreClock = HSI48/PREDIV * PLLMUL */
 223:Src/system_stm32f0xx.c ****         SystemCoreClock = (HSI48_VALUE/predivfactor) * pllmull;
 224:Src/system_stm32f0xx.c ****       }
 225:Src/system_stm32f0xx.c **** #endif /* STM32F042x6 || STM32F048xx || STM32F072xB || STM32F078xx || STM32F091xC || STM32F098xx */
 226:Src/system_stm32f0xx.c ****       else
 227:Src/system_stm32f0xx.c ****       {
 228:Src/system_stm32f0xx.c **** #if defined(STM32F042x6) || defined(STM32F048xx)  || defined(STM32F070x6) \
 229:Src/system_stm32f0xx.c ****  || defined(STM32F078xx) || defined(STM32F071xB)  || defined(STM32F072xB) \
 230:Src/system_stm32f0xx.c ****  || defined(STM32F070xB) || defined(STM32F091xC) || defined(STM32F098xx)  || defined(STM32F030xC)
 231:Src/system_stm32f0xx.c ****         /* HSI used as PLL clock source : SystemCoreClock = HSI/PREDIV * PLLMUL */
 232:Src/system_stm32f0xx.c ****         SystemCoreClock = (HSI_VALUE/predivfactor) * pllmull;
 233:Src/system_stm32f0xx.c **** #else
 234:Src/system_stm32f0xx.c ****         /* HSI used as PLL clock source : SystemCoreClock = HSI/2 * PLLMUL */
 235:Src/system_stm32f0xx.c ****         SystemCoreClock = (HSI_VALUE >> 1) * pllmull;
 236:Src/system_stm32f0xx.c **** #endif /* STM32F042x6 || STM32F048xx || STM32F070x6 || 
 237:Src/system_stm32f0xx.c ****           STM32F071xB || STM32F072xB || STM32F078xx || STM32F070xB ||
 238:Src/system_stm32f0xx.c ****           STM32F091xC || STM32F098xx || STM32F030xC */
 239:Src/system_stm32f0xx.c ****       }
 240:Src/system_stm32f0xx.c ****       break;
 241:Src/system_stm32f0xx.c ****     default: /* HSI used as system clock */
 242:Src/system_stm32f0xx.c ****       SystemCoreClock = HSI_VALUE;
 243:Src/system_stm32f0xx.c ****       break;
 244:Src/system_stm32f0xx.c ****   }
 245:Src/system_stm32f0xx.c ****   /* Compute HCLK clock frequency ----------------*/
 246:Src/system_stm32f0xx.c ****   /* Get HCLK prescaler */
 247:Src/system_stm32f0xx.c ****   tmp = AHBPrescTable[((RCC->CFGR & RCC_CFGR_HPRE) >> 4)];
  86              		.loc 1 247 3 view .LVU13
  87              		.loc 1 247 28 is_stmt 0 view .LVU14
  88 001c 1E4B     		ldr	r3, .L11
  89 001e 5A68     		ldr	r2, [r3, #4]
  90              		.loc 1 247 52 view .LVU15
  91 0020 1209     		lsrs	r2, r2, #4
  92 0022 0F23     		movs	r3, #15
  93 0024 1340     		ands	r3, r2
  94              		.loc 1 247 22 view .LVU16
  95 0026 1F4A     		ldr	r2, .L11+12
  96 0028 D15C     		ldrb	r1, [r2, r3]
  97              	.LVL5:
 248:Src/system_stm32f0xx.c ****   /* HCLK clock frequency */
ARM GAS  /var/folders/kr/g9ry2bg56g773797gdtkvvkw0000gn/T//ccMCq3wb.s 			page 7


 249:Src/system_stm32f0xx.c ****   SystemCoreClock >>= tmp;
  98              		.loc 1 249 3 is_stmt 1 view .LVU17
  99              		.loc 1 249 19 is_stmt 0 view .LVU18
 100 002a 1C4A     		ldr	r2, .L11+4
 101 002c 1368     		ldr	r3, [r2]
 102 002e CB40     		lsrs	r3, r3, r1
 103 0030 1360     		str	r3, [r2]
 250:Src/system_stm32f0xx.c **** }
 104              		.loc 1 250 1 view .LVU19
 105              		@ sp needed
 106 0032 10BD     		pop	{r4, pc}
 107              	.LVL6:
 108              	.L3:
 205:Src/system_stm32f0xx.c ****       break;
 109              		.loc 1 205 7 is_stmt 1 view .LVU20
 205:Src/system_stm32f0xx.c ****       break;
 110              		.loc 1 205 23 is_stmt 0 view .LVU21
 111 0034 194B     		ldr	r3, .L11+4
 112              	.LVL7:
 205:Src/system_stm32f0xx.c ****       break;
 113              		.loc 1 205 23 view .LVU22
 114 0036 1A4A     		ldr	r2, .L11+8
 115              	.LVL8:
 205:Src/system_stm32f0xx.c ****       break;
 116              		.loc 1 205 23 view .LVU23
 117 0038 1A60     		str	r2, [r3]
 206:Src/system_stm32f0xx.c ****     case RCC_CFGR_SWS_PLL:  /* PLL used as system clock */
 118              		.loc 1 206 7 is_stmt 1 view .LVU24
 119 003a EFE7     		b	.L6
 120              	.LVL9:
 121              	.L4:
 209:Src/system_stm32f0xx.c ****       pllsource = RCC->CFGR & RCC_CFGR_PLLSRC;
 122              		.loc 1 209 7 view .LVU25
 209:Src/system_stm32f0xx.c ****       pllsource = RCC->CFGR & RCC_CFGR_PLLSRC;
 123              		.loc 1 209 20 is_stmt 0 view .LVU26
 124 003c 164A     		ldr	r2, .L11
 125 003e 5068     		ldr	r0, [r2, #4]
 126              	.LVL10:
 210:Src/system_stm32f0xx.c ****       pllmull = ( pllmull >> 18) + 2;
 127              		.loc 1 210 7 is_stmt 1 view .LVU27
 210:Src/system_stm32f0xx.c ****       pllmull = ( pllmull >> 18) + 2;
 128              		.loc 1 210 22 is_stmt 0 view .LVU28
 129 0040 5368     		ldr	r3, [r2, #4]
 130              	.LVL11:
 210:Src/system_stm32f0xx.c ****       pllmull = ( pllmull >> 18) + 2;
 131              		.loc 1 210 17 view .LVU29
 132 0042 C021     		movs	r1, #192
 133 0044 4902     		lsls	r1, r1, #9
 134 0046 0B40     		ands	r3, r1
 135              	.LVL12:
 211:Src/system_stm32f0xx.c ****       predivfactor = (RCC->CFGR2 & RCC_CFGR2_PREDIV) + 1;
 136              		.loc 1 211 7 is_stmt 1 view .LVU30
 211:Src/system_stm32f0xx.c ****       predivfactor = (RCC->CFGR2 & RCC_CFGR2_PREDIV) + 1;
 137              		.loc 1 211 27 is_stmt 0 view .LVU31
 138 0048 800C     		lsrs	r0, r0, #18
 139              	.LVL13:
 211:Src/system_stm32f0xx.c ****       predivfactor = (RCC->CFGR2 & RCC_CFGR2_PREDIV) + 1;
ARM GAS  /var/folders/kr/g9ry2bg56g773797gdtkvvkw0000gn/T//ccMCq3wb.s 			page 8


 140              		.loc 1 211 27 view .LVU32
 141 004a 0F21     		movs	r1, #15
 142 004c 0840     		ands	r0, r1
 211:Src/system_stm32f0xx.c ****       predivfactor = (RCC->CFGR2 & RCC_CFGR2_PREDIV) + 1;
 143              		.loc 1 211 15 view .LVU33
 144 004e 841C     		adds	r4, r0, #2
 145              	.LVL14:
 212:Src/system_stm32f0xx.c **** 
 146              		.loc 1 212 7 is_stmt 1 view .LVU34
 212:Src/system_stm32f0xx.c **** 
 147              		.loc 1 212 26 is_stmt 0 view .LVU35
 148 0050 D26A     		ldr	r2, [r2, #44]
 212:Src/system_stm32f0xx.c **** 
 149              		.loc 1 212 34 view .LVU36
 150 0052 1140     		ands	r1, r2
 212:Src/system_stm32f0xx.c **** 
 151              		.loc 1 212 20 view .LVU37
 152 0054 0131     		adds	r1, r1, #1
 153              	.LVL15:
 214:Src/system_stm32f0xx.c ****       {
 154              		.loc 1 214 7 is_stmt 1 view .LVU38
 214:Src/system_stm32f0xx.c ****       {
 155              		.loc 1 214 10 is_stmt 0 view .LVU39
 156 0056 8022     		movs	r2, #128
 157 0058 5202     		lsls	r2, r2, #9
 158 005a 9342     		cmp	r3, r2
 159 005c 0AD0     		beq	.L9
 220:Src/system_stm32f0xx.c ****       {
 160              		.loc 1 220 12 is_stmt 1 view .LVU40
 220:Src/system_stm32f0xx.c ****       {
 161              		.loc 1 220 15 is_stmt 0 view .LVU41
 162 005e C022     		movs	r2, #192
 163 0060 5202     		lsls	r2, r2, #9
 164 0062 9342     		cmp	r3, r2
 165 0064 0DD0     		beq	.L10
 232:Src/system_stm32f0xx.c **** #else
 166              		.loc 1 232 9 is_stmt 1 view .LVU42
 232:Src/system_stm32f0xx.c **** #else
 167              		.loc 1 232 37 is_stmt 0 view .LVU43
 168 0066 0E48     		ldr	r0, .L11+8
 169 0068 FFF7FEFF 		bl	__aeabi_uidiv
 170              	.LVL16:
 232:Src/system_stm32f0xx.c **** #else
 171              		.loc 1 232 52 view .LVU44
 172 006c 6043     		muls	r0, r4
 232:Src/system_stm32f0xx.c **** #else
 173              		.loc 1 232 25 view .LVU45
 174 006e 0B4B     		ldr	r3, .L11+4
 175 0070 1860     		str	r0, [r3]
 176 0072 D3E7     		b	.L6
 177              	.LVL17:
 178              	.L9:
 217:Src/system_stm32f0xx.c ****       }
 179              		.loc 1 217 9 is_stmt 1 view .LVU46
 217:Src/system_stm32f0xx.c ****       }
 180              		.loc 1 217 37 is_stmt 0 view .LVU47
 181 0074 0A48     		ldr	r0, .L11+8
ARM GAS  /var/folders/kr/g9ry2bg56g773797gdtkvvkw0000gn/T//ccMCq3wb.s 			page 9


 182 0076 FFF7FEFF 		bl	__aeabi_uidiv
 183              	.LVL18:
 217:Src/system_stm32f0xx.c ****       }
 184              		.loc 1 217 52 view .LVU48
 185 007a 6043     		muls	r0, r4
 217:Src/system_stm32f0xx.c ****       }
 186              		.loc 1 217 25 view .LVU49
 187 007c 074B     		ldr	r3, .L11+4
 188 007e 1860     		str	r0, [r3]
 189 0080 CCE7     		b	.L6
 190              	.LVL19:
 191              	.L10:
 223:Src/system_stm32f0xx.c ****       }
 192              		.loc 1 223 9 is_stmt 1 view .LVU50
 223:Src/system_stm32f0xx.c ****       }
 193              		.loc 1 223 39 is_stmt 0 view .LVU51
 194 0082 0948     		ldr	r0, .L11+16
 195 0084 FFF7FEFF 		bl	__aeabi_uidiv
 196              	.LVL20:
 223:Src/system_stm32f0xx.c ****       }
 197              		.loc 1 223 54 view .LVU52
 198 0088 6043     		muls	r0, r4
 223:Src/system_stm32f0xx.c ****       }
 199              		.loc 1 223 25 view .LVU53
 200 008a 044B     		ldr	r3, .L11+4
 201 008c 1860     		str	r0, [r3]
 202 008e C5E7     		b	.L6
 203              	.LVL21:
 204              	.L5:
 242:Src/system_stm32f0xx.c ****       break;
 205              		.loc 1 242 7 is_stmt 1 view .LVU54
 242:Src/system_stm32f0xx.c ****       break;
 206              		.loc 1 242 23 is_stmt 0 view .LVU55
 207 0090 024B     		ldr	r3, .L11+4
 208              	.LVL22:
 242:Src/system_stm32f0xx.c ****       break;
 209              		.loc 1 242 23 view .LVU56
 210 0092 034A     		ldr	r2, .L11+8
 211              	.LVL23:
 242:Src/system_stm32f0xx.c ****       break;
 212              		.loc 1 242 23 view .LVU57
 213 0094 1A60     		str	r2, [r3]
 243:Src/system_stm32f0xx.c ****   }
 214              		.loc 1 243 7 is_stmt 1 view .LVU58
 215 0096 C1E7     		b	.L6
 216              	.L12:
 217              		.align	2
 218              	.L11:
 219 0098 00100240 		.word	1073876992
 220 009c 00000000 		.word	SystemCoreClock
 221 00a0 00127A00 		.word	8000000
 222 00a4 00000000 		.word	AHBPrescTable
 223 00a8 006CDC02 		.word	48000000
 224              		.cfi_endproc
 225              	.LFE41:
 227              		.global	APBPrescTable
 228              		.section	.rodata.APBPrescTable,"a"
ARM GAS  /var/folders/kr/g9ry2bg56g773797gdtkvvkw0000gn/T//ccMCq3wb.s 			page 10


 229              		.align	2
 232              	APBPrescTable:
 233 0000 00000000 		.ascii	"\000\000\000\000\001\002\003\004"
 233      01020304 
 234              		.global	AHBPrescTable
 235              		.section	.rodata.AHBPrescTable,"a"
 236              		.align	2
 239              	AHBPrescTable:
 240 0000 00000000 		.ascii	"\000\000\000\000\000\000\000\000\001\002\003\004\006"
 240      00000000 
 240      01020304 
 240      06
 241 000d 070809   		.ascii	"\007\010\011"
 242              		.global	SystemCoreClock
 243              		.section	.data.SystemCoreClock,"aw"
 244              		.align	2
 247              	SystemCoreClock:
 248 0000 00127A00 		.word	8000000
 249              		.text
 250              	.Letext0:
 251              		.file 2 "/Applications/ArmGNUToolchain/13.2.Rel1/arm-none-eabi/arm-none-eabi/include/machine/_defa
 252              		.file 3 "/Applications/ArmGNUToolchain/13.2.Rel1/arm-none-eabi/arm-none-eabi/include/sys/_stdint.h
 253              		.file 4 "Drivers/CMSIS/Device/ST/STM32F0xx/Include/system_stm32f0xx.h"
 254              		.file 5 "Drivers/CMSIS/Device/ST/STM32F0xx/Include/stm32f072xb.h"
ARM GAS  /var/folders/kr/g9ry2bg56g773797gdtkvvkw0000gn/T//ccMCq3wb.s 			page 11


DEFINED SYMBOLS
                            *ABS*:00000000 system_stm32f0xx.c
/var/folders/kr/g9ry2bg56g773797gdtkvvkw0000gn/T//ccMCq3wb.s:19     .text.SystemInit:00000000 $t
/var/folders/kr/g9ry2bg56g773797gdtkvvkw0000gn/T//ccMCq3wb.s:25     .text.SystemInit:00000000 SystemInit
/var/folders/kr/g9ry2bg56g773797gdtkvvkw0000gn/T//ccMCq3wb.s:40     .text.SystemCoreClockUpdate:00000000 $t
/var/folders/kr/g9ry2bg56g773797gdtkvvkw0000gn/T//ccMCq3wb.s:46     .text.SystemCoreClockUpdate:00000000 SystemCoreClockUpdate
/var/folders/kr/g9ry2bg56g773797gdtkvvkw0000gn/T//ccMCq3wb.s:219    .text.SystemCoreClockUpdate:00000098 $d
/var/folders/kr/g9ry2bg56g773797gdtkvvkw0000gn/T//ccMCq3wb.s:247    .data.SystemCoreClock:00000000 SystemCoreClock
/var/folders/kr/g9ry2bg56g773797gdtkvvkw0000gn/T//ccMCq3wb.s:239    .rodata.AHBPrescTable:00000000 AHBPrescTable
/var/folders/kr/g9ry2bg56g773797gdtkvvkw0000gn/T//ccMCq3wb.s:232    .rodata.APBPrescTable:00000000 APBPrescTable
/var/folders/kr/g9ry2bg56g773797gdtkvvkw0000gn/T//ccMCq3wb.s:229    .rodata.APBPrescTable:00000000 $d
/var/folders/kr/g9ry2bg56g773797gdtkvvkw0000gn/T//ccMCq3wb.s:236    .rodata.AHBPrescTable:00000000 $d
/var/folders/kr/g9ry2bg56g773797gdtkvvkw0000gn/T//ccMCq3wb.s:244    .data.SystemCoreClock:00000000 $d

UNDEFINED SYMBOLS
__aeabi_uidiv
